<?xml version="1.0" encoding="utf-8"?>
<CoverageSession xmlns:xsd="http://www.w3.org/2001/XMLSchema" xmlns:xsi="http://www.w3.org/2001/XMLSchema-instance">
  <Summary numSequencePoints="241" visitedSequencePoints="241" numBranchPoints="59" visitedBranchPoints="58" sequenceCoverage="100" branchCoverage="98.31" maxCyclomaticComplexity="3" minCyclomaticComplexity="1" visitedClasses="8" numClasses="8" visitedMethods="57" numMethods="57" />
  <Modules>
    <Module skippedDueTo="Filter" hash="D9-A4-43-79-FA-F4-2A-B0-31-3A-20-A1-03-C5-E0-42-94-AB-99-28">
      <ModulePath>C:\WINDOWS\Microsoft.Net\assembly\GAC_64\mscorlib\v4.0_4.0.0.0__b77a5c561934e089\mscorlib.dll</ModulePath>
      <ModuleTime>2018-02-09T03:35:01.1681381Z</ModuleTime>
      <ModuleName>mscorlib</ModuleName>
      <Classes />
    </Module>
    <Module skippedDueTo="Filter" hash="86-E9-3D-3D-7C-09-09-11-61-67-42-C6-1E-4B-75-FF-C4-1C-03-96">
      <ModulePath>C:\Users\Florian\Entwicklung\Xrm-Fluent-Query\packages\nunit.consolerunner\tools\nunit3-console.exe</ModulePath>
      <ModuleTime>2018-01-27T10:27:14Z</ModuleTime>
      <ModuleName>nunit3-console</ModuleName>
      <Classes />
    </Module>
    <Module skippedDueTo="Filter" hash="CB-7B-C7-A0-09-0F-BA-F4-8A-02-A9-E9-2A-7B-43-34-93-46-0F-58">
      <ModulePath>C:\WINDOWS\Microsoft.Net\assembly\GAC_MSIL\System\v4.0_4.0.0.0__b77a5c561934e089\System.dll</ModulePath>
      <ModuleTime>2017-09-29T13:43:06.7717063Z</ModuleTime>
      <ModuleName>System</ModuleName>
      <Classes />
    </Module>
    <Module skippedDueTo="Filter" hash="C1-08-CD-F2-59-9C-E6-0B-62-F9-09-43-74-9F-8D-57-9D-A9-93-31">
      <ModulePath>C:\Users\Florian\Entwicklung\Xrm-Fluent-Query\packages\nunit.consolerunner\tools\nunit.engine.api.dll</ModulePath>
      <ModuleTime>2018-01-27T10:27:14Z</ModuleTime>
      <ModuleName>nunit.engine.api</ModuleName>
      <Classes />
    </Module>
    <Module skippedDueTo="Filter" hash="95-2A-FF-98-B6-82-8F-7C-F0-AC-3D-56-5A-54-93-7D-3B-32-4F-7B">
      <ModulePath>C:\Users\Florian\Entwicklung\Xrm-Fluent-Query\packages\nunit.consolerunner\tools\nunit.engine.dll</ModulePath>
      <ModuleTime>2018-01-27T10:27:14Z</ModuleTime>
      <ModuleName>nunit.engine</ModuleName>
      <Classes />
    </Module>
    <Module skippedDueTo="Filter" hash="95-2A-FF-98-B6-82-8F-7C-F0-AC-3D-56-5A-54-93-7D-3B-32-4F-7B">
      <ModulePath>C:\Users\Florian\Entwicklung\Xrm-Fluent-Query\packages\nunit.consolerunner\tools\nunit.engine.dll</ModulePath>
      <ModuleTime>2018-01-27T10:27:14Z</ModuleTime>
      <ModuleName>nunit.engine</ModuleName>
      <Classes />
    </Module>
    <Module skippedDueTo="Filter" hash="58-2A-4C-0C-25-69-3C-E5-E8-8F-0E-35-DB-19-D0-78-0E-D1-10-FA">
      <ModulePath>C:\WINDOWS\Microsoft.Net\assembly\GAC_MSIL\System.Xml\v4.0_4.0.0.0__b77a5c561934e089\System.Xml.dll</ModulePath>
      <ModuleTime>2017-12-22T03:10:39.7166266Z</ModuleTime>
      <ModuleName>System.Xml</ModuleName>
      <Classes />
    </Module>
    <Module skippedDueTo="Filter" hash="DC-F8-A3-B5-3C-D2-A2-92-BD-DE-4F-B9-C1-C6-59-24-2B-D3-FE-39">
      <ModulePath>C:\WINDOWS\Microsoft.Net\assembly\GAC_64\System.Web\v4.0_4.0.0.0__b03f5f7f11d50a3a\System.Web.dll</ModulePath>
      <ModuleTime>2018-02-09T03:34:33.7286998Z</ModuleTime>
      <ModuleName>System.Web</ModuleName>
      <Classes />
    </Module>
    <Module skippedDueTo="Filter" hash="95-C2-7F-29-1B-5E-88-C5-62-B1-37-09-E1-F0-97-D4-51-18-8D-2E">
      <ModulePath>C:\WINDOWS\Microsoft.Net\assembly\GAC_MSIL\System.Runtime.Remoting\v4.0_4.0.0.0__b77a5c561934e089\System.Runtime.Remoting.dll</ModulePath>
      <ModuleTime>2017-09-29T13:43:06.6935754Z</ModuleTime>
      <ModuleName>System.Runtime.Remoting</ModuleName>
      <Classes />
    </Module>
    <Module skippedDueTo="Filter" hash="62-13-DF-BA-4D-76-38-3A-FE-E9-5E-D8-6C-07-CC-1D-A2-DE-73-52">
      <ModulePath>C:\WINDOWS\Microsoft.Net\assembly\GAC_MSIL\System.Configuration\v4.0_4.0.0.0__b03f5f7f11d50a3a\System.Configuration.dll</ModulePath>
      <ModuleTime>2017-09-29T13:43:06.6154445Z</ModuleTime>
      <ModuleName>System.Configuration</ModuleName>
      <Classes />
    </Module>
    <Module skippedDueTo="Filter" hash="8A-2E-8F-D6-9D-39-02-4A-2F-30-FC-06-42-F7-0F-A8-32-69-07-72">
      <ModulePath>C:\Users\Florian\Entwicklung\Xrm-Fluent-Query\packages\nunit.consolerunner\tools\Mono.Cecil.dll</ModulePath>
      <ModuleTime>2018-01-27T10:27:14Z</ModuleTime>
      <ModuleName>Mono.Cecil</ModuleName>
      <Classes />
    </Module>
    <Module skippedDueTo="Filter" hash="D9-A4-43-79-FA-F4-2A-B0-31-3A-20-A1-03-C5-E0-42-94-AB-99-28">
      <ModulePath>C:\WINDOWS\Microsoft.Net\assembly\GAC_64\mscorlib\v4.0_4.0.0.0__b77a5c561934e089\mscorlib.dll</ModulePath>
      <ModuleTime>2018-02-09T03:35:01.1681381Z</ModuleTime>
      <ModuleName>mscorlib</ModuleName>
      <Classes />
    </Module>
    <Module skippedDueTo="Filter" hash="23-B3-8E-36-35-0B-BD-20-43-E0-A1-0E-D9-F4-93-5D-15-17-91-15">
      <ModulePath>C:\Users\Florian\Entwicklung\Xrm-Fluent-Query\packages\nunit.consolerunner\tools\nunit-agent.exe</ModulePath>
      <ModuleTime>2018-01-27T10:27:14Z</ModuleTime>
      <ModuleName>nunit-agent</ModuleName>
      <Classes />
    </Module>
    <Module skippedDueTo="Filter" hash="C1-08-CD-F2-59-9C-E6-0B-62-F9-09-43-74-9F-8D-57-9D-A9-93-31">
      <ModulePath>C:\Users\Florian\Entwicklung\Xrm-Fluent-Query\packages\nunit.consolerunner\tools\nunit.engine.api.dll</ModulePath>
      <ModuleTime>2018-01-27T10:27:14Z</ModuleTime>
      <ModuleName>nunit.engine.api</ModuleName>
      <Classes />
    </Module>
    <Module skippedDueTo="Filter" hash="95-2A-FF-98-B6-82-8F-7C-F0-AC-3D-56-5A-54-93-7D-3B-32-4F-7B">
      <ModulePath>C:\Users\Florian\Entwicklung\Xrm-Fluent-Query\packages\nunit.consolerunner\tools\nunit.engine.dll</ModulePath>
      <ModuleTime>2018-01-27T10:27:14Z</ModuleTime>
      <ModuleName>nunit.engine</ModuleName>
      <Classes />
    </Module>
    <Module skippedDueTo="Filter" hash="CB-7B-C7-A0-09-0F-BA-F4-8A-02-A9-E9-2A-7B-43-34-93-46-0F-58">
      <ModulePath>C:\WINDOWS\Microsoft.Net\assembly\GAC_MSIL\System\v4.0_4.0.0.0__b77a5c561934e089\System.dll</ModulePath>
      <ModuleTime>2017-09-29T13:43:06.7717063Z</ModuleTime>
      <ModuleName>System</ModuleName>
      <Classes />
    </Module>
    <Module skippedDueTo="Filter" hash="58-2A-4C-0C-25-69-3C-E5-E8-8F-0E-35-DB-19-D0-78-0E-D1-10-FA">
      <ModulePath>C:\WINDOWS\Microsoft.Net\assembly\GAC_MSIL\System.Xml\v4.0_4.0.0.0__b77a5c561934e089\System.Xml.dll</ModulePath>
      <ModuleTime>2017-12-22T03:10:39.7166266Z</ModuleTime>
      <ModuleName>System.Xml</ModuleName>
      <Classes />
    </Module>
    <Module skippedDueTo="Filter" hash="DC-F8-A3-B5-3C-D2-A2-92-BD-DE-4F-B9-C1-C6-59-24-2B-D3-FE-39">
      <ModulePath>C:\WINDOWS\Microsoft.Net\assembly\GAC_64\System.Web\v4.0_4.0.0.0__b03f5f7f11d50a3a\System.Web.dll</ModulePath>
      <ModuleTime>2018-02-09T03:34:33.7286998Z</ModuleTime>
      <ModuleName>System.Web</ModuleName>
      <Classes />
    </Module>
    <Module skippedDueTo="Filter" hash="95-C2-7F-29-1B-5E-88-C5-62-B1-37-09-E1-F0-97-D4-51-18-8D-2E">
      <ModulePath>C:\WINDOWS\Microsoft.Net\assembly\GAC_MSIL\System.Runtime.Remoting\v4.0_4.0.0.0__b77a5c561934e089\System.Runtime.Remoting.dll</ModulePath>
      <ModuleTime>2017-09-29T13:43:06.6935754Z</ModuleTime>
      <ModuleName>System.Runtime.Remoting</ModuleName>
      <Classes />
    </Module>
    <Module skippedDueTo="Filter" hash="62-13-DF-BA-4D-76-38-3A-FE-E9-5E-D8-6C-07-CC-1D-A2-DE-73-52">
      <ModulePath>C:\WINDOWS\Microsoft.Net\assembly\GAC_MSIL\System.Configuration\v4.0_4.0.0.0__b03f5f7f11d50a3a\System.Configuration.dll</ModulePath>
      <ModuleTime>2017-09-29T13:43:06.6154445Z</ModuleTime>
      <ModuleName>System.Configuration</ModuleName>
      <Classes />
    </Module>
    <Module skippedDueTo="Filter" hash="8A-2E-8F-D6-9D-39-02-4A-2F-30-FC-06-42-F7-0F-A8-32-69-07-72">
      <ModulePath>C:\Users\Florian\Entwicklung\Xrm-Fluent-Query\packages\nunit.consolerunner\tools\Mono.Cecil.dll</ModulePath>
      <ModuleTime>2018-01-27T10:27:14Z</ModuleTime>
      <ModuleName>Mono.Cecil</ModuleName>
      <Classes />
    </Module>
    <Module skippedDueTo="Filter" hash="AF-00-89-8E-23-29-6C-3D-DA-76-42-D2-8F-D5-0D-78-C7-55-E7-F5">
      <ModulePath>C:\Users\Florian\Entwicklung\Xrm-Fluent-Query\test\nunit.framework.dll</ModulePath>
      <ModuleTime>2018-03-12T21:58:16Z</ModuleTime>
      <ModuleName>nunit.framework</ModuleName>
      <Classes />
    </Module>
    <Module skippedDueTo="Filter" hash="CB-7B-C7-A0-09-0F-BA-F4-8A-02-A9-E9-2A-7B-43-34-93-46-0F-58">
      <ModulePath>C:\WINDOWS\Microsoft.Net\assembly\GAC_MSIL\System\v4.0_4.0.0.0__b77a5c561934e089\System.dll</ModulePath>
      <ModuleTime>2017-09-29T13:43:06.7717063Z</ModuleTime>
      <ModuleName>System</ModuleName>
      <Classes />
    </Module>
    <Module skippedDueTo="Filter" hash="00-E4-8B-23-28-1E-7A-F6-0F-D2-F5-0F-0B-97-50-BC-55-63-B2-9D">
      <ModulePath>C:\WINDOWS\Microsoft.Net\assembly\GAC_MSIL\System.Core\v4.0_4.0.0.0__b77a5c561934e089\System.Core.dll</ModulePath>
      <ModuleTime>2018-02-02T03:36:02.9502864Z</ModuleTime>
      <ModuleName>System.Core</ModuleName>
      <Classes />
    </Module>
    <Module skippedDueTo="Filter" hash="DC-F8-A3-B5-3C-D2-A2-92-BD-DE-4F-B9-C1-C6-59-24-2B-D3-FE-39">
      <ModulePath>C:\WINDOWS\Microsoft.Net\assembly\GAC_64\System.Web\v4.0_4.0.0.0__b03f5f7f11d50a3a\System.Web.dll</ModulePath>
      <ModuleTime>2018-02-09T03:34:33.7286998Z</ModuleTime>
      <ModuleName>System.Web</ModuleName>
      <Classes />
    </Module>
    <Module skippedDueTo="Filter" hash="83-2F-2D-E7-C8-50-40-02-00-2A-48-A6-A1-7A-D9-6D-A4-88-99-03">
      <ModulePath>C:\Users\Florian\Entwicklung\Xrm-Fluent-Query\test\Xrm.Oss.FluentQuery.Tests.dll</ModulePath>
      <ModuleTime>2018-05-01T22:24:25.5868077Z</ModuleTime>
      <ModuleName>Xrm.Oss.FluentQuery.Tests</ModuleName>
      <Classes />
    </Module>
    <Module skippedDueTo="Filter" hash="9B-E3-D9-29-B0-95-86-9B-CB-E3-56-CE-B8-86-E3-8A-E9-45-C1-A2">
      <ModulePath>C:\Users\Florian\Entwicklung\Xrm-Fluent-Query\test\Microsoft.Xrm.Sdk.dll</ModulePath>
      <ModuleTime>2016-12-21T12:48:06Z</ModuleTime>
      <ModuleName>Microsoft.Xrm.Sdk</ModuleName>
      <Classes />
    </Module>
    <Module skippedDueTo="Filter" hash="64-7D-F9-97-16-BD-82-9C-0C-75-48-42-B0-A7-55-86-5B-63-44-3C">
      <ModulePath>C:\WINDOWS\Microsoft.Net\assembly\GAC_MSIL\System.Runtime.Serialization\v4.0_4.0.0.0__b77a5c561934e089\System.Runtime.Serialization.dll</ModulePath>
      <ModuleTime>2017-12-22T03:10:38.2010062Z</ModuleTime>
      <ModuleName>System.Runtime.Serialization</ModuleName>
      <Classes />
    </Module>
    <Module skippedDueTo="Filter" hash="58-2A-4C-0C-25-69-3C-E5-E8-8F-0E-35-DB-19-D0-78-0E-D1-10-FA">
      <ModulePath>C:\WINDOWS\Microsoft.Net\assembly\GAC_MSIL\System.Xml\v4.0_4.0.0.0__b77a5c561934e089\System.Xml.dll</ModulePath>
      <ModuleTime>2017-12-22T03:10:39.7166266Z</ModuleTime>
      <ModuleName>System.Xml</ModuleName>
      <Classes />
    </Module>
    <Module skippedDueTo="Filter" hash="9C-67-7D-5B-BE-2B-C0-BF-ED-BC-33-56-49-F1-E1-EA-03-48-14-DE">
      <ModulePath>C:\Users\Florian\Entwicklung\Xrm-Fluent-Query\test\FakeXrmEasy.dll</ModulePath>
      <ModuleTime>2017-03-30T17:34:04Z</ModuleTime>
      <ModuleName>FakeXrmEasy</ModuleName>
      <Classes />
    </Module>
    <Module skippedDueTo="Filter" hash="C3-8A-45-EC-19-F4-C2-05-EB-B5-D7-1B-21-3D-0B-B3-F3-B5-31-EA">
      <ModulePath>C:\WINDOWS\Microsoft.Net\assembly\GAC_MSIL\System.Activities\v4.0_4.0.0.0__31bf3856ad364e35\System.Activities.dll</ModulePath>
      <ModuleTime>2017-12-22T03:11:12.9067281Z</ModuleTime>
      <ModuleName>System.Activities</ModuleName>
      <Classes />
    </Module>
    <Module hash="7A-E8-A4-BE-0C-41-57-10-FD-AF-E4-FD-D2-16-F9-14-65-99-C4-69">
      <Summary numSequencePoints="241" visitedSequencePoints="241" numBranchPoints="59" visitedBranchPoints="58" sequenceCoverage="100" branchCoverage="98.31" maxCyclomaticComplexity="3" minCyclomaticComplexity="1" visitedClasses="8" numClasses="8" visitedMethods="57" numMethods="57" />
      <ModulePath>C:\Users\Florian\Entwicklung\Xrm-Fluent-Query\test\Xrm.Oss.FluentQuery.dll</ModulePath>
      <ModuleTime>2018-05-01T22:24:25.2192794Z</ModuleTime>
      <ModuleName>Xrm.Oss.FluentQuery</ModuleName>
      <Files>
        <File uid="1" fullPath="C:\Users\Florian\Entwicklung\Xrm-Fluent-Query\src\lib\Xrm.Oss.FluentQuery\FluentQuery.cs" />
      </Files>
      <Classes>
        <Class>
          <Summary numSequencePoints="0" visitedSequencePoints="0" numBranchPoints="0" visitedBranchPoints="0" sequenceCoverage="0" branchCoverage="0" maxCyclomaticComplexity="0" minCyclomaticComplexity="0" visitedClasses="0" numClasses="0" visitedMethods="0" numMethods="0" />
          <FullName>&lt;Module&gt;</FullName>
          <Methods />
        </Class>
        <Class>
          <Summary numSequencePoints="9" visitedSequencePoints="9" numBranchPoints="3" visitedBranchPoints="3" sequenceCoverage="100" branchCoverage="100" maxCyclomaticComplexity="1" minCyclomaticComplexity="1" visitedClasses="1" numClasses="1" visitedMethods="3" numMethods="3" />
          <FullName>Xrm.Oss.FluentQuery.IOrganizationServiceFluentQuery</FullName>
          <Methods>
            <Method visited="true" cyclomaticComplexity="1" nPathComplexity="0" sequenceCoverage="100" branchCoverage="100" isConstructor="false" isStatic="true" isGetter="false" isSetter="false">
              <Summary numSequencePoints="3" visitedSequencePoints="3" numBranchPoints="1" visitedBranchPoints="1" sequenceCoverage="100" branchCoverage="100" maxCyclomaticComplexity="1" minCyclomaticComplexity="1" visitedClasses="0" numClasses="0" visitedMethods="1" numMethods="1" />
              <MetadataToken>100663297</MetadataToken>
              <Name>Xrm.Oss.FluentQuery.IFluentQuery`1&lt;T&gt; Xrm.Oss.FluentQuery.IOrganizationServiceFluentQuery::Query(Microsoft.Xrm.Sdk.IOrganizationService)</Name>
              <FileRef uid="1" />
              <SequencePoints>
                <SequencePoint vc="1" uspid="1" ordinal="0" offset="0" sl="43" sc="9" el="43" ec="10" bec="0" bev="0" fileid="1" />
                <SequencePoint vc="1" uspid="2" ordinal="1" offset="1" sl="44" sc="13" el="44" ec="69" bec="0" bev="0" fileid="1" />
                <SequencePoint vc="1" uspid="3" ordinal="2" offset="25" sl="45" sc="9" el="45" ec="10" bec="0" bev="0" fileid="1" />
              </SequencePoints>
              <BranchPoints />
              <MethodPoint xsi:type="SequencePoint" vc="1" uspid="1" ordinal="0" offset="0" sl="43" sc="9" el="43" ec="10" bec="0" bev="0" fileid="1" />
            </Method>
            <Method visited="true" cyclomaticComplexity="1" nPathComplexity="0" sequenceCoverage="100" branchCoverage="100" isConstructor="false" isStatic="true" isGetter="false" isSetter="false">
              <Summary numSequencePoints="3" visitedSequencePoints="3" numBranchPoints="1" visitedBranchPoints="1" sequenceCoverage="100" branchCoverage="100" maxCyclomaticComplexity="1" minCyclomaticComplexity="1" visitedClasses="0" numClasses="0" visitedMethods="1" numMethods="1" />
              <MetadataToken>100663298</MetadataToken>
              <Name>Xrm.Oss.FluentQuery.IFluentQuery`1&lt;T&gt; Xrm.Oss.FluentQuery.IOrganizationServiceFluentQuery::Query(Microsoft.Xrm.Sdk.IOrganizationService,System.String)</Name>
              <FileRef uid="1" />
              <SequencePoints>
                <SequencePoint vc="1" uspid="4" ordinal="0" offset="0" sl="57" sc="9" el="57" ec="10" bec="0" bev="0" fileid="1" />
                <SequencePoint vc="1" uspid="5" ordinal="1" offset="1" sl="58" sc="13" el="58" ec="60" bec="0" bev="0" fileid="1" />
                <SequencePoint vc="1" uspid="6" ordinal="2" offset="11" sl="59" sc="9" el="59" ec="10" bec="0" bev="0" fileid="1" />
              </SequencePoints>
              <BranchPoints />
              <MethodPoint xsi:type="SequencePoint" vc="1" uspid="4" ordinal="0" offset="0" sl="57" sc="9" el="57" ec="10" bec="0" bev="0" fileid="1" />
            </Method>
            <Method visited="true" cyclomaticComplexity="1" nPathComplexity="0" sequenceCoverage="100" branchCoverage="100" isConstructor="false" isStatic="true" isGetter="false" isSetter="false">
              <Summary numSequencePoints="3" visitedSequencePoints="3" numBranchPoints="1" visitedBranchPoints="1" sequenceCoverage="100" branchCoverage="100" maxCyclomaticComplexity="1" minCyclomaticComplexity="1" visitedClasses="0" numClasses="0" visitedMethods="1" numMethods="1" />
              <MetadataToken>100663299</MetadataToken>
              <Name>Xrm.Oss.FluentQuery.IFluentQuery`1&lt;Microsoft.Xrm.Sdk.Entity&gt; Xrm.Oss.FluentQuery.IOrganizationServiceFluentQuery::Query(Microsoft.Xrm.Sdk.IOrganizationService,System.String)</Name>
              <FileRef uid="1" />
              <SequencePoints>
                <SequencePoint vc="23" uspid="7" ordinal="0" offset="0" sl="70" sc="9" el="70" ec="10" bec="0" bev="0" fileid="1" />
                <SequencePoint vc="23" uspid="8" ordinal="1" offset="1" sl="71" sc="13" el="71" ec="65" bec="0" bev="0" fileid="1" />
                <SequencePoint vc="23" uspid="9" ordinal="2" offset="11" sl="72" sc="9" el="72" ec="10" bec="0" bev="0" fileid="1" />
              </SequencePoints>
              <BranchPoints />
              <MethodPoint xsi:type="SequencePoint" vc="23" uspid="7" ordinal="0" offset="0" sl="70" sc="9" el="70" ec="10" bec="0" bev="0" fileid="1" />
            </Method>
          </Methods>
        </Class>
        <Class>
          <Summary numSequencePoints="79" visitedSequencePoints="79" numBranchPoints="16" visitedBranchPoints="15" sequenceCoverage="100" branchCoverage="93.75" maxCyclomaticComplexity="3" minCyclomaticComplexity="1" visitedClasses="1" numClasses="1" visitedMethods="14" numMethods="14" />
          <FullName>Xrm.Oss.FluentQuery.FluentQuery`1</FullName>
          <Methods>
            <Method visited="true" cyclomaticComplexity="1" nPathComplexity="0" sequenceCoverage="100" branchCoverage="100" isConstructor="false" isStatic="false" isGetter="true" isSetter="false">
              <Summary numSequencePoints="3" visitedSequencePoints="3" numBranchPoints="1" visitedBranchPoints="1" sequenceCoverage="100" branchCoverage="100" maxCyclomaticComplexity="1" minCyclomaticComplexity="1" visitedClasses="0" numClasses="0" visitedMethods="1" numMethods="1" />
              <MetadataToken>100663315</MetadataToken>
              <Name>Xrm.Oss.FluentQuery.IFluentQuerySetting`1&lt;T&gt; Xrm.Oss.FluentQuery.FluentQuery`1::get_With()</Name>
              <FileRef uid="1" />
              <SequencePoints>
                <SequencePoint vc="7" uspid="10" ordinal="0" offset="0" sl="212" sc="13" el="212" ec="14" bec="0" bev="0" fileid="1" />
                <SequencePoint vc="7" uspid="11" ordinal="1" offset="1" sl="213" sc="17" el="213" ec="29" bec="0" bev="0" fileid="1" />
                <SequencePoint vc="7" uspid="12" ordinal="2" offset="5" sl="214" sc="13" el="214" ec="14" bec="0" bev="0" fileid="1" />
              </SequencePoints>
              <BranchPoints />
              <MethodPoint xsi:type="SequencePoint" vc="7" uspid="10" ordinal="0" offset="0" sl="212" sc="13" el="212" ec="14" bec="0" bev="0" fileid="1" />
            </Method>
            <Method visited="true" cyclomaticComplexity="1" nPathComplexity="0" sequenceCoverage="100" branchCoverage="100" isConstructor="false" isStatic="false" isGetter="true" isSetter="false">
              <Summary numSequencePoints="3" visitedSequencePoints="3" numBranchPoints="1" visitedBranchPoints="1" sequenceCoverage="100" branchCoverage="100" maxCyclomaticComplexity="1" minCyclomaticComplexity="1" visitedClasses="0" numClasses="0" visitedMethods="1" numMethods="1" />
              <MetadataToken>100663326</MetadataToken>
              <Name>Microsoft.Xrm.Sdk.Query.QueryExpression Xrm.Oss.FluentQuery.FluentQuery`1::get_Expression()</Name>
              <FileRef uid="1" />
              <SequencePoints>
                <SequencePoint vc="22" uspid="13" ordinal="0" offset="0" sl="331" sc="13" el="331" ec="14" bec="0" bev="0" fileid="1" />
                <SequencePoint vc="22" uspid="14" ordinal="1" offset="1" sl="332" sc="17" el="332" ec="31" bec="0" bev="0" fileid="1" />
                <SequencePoint vc="22" uspid="15" ordinal="2" offset="10" sl="333" sc="13" el="333" ec="14" bec="0" bev="0" fileid="1" />
              </SequencePoints>
              <BranchPoints />
              <MethodPoint xsi:type="SequencePoint" vc="22" uspid="13" ordinal="0" offset="0" sl="331" sc="13" el="331" ec="14" bec="0" bev="0" fileid="1" />
            </Method>
            <Method visited="true" cyclomaticComplexity="1" nPathComplexity="0" sequenceCoverage="100" branchCoverage="100" isConstructor="true" isStatic="false" isGetter="false" isSetter="false">
              <Summary numSequencePoints="5" visitedSequencePoints="5" numBranchPoints="1" visitedBranchPoints="1" sequenceCoverage="100" branchCoverage="100" maxCyclomaticComplexity="1" minCyclomaticComplexity="1" visitedClasses="0" numClasses="0" visitedMethods="1" numMethods="1" />
              <MetadataToken>100663313</MetadataToken>
              <Name>System.Void Xrm.Oss.FluentQuery.FluentQuery`1::.ctor(System.String,Microsoft.Xrm.Sdk.IOrganizationService)</Name>
              <FileRef uid="1" />
              <SequencePoints>
                <SequencePoint vc="25" uspid="16" ordinal="0" offset="0" sl="191" sc="9" el="191" ec="76" bec="0" bev="0" fileid="1" />
                <SequencePoint vc="25" uspid="17" ordinal="1" offset="7" sl="192" sc="9" el="192" ec="10" bec="0" bev="0" fileid="1" />
                <SequencePoint vc="25" uspid="18" ordinal="2" offset="8" sl="193" sc="13" el="197" ec="15" bec="0" bev="0" fileid="1" />
                <SequencePoint vc="25" uspid="19" ordinal="3" offset="35" sl="199" sc="13" el="199" ec="32" bec="0" bev="0" fileid="1" />
                <SequencePoint vc="25" uspid="20" ordinal="4" offset="42" sl="200" sc="9" el="200" ec="10" bec="0" bev="0" fileid="1" />
              </SequencePoints>
              <BranchPoints />
              <MethodPoint xsi:type="SequencePoint" vc="25" uspid="16" ordinal="0" offset="0" sl="191" sc="9" el="191" ec="76" bec="0" bev="0" fileid="1" />
            </Method>
            <Method visited="true" cyclomaticComplexity="1" nPathComplexity="0" sequenceCoverage="100" branchCoverage="100" isConstructor="false" isStatic="false" isGetter="false" isSetter="false">
              <Summary numSequencePoints="4" visitedSequencePoints="4" numBranchPoints="1" visitedBranchPoints="1" sequenceCoverage="100" branchCoverage="100" maxCyclomaticComplexity="1" minCyclomaticComplexity="1" visitedClasses="0" numClasses="0" visitedMethods="1" numMethods="1" />
              <MetadataToken>100663314</MetadataToken>
              <Name>Xrm.Oss.FluentQuery.IFluentQuery`1&lt;T&gt; Xrm.Oss.FluentQuery.FluentQuery`1::IncludeColumns(System.String[])</Name>
              <FileRef uid="1" />
              <SequencePoints>
                <SequencePoint vc="9" uspid="21" ordinal="0" offset="0" sl="203" sc="9" el="203" ec="10" bec="0" bev="0" fileid="1" />
                <SequencePoint vc="9" uspid="22" ordinal="1" offset="1" sl="204" sc="13" el="204" ec="50" bec="0" bev="0" fileid="1" />
                <SequencePoint vc="9" uspid="23" ordinal="2" offset="19" sl="206" sc="13" el="206" ec="25" bec="0" bev="0" fileid="1" />
                <SequencePoint vc="9" uspid="24" ordinal="3" offset="23" sl="207" sc="9" el="207" ec="10" bec="0" bev="0" fileid="1" />
              </SequencePoints>
              <BranchPoints />
              <MethodPoint xsi:type="SequencePoint" vc="9" uspid="21" ordinal="0" offset="0" sl="203" sc="9" el="203" ec="10" bec="0" bev="0" fileid="1" />
            </Method>
            <Method visited="true" cyclomaticComplexity="1" nPathComplexity="0" sequenceCoverage="100" branchCoverage="100" isConstructor="false" isStatic="false" isGetter="false" isSetter="false">
              <Summary numSequencePoints="4" visitedSequencePoints="4" numBranchPoints="1" visitedBranchPoints="1" sequenceCoverage="100" branchCoverage="100" maxCyclomaticComplexity="1" minCyclomaticComplexity="1" visitedClasses="0" numClasses="0" visitedMethods="1" numMethods="1" />
              <MetadataToken>100663316</MetadataToken>
              <Name>Xrm.Oss.FluentQuery.IFluentQuery`1&lt;T&gt; Xrm.Oss.FluentQuery.FluentQuery`1::RecordCount(System.Nullable`1&lt;System.Int32&gt;)</Name>
              <FileRef uid="1" />
              <SequencePoints>
                <SequencePoint vc="1" uspid="25" ordinal="0" offset="0" sl="218" sc="9" el="218" ec="10" bec="0" bev="0" fileid="1" />
                <SequencePoint vc="1" uspid="26" ordinal="1" offset="1" sl="219" sc="13" el="219" ec="40" bec="0" bev="0" fileid="1" />
                <SequencePoint vc="1" uspid="27" ordinal="2" offset="14" sl="221" sc="13" el="221" ec="25" bec="0" bev="0" fileid="1" />
                <SequencePoint vc="1" uspid="28" ordinal="3" offset="18" sl="222" sc="9" el="222" ec="10" bec="0" bev="0" fileid="1" />
              </SequencePoints>
              <BranchPoints />
              <MethodPoint xsi:type="SequencePoint" vc="1" uspid="25" ordinal="0" offset="0" sl="218" sc="9" el="218" ec="10" bec="0" bev="0" fileid="1" />
            </Method>
            <Method visited="true" cyclomaticComplexity="1" nPathComplexity="0" sequenceCoverage="100" branchCoverage="100" isConstructor="false" isStatic="false" isGetter="false" isSetter="false">
              <Summary numSequencePoints="4" visitedSequencePoints="4" numBranchPoints="1" visitedBranchPoints="1" sequenceCoverage="100" branchCoverage="100" maxCyclomaticComplexity="1" minCyclomaticComplexity="1" visitedClasses="0" numClasses="0" visitedMethods="1" numMethods="1" />
              <MetadataToken>100663317</MetadataToken>
              <Name>Xrm.Oss.FluentQuery.IFluentQuery`1&lt;T&gt; Xrm.Oss.FluentQuery.FluentQuery`1::DatabaseLock(System.Boolean)</Name>
              <FileRef uid="1" />
              <SequencePoints>
                <SequencePoint vc="1" uspid="29" ordinal="0" offset="0" sl="225" sc="9" el="225" ec="10" bec="0" bev="0" fileid="1" />
                <SequencePoint vc="1" uspid="30" ordinal="1" offset="1" sl="226" sc="13" el="226" ec="38" bec="0" bev="0" fileid="1" />
                <SequencePoint vc="1" uspid="31" ordinal="2" offset="17" sl="228" sc="13" el="228" ec="25" bec="0" bev="0" fileid="1" />
                <SequencePoint vc="1" uspid="32" ordinal="3" offset="21" sl="229" sc="9" el="229" ec="10" bec="0" bev="0" fileid="1" />
              </SequencePoints>
              <BranchPoints />
              <MethodPoint xsi:type="SequencePoint" vc="1" uspid="29" ordinal="0" offset="0" sl="225" sc="9" el="225" ec="10" bec="0" bev="0" fileid="1" />
            </Method>
            <Method visited="true" cyclomaticComplexity="2" nPathComplexity="0" sequenceCoverage="100" branchCoverage="100" isConstructor="false" isStatic="false" isGetter="false" isSetter="false">
              <Summary numSequencePoints="3" visitedSequencePoints="3" numBranchPoints="1" visitedBranchPoints="1" sequenceCoverage="100" branchCoverage="100" maxCyclomaticComplexity="2" minCyclomaticComplexity="2" visitedClasses="0" numClasses="0" visitedMethods="1" numMethods="1" />
              <MetadataToken>100663318</MetadataToken>
              <Name>System.Collections.Generic.List`1&lt;T&gt; Xrm.Oss.FluentQuery.FluentQuery`1::Retrieve()</Name>
              <FileRef uid="1" />
              <SequencePoints>
                <SequencePoint vc="2" uspid="33" ordinal="0" offset="0" sl="232" sc="9" el="232" ec="10" bec="0" bev="0" fileid="1" />
                <SequencePoint vc="2" uspid="34" ordinal="1" offset="1" sl="233" sc="13" el="234" ec="27" bec="0" bev="0" fileid="1" />
                <SequencePoint vc="2" uspid="35" ordinal="2" offset="67" sl="235" sc="9" el="235" ec="10" bec="0" bev="0" fileid="1" />
              </SequencePoints>
              <BranchPoints />
              <MethodPoint xsi:type="SequencePoint" vc="2" uspid="33" ordinal="0" offset="0" sl="232" sc="9" el="232" ec="10" bec="0" bev="0" fileid="1" />
            </Method>
            <Method visited="true" cyclomaticComplexity="3" nPathComplexity="2" sequenceCoverage="100" branchCoverage="66.67" isConstructor="false" isStatic="false" isGetter="false" isSetter="false">
              <Summary numSequencePoints="21" visitedSequencePoints="21" numBranchPoints="3" visitedBranchPoints="2" sequenceCoverage="100" branchCoverage="66.67" maxCyclomaticComplexity="3" minCyclomaticComplexity="3" visitedClasses="0" numClasses="0" visitedMethods="1" numMethods="1" />
              <MetadataToken>100663319</MetadataToken>
              <Name>System.Collections.Generic.List`1&lt;T&gt; Xrm.Oss.FluentQuery.FluentQuery`1::RetrieveAll()</Name>
              <FileRef uid="1" />
              <SequencePoints>
                <SequencePoint vc="1" uspid="38" ordinal="0" offset="0" sl="238" sc="9" el="238" ec="10" bec="0" bev="0" fileid="1" />
                <SequencePoint vc="1" uspid="39" ordinal="1" offset="1" sl="239" sc="13" el="239" ec="41" bec="0" bev="0" fileid="1" />
                <SequencePoint vc="1" uspid="40" ordinal="2" offset="7" sl="241" sc="13" el="241" ec="65" bec="0" bev="0" fileid="1" />
                <SequencePoint vc="1" uspid="41" ordinal="3" offset="24" sl="242" sc="13" el="242" ec="69" bec="0" bev="0" fileid="1" />
                <SequencePoint vc="1" uspid="42" ordinal="4" offset="41" sl="244" sc="13" el="244" ec="37" bec="0" bev="0" fileid="1" />
                <SequencePoint vc="1" uspid="43" ordinal="5" offset="43" sl="245" sc="13" el="245" ec="49" bec="0" bev="0" fileid="1" />
                <SequencePoint vc="1" uspid="44" ordinal="6" offset="46" sl="246" sc="13" el="246" ec="56" bec="0" bev="0" fileid="1" />
                <SequencePoint vc="1" uspid="45" ordinal="7" offset="49" sl="249" sc="13" el="249" ec="14" bec="0" bev="0" fileid="1" />
                <SequencePoint vc="1" uspid="46" ordinal="8" offset="50" sl="250" sc="17" el="250" ec="57" bec="0" bev="0" fileid="1" />
                <SequencePoint vc="1" uspid="47" ordinal="9" offset="69" sl="251" sc="17" el="251" ec="61" bec="0" bev="0" fileid="1" />
                <SequencePoint vc="1" uspid="48" ordinal="10" offset="88" sl="253" sc="17" el="253" ec="66" bec="0" bev="0" fileid="1" />
                <SequencePoint vc="1" uspid="49" ordinal="11" offset="107" sl="254" sc="17" el="255" ec="31" bec="0" bev="0" fileid="1" />
                <SequencePoint vc="1" uspid="50" ordinal="12" offset="157" sl="257" sc="17" el="257" ec="42" bec="0" bev="0" fileid="1" />
                <SequencePoint vc="1" uspid="51" ordinal="13" offset="166" sl="259" sc="17" el="259" ec="52" bec="0" bev="0" fileid="1" />
                <SequencePoint vc="1" uspid="52" ordinal="14" offset="174" sl="260" sc="17" el="260" ec="30" bec="0" bev="0" fileid="1" />
                <SequencePoint vc="1" uspid="53" ordinal="15" offset="180" sl="261" sc="13" el="261" ec="14" bec="0" bev="0" fileid="1" />
                <SequencePoint vc="1" uspid="54" ordinal="16" offset="181" sl="262" sc="13" el="262" ec="33" bec="2" bev="1" fileid="1" />
                <SequencePoint vc="1" uspid="55" ordinal="17" offset="191" sl="264" sc="13" el="264" ec="61" bec="0" bev="0" fileid="1" />
                <SequencePoint vc="1" uspid="56" ordinal="18" offset="209" sl="265" sc="13" el="265" ec="65" bec="0" bev="0" fileid="1" />
                <SequencePoint vc="1" uspid="57" ordinal="19" offset="227" sl="267" sc="13" el="267" ec="28" bec="0" bev="0" fileid="1" />
                <SequencePoint vc="1" uspid="58" ordinal="20" offset="232" sl="268" sc="9" el="268" ec="10" bec="0" bev="0" fileid="1" />
              </SequencePoints>
              <BranchPoints>
                <BranchPoint vc="1" uspid="61" ordinal="2" offset="186" sl="262" path="0" offsetend="191" fileid="1" />
                <BranchPoint vc="0" uspid="62" ordinal="3" offset="186" sl="262" path="1" offsetend="49" fileid="1" />
              </BranchPoints>
              <MethodPoint xsi:type="SequencePoint" vc="1" uspid="38" ordinal="0" offset="0" sl="238" sc="9" el="238" ec="10" bec="0" bev="0" fileid="1" />
            </Method>
            <Method visited="true" cyclomaticComplexity="1" nPathComplexity="0" sequenceCoverage="100" branchCoverage="100" isConstructor="false" isStatic="false" isGetter="false" isSetter="false">
              <Summary numSequencePoints="4" visitedSequencePoints="4" numBranchPoints="1" visitedBranchPoints="1" sequenceCoverage="100" branchCoverage="100" maxCyclomaticComplexity="1" minCyclomaticComplexity="1" visitedClasses="0" numClasses="0" visitedMethods="1" numMethods="1" />
              <MetadataToken>100663320</MetadataToken>
              <Name>Xrm.Oss.FluentQuery.IFluentQuery`1&lt;T&gt; Xrm.Oss.FluentQuery.FluentQuery`1::UniqueRecords(System.Boolean)</Name>
              <FileRef uid="1" />
              <SequencePoints>
                <SequencePoint vc="1" uspid="63" ordinal="0" offset="0" sl="271" sc="9" el="271" ec="10" bec="0" bev="0" fileid="1" />
                <SequencePoint vc="1" uspid="64" ordinal="1" offset="1" sl="272" sc="13" el="272" ec="36" bec="0" bev="0" fileid="1" />
                <SequencePoint vc="1" uspid="65" ordinal="2" offset="14" sl="274" sc="13" el="274" ec="25" bec="0" bev="0" fileid="1" />
                <SequencePoint vc="1" uspid="66" ordinal="3" offset="18" sl="275" sc="9" el="275" ec="10" bec="0" bev="0" fileid="1" />
              </SequencePoints>
              <BranchPoints />
              <MethodPoint xsi:type="SequencePoint" vc="1" uspid="63" ordinal="0" offset="0" sl="271" sc="9" el="271" ec="10" bec="0" bev="0" fileid="1" />
            </Method>
            <Method visited="true" cyclomaticComplexity="1" nPathComplexity="0" sequenceCoverage="100" branchCoverage="100" isConstructor="false" isStatic="false" isGetter="false" isSetter="false">
              <Summary numSequencePoints="6" visitedSequencePoints="6" numBranchPoints="1" visitedBranchPoints="1" sequenceCoverage="100" branchCoverage="100" maxCyclomaticComplexity="1" minCyclomaticComplexity="1" visitedClasses="0" numClasses="0" visitedMethods="1" numMethods="1" />
              <MetadataToken>100663321</MetadataToken>
              <Name>Xrm.Oss.FluentQuery.IFluentQuery`1&lt;T&gt; Xrm.Oss.FluentQuery.FluentQuery`1::Link(System.Action`1&lt;Xrm.Oss.FluentQuery.IFluentLinkEntity&gt;)</Name>
              <FileRef uid="1" />
              <SequencePoints>
                <SequencePoint vc="6" uspid="67" ordinal="0" offset="0" sl="278" sc="9" el="278" ec="10" bec="0" bev="0" fileid="1" />
                <SequencePoint vc="6" uspid="68" ordinal="1" offset="1" sl="279" sc="13" el="279" ec="47" bec="0" bev="0" fileid="1" />
                <SequencePoint vc="6" uspid="69" ordinal="2" offset="7" sl="281" sc="13" el="281" ec="30" bec="0" bev="0" fileid="1" />
                <SequencePoint vc="6" uspid="70" ordinal="3" offset="15" sl="283" sc="13" el="283" ec="59" bec="0" bev="0" fileid="1" />
                <SequencePoint vc="6" uspid="71" ordinal="4" offset="38" sl="285" sc="13" el="285" ec="25" bec="0" bev="0" fileid="1" />
                <SequencePoint vc="6" uspid="72" ordinal="5" offset="42" sl="286" sc="9" el="286" ec="10" bec="0" bev="0" fileid="1" />
              </SequencePoints>
              <BranchPoints />
              <MethodPoint xsi:type="SequencePoint" vc="6" uspid="67" ordinal="0" offset="0" sl="278" sc="9" el="278" ec="10" bec="0" bev="0" fileid="1" />
            </Method>
            <Method visited="true" cyclomaticComplexity="1" nPathComplexity="0" sequenceCoverage="100" branchCoverage="100" isConstructor="false" isStatic="false" isGetter="false" isSetter="false">
              <Summary numSequencePoints="6" visitedSequencePoints="6" numBranchPoints="1" visitedBranchPoints="1" sequenceCoverage="100" branchCoverage="100" maxCyclomaticComplexity="1" minCyclomaticComplexity="1" visitedClasses="0" numClasses="0" visitedMethods="1" numMethods="1" />
              <MetadataToken>100663322</MetadataToken>
              <Name>Xrm.Oss.FluentQuery.IFluentQuery`1&lt;T&gt; Xrm.Oss.FluentQuery.FluentQuery`1::Where(System.Action`1&lt;Xrm.Oss.FluentQuery.IFluentFilterExpression&gt;)</Name>
              <FileRef uid="1" />
              <SequencePoints>
                <SequencePoint vc="4" uspid="73" ordinal="0" offset="0" sl="289" sc="9" el="289" ec="10" bec="0" bev="0" fileid="1" />
                <SequencePoint vc="4" uspid="74" ordinal="1" offset="1" sl="290" sc="13" el="290" ec="55" bec="0" bev="0" fileid="1" />
                <SequencePoint vc="4" uspid="75" ordinal="2" offset="7" sl="292" sc="13" el="292" ec="32" bec="0" bev="0" fileid="1" />
                <SequencePoint vc="4" uspid="76" ordinal="3" offset="15" sl="294" sc="13" el="294" ec="50" bec="0" bev="0" fileid="1" />
                <SequencePoint vc="4" uspid="77" ordinal="4" offset="33" sl="296" sc="13" el="296" ec="25" bec="0" bev="0" fileid="1" />
                <SequencePoint vc="4" uspid="78" ordinal="5" offset="37" sl="297" sc="9" el="297" ec="10" bec="0" bev="0" fileid="1" />
              </SequencePoints>
              <BranchPoints />
              <MethodPoint xsi:type="SequencePoint" vc="4" uspid="73" ordinal="0" offset="0" sl="289" sc="9" el="289" ec="10" bec="0" bev="0" fileid="1" />
            </Method>
            <Method visited="true" cyclomaticComplexity="1" nPathComplexity="0" sequenceCoverage="100" branchCoverage="100" isConstructor="false" isStatic="false" isGetter="false" isSetter="false">
              <Summary numSequencePoints="6" visitedSequencePoints="6" numBranchPoints="1" visitedBranchPoints="1" sequenceCoverage="100" branchCoverage="100" maxCyclomaticComplexity="1" minCyclomaticComplexity="1" visitedClasses="0" numClasses="0" visitedMethods="1" numMethods="1" />
              <MetadataToken>100663323</MetadataToken>
              <Name>Xrm.Oss.FluentQuery.IFluentQuery`1&lt;T&gt; Xrm.Oss.FluentQuery.FluentQuery`1::Order(System.Action`1&lt;Xrm.Oss.FluentQuery.IFluentOrderExpression&gt;)</Name>
              <FileRef uid="1" />
              <SequencePoints>
                <SequencePoint vc="5" uspid="79" ordinal="0" offset="0" sl="300" sc="9" el="300" ec="10" bec="0" bev="0" fileid="1" />
                <SequencePoint vc="5" uspid="80" ordinal="1" offset="1" sl="301" sc="13" el="301" ec="53" bec="0" bev="0" fileid="1" />
                <SequencePoint vc="5" uspid="81" ordinal="2" offset="7" sl="303" sc="13" el="303" ec="31" bec="0" bev="0" fileid="1" />
                <SequencePoint vc="5" uspid="82" ordinal="3" offset="15" sl="305" sc="13" el="305" ec="49" bec="0" bev="0" fileid="1" />
                <SequencePoint vc="5" uspid="83" ordinal="4" offset="38" sl="307" sc="13" el="307" ec="25" bec="0" bev="0" fileid="1" />
                <SequencePoint vc="5" uspid="84" ordinal="5" offset="42" sl="308" sc="9" el="308" ec="10" bec="0" bev="0" fileid="1" />
              </SequencePoints>
              <BranchPoints />
              <MethodPoint xsi:type="SequencePoint" vc="5" uspid="79" ordinal="0" offset="0" sl="300" sc="9" el="300" ec="10" bec="0" bev="0" fileid="1" />
            </Method>
            <Method visited="true" cyclomaticComplexity="1" nPathComplexity="0" sequenceCoverage="100" branchCoverage="100" isConstructor="false" isStatic="false" isGetter="false" isSetter="false">
              <Summary numSequencePoints="6" visitedSequencePoints="6" numBranchPoints="1" visitedBranchPoints="1" sequenceCoverage="100" branchCoverage="100" maxCyclomaticComplexity="1" minCyclomaticComplexity="1" visitedClasses="0" numClasses="0" visitedMethods="1" numMethods="1" />
              <MetadataToken>100663324</MetadataToken>
              <Name>Xrm.Oss.FluentQuery.IFluentQuery`1&lt;T&gt; Xrm.Oss.FluentQuery.FluentQuery`1::PagingInfo(System.Action`1&lt;Xrm.Oss.FluentQuery.IFluentPagingInfo&gt;)</Name>
              <FileRef uid="1" />
              <SequencePoints>
                <SequencePoint vc="3" uspid="85" ordinal="0" offset="0" sl="311" sc="9" el="311" ec="10" bec="0" bev="0" fileid="1" />
                <SequencePoint vc="3" uspid="86" ordinal="1" offset="1" sl="312" sc="13" el="312" ec="53" bec="0" bev="0" fileid="1" />
                <SequencePoint vc="3" uspid="87" ordinal="2" offset="7" sl="314" sc="13" el="314" ec="36" bec="0" bev="0" fileid="1" />
                <SequencePoint vc="3" uspid="88" ordinal="3" offset="15" sl="316" sc="13" el="316" ec="58" bec="0" bev="0" fileid="1" />
                <SequencePoint vc="3" uspid="89" ordinal="4" offset="33" sl="318" sc="13" el="318" ec="25" bec="0" bev="0" fileid="1" />
                <SequencePoint vc="3" uspid="90" ordinal="5" offset="37" sl="319" sc="9" el="319" ec="10" bec="0" bev="0" fileid="1" />
              </SequencePoints>
              <BranchPoints />
              <MethodPoint xsi:type="SequencePoint" vc="3" uspid="85" ordinal="0" offset="0" sl="311" sc="9" el="311" ec="10" bec="0" bev="0" fileid="1" />
            </Method>
            <Method visited="true" cyclomaticComplexity="1" nPathComplexity="0" sequenceCoverage="100" branchCoverage="100" isConstructor="false" isStatic="false" isGetter="false" isSetter="false">
              <Summary numSequencePoints="4" visitedSequencePoints="4" numBranchPoints="1" visitedBranchPoints="1" sequenceCoverage="100" branchCoverage="100" maxCyclomaticComplexity="1" minCyclomaticComplexity="1" visitedClasses="0" numClasses="0" visitedMethods="1" numMethods="1" />
              <MetadataToken>100663325</MetadataToken>
              <Name>Xrm.Oss.FluentQuery.IFluentQuery`1&lt;T&gt; Xrm.Oss.FluentQuery.FluentQuery`1::TotalRecordCount(System.Boolean)</Name>
              <FileRef uid="1" />
              <SequencePoints>
                <SequencePoint vc="1" uspid="91" ordinal="0" offset="0" sl="322" sc="9" el="322" ec="10" bec="0" bev="0" fileid="1" />
                <SequencePoint vc="1" uspid="92" ordinal="1" offset="1" sl="323" sc="13" el="323" ec="59" bec="0" bev="0" fileid="1" />
                <SequencePoint vc="1" uspid="93" ordinal="2" offset="19" sl="325" sc="13" el="325" ec="25" bec="0" bev="0" fileid="1" />
                <SequencePoint vc="1" uspid="94" ordinal="3" offset="23" sl="326" sc="9" el="326" ec="10" bec="0" bev="0" fileid="1" />
              </SequencePoints>
              <BranchPoints />
              <MethodPoint xsi:type="SequencePoint" vc="1" uspid="91" ordinal="0" offset="0" sl="322" sc="9" el="322" ec="10" bec="0" bev="0" fileid="1" />
            </Method>
          </Methods>
        </Class>
        <Class>
          <Summary numSequencePoints="2" visitedSequencePoints="2" numBranchPoints="2" visitedBranchPoints="2" sequenceCoverage="100" branchCoverage="100" maxCyclomaticComplexity="1" minCyclomaticComplexity="1" visitedClasses="1" numClasses="1" visitedMethods="2" numMethods="2" />
          <FullName>Xrm.Oss.FluentQuery.FluentQuery`1/&lt;&gt;c</FullName>
          <Methods>
            <Method visited="true" cyclomaticComplexity="1" nPathComplexity="0" sequenceCoverage="0" branchCoverage="0" isConstructor="true" isStatic="true" isGetter="false" isSetter="false">
              <Summary numSequencePoints="0" visitedSequencePoints="0" numBranchPoints="0" visitedBranchPoints="0" sequenceCoverage="0" branchCoverage="0" maxCyclomaticComplexity="1" minCyclomaticComplexity="1" visitedClasses="0" numClasses="0" visitedMethods="0" numMethods="0" />
              <MetadataToken>100663393</MetadataToken>
              <Name>System.Void Xrm.Oss.FluentQuery.FluentQuery`1/&lt;&gt;c::.cctor()</Name>
              <SequencePoints />
              <BranchPoints />
              <MethodPoint vc="1" uspid="95" ordinal="0" offset="0" />
            </Method>
            <Method visited="true" cyclomaticComplexity="1" nPathComplexity="0" sequenceCoverage="0" branchCoverage="0" isConstructor="true" isStatic="false" isGetter="false" isSetter="false">
              <Summary numSequencePoints="0" visitedSequencePoints="0" numBranchPoints="0" visitedBranchPoints="0" sequenceCoverage="0" branchCoverage="0" maxCyclomaticComplexity="1" minCyclomaticComplexity="1" visitedClasses="0" numClasses="0" visitedMethods="0" numMethods="0" />
              <MetadataToken>100663394</MetadataToken>
              <Name>System.Void Xrm.Oss.FluentQuery.FluentQuery`1/&lt;&gt;c::.ctor()</Name>
              <SequencePoints />
              <BranchPoints />
              <MethodPoint vc="1" uspid="96" ordinal="0" offset="0" />
            </Method>
            <Method visited="true" cyclomaticComplexity="1" nPathComplexity="0" sequenceCoverage="100" branchCoverage="100" isConstructor="false" isStatic="false" isGetter="false" isSetter="false">
              <Summary numSequencePoints="1" visitedSequencePoints="1" numBranchPoints="1" visitedBranchPoints="1" sequenceCoverage="100" branchCoverage="100" maxCyclomaticComplexity="1" minCyclomaticComplexity="1" visitedClasses="0" numClasses="0" visitedMethods="1" numMethods="1" />
              <MetadataToken>100663395</MetadataToken>
              <Name>T Xrm.Oss.FluentQuery.FluentQuery`1/&lt;&gt;c::&lt;Retrieve&gt;b__8_0(Microsoft.Xrm.Sdk.Entity)</Name>
              <FileRef uid="1" />
              <SequencePoints>
                <SequencePoint vc="2" uspid="97" ordinal="0" offset="0" sl="233" sc="75" el="233" ec="90" bec="0" bev="0" fileid="1" />
              </SequencePoints>
              <BranchPoints />
              <MethodPoint xsi:type="SequencePoint" vc="2" uspid="97" ordinal="0" offset="0" sl="233" sc="75" el="233" ec="90" bec="0" bev="0" fileid="1" />
            </Method>
            <Method visited="true" cyclomaticComplexity="1" nPathComplexity="0" sequenceCoverage="100" branchCoverage="100" isConstructor="false" isStatic="false" isGetter="false" isSetter="false">
              <Summary numSequencePoints="1" visitedSequencePoints="1" numBranchPoints="1" visitedBranchPoints="1" sequenceCoverage="100" branchCoverage="100" maxCyclomaticComplexity="1" minCyclomaticComplexity="1" visitedClasses="0" numClasses="0" visitedMethods="1" numMethods="1" />
              <MetadataToken>100663396</MetadataToken>
              <Name>T Xrm.Oss.FluentQuery.FluentQuery`1/&lt;&gt;c::&lt;RetrieveAll&gt;b__9_0(Microsoft.Xrm.Sdk.Entity)</Name>
              <FileRef uid="1" />
              <SequencePoints>
                <SequencePoint vc="2" uspid="98" ordinal="0" offset="0" sl="254" sc="60" el="254" ec="75" bec="0" bev="0" fileid="1" />
              </SequencePoints>
              <BranchPoints />
              <MethodPoint xsi:type="SequencePoint" vc="2" uspid="98" ordinal="0" offset="0" sl="254" sc="60" el="254" ec="75" bec="0" bev="0" fileid="1" />
            </Method>
          </Methods>
        </Class>
        <Class>
          <Summary numSequencePoints="50" visitedSequencePoints="50" numBranchPoints="12" visitedBranchPoints="12" sequenceCoverage="100" branchCoverage="100" maxCyclomaticComplexity="1" minCyclomaticComplexity="1" visitedClasses="1" numClasses="1" visitedMethods="12" numMethods="12" />
          <FullName>Xrm.Oss.FluentQuery.FluentLinkEntity</FullName>
          <Methods>
            <Method visited="true" cyclomaticComplexity="1" nPathComplexity="0" sequenceCoverage="100" branchCoverage="100" isConstructor="false" isStatic="false" isGetter="true" isSetter="false">
              <Summary numSequencePoints="3" visitedSequencePoints="3" numBranchPoints="1" visitedBranchPoints="1" sequenceCoverage="100" branchCoverage="100" maxCyclomaticComplexity="1" minCyclomaticComplexity="1" visitedClasses="0" numClasses="0" visitedMethods="1" numMethods="1" />
              <MetadataToken>100663338</MetadataToken>
              <Name>Xrm.Oss.FluentQuery.IFluentLinkEntitySetting Xrm.Oss.FluentQuery.FluentLinkEntity::get_With()</Name>
              <FileRef uid="1" />
              <SequencePoints>
                <SequencePoint vc="6" uspid="99" ordinal="0" offset="0" sl="436" sc="13" el="436" ec="14" bec="0" bev="0" fileid="1" />
                <SequencePoint vc="6" uspid="100" ordinal="1" offset="1" sl="437" sc="17" el="437" ec="29" bec="0" bev="0" fileid="1" />
                <SequencePoint vc="6" uspid="101" ordinal="2" offset="5" sl="438" sc="13" el="438" ec="14" bec="0" bev="0" fileid="1" />
              </SequencePoints>
              <BranchPoints />
              <MethodPoint xsi:type="SequencePoint" vc="6" uspid="99" ordinal="0" offset="0" sl="436" sc="13" el="436" ec="14" bec="0" bev="0" fileid="1" />
            </Method>
            <Method visited="true" cyclomaticComplexity="1" nPathComplexity="0" sequenceCoverage="100" branchCoverage="100" isConstructor="true" isStatic="false" isGetter="false" isSetter="false">
              <Summary numSequencePoints="4" visitedSequencePoints="4" numBranchPoints="1" visitedBranchPoints="1" sequenceCoverage="100" branchCoverage="100" maxCyclomaticComplexity="1" minCyclomaticComplexity="1" visitedClasses="0" numClasses="0" visitedMethods="1" numMethods="1" />
              <MetadataToken>100663337</MetadataToken>
              <Name>System.Void Xrm.Oss.FluentQuery.FluentLinkEntity::.ctor()</Name>
              <FileRef uid="1" />
              <SequencePoints>
                <SequencePoint vc="7" uspid="102" ordinal="0" offset="0" sl="425" sc="9" el="425" ec="34" bec="0" bev="0" fileid="1" />
                <SequencePoint vc="7" uspid="103" ordinal="1" offset="7" sl="426" sc="9" el="426" ec="10" bec="0" bev="0" fileid="1" />
                <SequencePoint vc="7" uspid="104" ordinal="2" offset="8" sl="427" sc="13" el="430" ec="15" bec="0" bev="0" fileid="1" />
                <SequencePoint vc="7" uspid="105" ordinal="3" offset="31" sl="431" sc="9" el="431" ec="10" bec="0" bev="0" fileid="1" />
              </SequencePoints>
              <BranchPoints />
              <MethodPoint xsi:type="SequencePoint" vc="7" uspid="102" ordinal="0" offset="0" sl="425" sc="9" el="425" ec="34" bec="0" bev="0" fileid="1" />
            </Method>
            <Method visited="true" cyclomaticComplexity="1" nPathComplexity="0" sequenceCoverage="100" branchCoverage="100" isConstructor="false" isStatic="false" isGetter="false" isSetter="false">
              <Summary numSequencePoints="4" visitedSequencePoints="4" numBranchPoints="1" visitedBranchPoints="1" sequenceCoverage="100" branchCoverage="100" maxCyclomaticComplexity="1" minCyclomaticComplexity="1" visitedClasses="0" numClasses="0" visitedMethods="1" numMethods="1" />
              <MetadataToken>100663339</MetadataToken>
              <Name>Xrm.Oss.FluentQuery.IFluentLinkEntity Xrm.Oss.FluentQuery.FluentLinkEntity::Alias(System.String)</Name>
              <FileRef uid="1" />
              <SequencePoints>
                <SequencePoint vc="4" uspid="106" ordinal="0" offset="0" sl="442" sc="9" el="442" ec="10" bec="0" bev="0" fileid="1" />
                <SequencePoint vc="4" uspid="107" ordinal="1" offset="1" sl="443" sc="13" el="443" ec="44" bec="0" bev="0" fileid="1" />
                <SequencePoint vc="4" uspid="108" ordinal="2" offset="14" sl="445" sc="13" el="445" ec="25" bec="0" bev="0" fileid="1" />
                <SequencePoint vc="4" uspid="109" ordinal="3" offset="18" sl="446" sc="9" el="446" ec="10" bec="0" bev="0" fileid="1" />
              </SequencePoints>
              <BranchPoints />
              <MethodPoint xsi:type="SequencePoint" vc="4" uspid="106" ordinal="0" offset="0" sl="442" sc="9" el="442" ec="10" bec="0" bev="0" fileid="1" />
            </Method>
            <Method visited="true" cyclomaticComplexity="1" nPathComplexity="0" sequenceCoverage="100" branchCoverage="100" isConstructor="false" isStatic="false" isGetter="false" isSetter="false">
              <Summary numSequencePoints="4" visitedSequencePoints="4" numBranchPoints="1" visitedBranchPoints="1" sequenceCoverage="100" branchCoverage="100" maxCyclomaticComplexity="1" minCyclomaticComplexity="1" visitedClasses="0" numClasses="0" visitedMethods="1" numMethods="1" />
              <MetadataToken>100663340</MetadataToken>
              <Name>Xrm.Oss.FluentQuery.IFluentLinkEntity Xrm.Oss.FluentQuery.FluentLinkEntity::FromAttribute(System.String)</Name>
              <FileRef uid="1" />
              <SequencePoints>
                <SequencePoint vc="5" uspid="110" ordinal="0" offset="0" sl="449" sc="9" el="449" ec="10" bec="0" bev="0" fileid="1" />
                <SequencePoint vc="5" uspid="111" ordinal="1" offset="1" sl="450" sc="13" el="450" ec="63" bec="0" bev="0" fileid="1" />
                <SequencePoint vc="5" uspid="112" ordinal="2" offset="14" sl="452" sc="13" el="452" ec="25" bec="0" bev="0" fileid="1" />
                <SequencePoint vc="5" uspid="113" ordinal="3" offset="18" sl="453" sc="9" el="453" ec="10" bec="0" bev="0" fileid="1" />
              </SequencePoints>
              <BranchPoints />
              <MethodPoint xsi:type="SequencePoint" vc="5" uspid="110" ordinal="0" offset="0" sl="449" sc="9" el="449" ec="10" bec="0" bev="0" fileid="1" />
            </Method>
            <Method visited="true" cyclomaticComplexity="1" nPathComplexity="0" sequenceCoverage="100" branchCoverage="100" isConstructor="false" isStatic="false" isGetter="false" isSetter="false">
              <Summary numSequencePoints="4" visitedSequencePoints="4" numBranchPoints="1" visitedBranchPoints="1" sequenceCoverage="100" branchCoverage="100" maxCyclomaticComplexity="1" minCyclomaticComplexity="1" visitedClasses="0" numClasses="0" visitedMethods="1" numMethods="1" />
              <MetadataToken>100663341</MetadataToken>
              <Name>Xrm.Oss.FluentQuery.IFluentLinkEntity Xrm.Oss.FluentQuery.FluentLinkEntity::FromEntity(System.String)</Name>
              <FileRef uid="1" />
              <SequencePoints>
                <SequencePoint vc="5" uspid="114" ordinal="0" offset="0" sl="456" sc="9" el="456" ec="10" bec="0" bev="0" fileid="1" />
                <SequencePoint vc="5" uspid="115" ordinal="1" offset="1" sl="457" sc="13" el="457" ec="57" bec="0" bev="0" fileid="1" />
                <SequencePoint vc="5" uspid="116" ordinal="2" offset="14" sl="459" sc="13" el="459" ec="25" bec="0" bev="0" fileid="1" />
                <SequencePoint vc="5" uspid="117" ordinal="3" offset="18" sl="460" sc="9" el="460" ec="10" bec="0" bev="0" fileid="1" />
              </SequencePoints>
              <BranchPoints />
              <MethodPoint xsi:type="SequencePoint" vc="5" uspid="114" ordinal="0" offset="0" sl="456" sc="9" el="456" ec="10" bec="0" bev="0" fileid="1" />
            </Method>
            <Method visited="true" cyclomaticComplexity="1" nPathComplexity="0" sequenceCoverage="100" branchCoverage="100" isConstructor="false" isStatic="false" isGetter="false" isSetter="false">
              <Summary numSequencePoints="4" visitedSequencePoints="4" numBranchPoints="1" visitedBranchPoints="1" sequenceCoverage="100" branchCoverage="100" maxCyclomaticComplexity="1" minCyclomaticComplexity="1" visitedClasses="0" numClasses="0" visitedMethods="1" numMethods="1" />
              <MetadataToken>100663342</MetadataToken>
              <Name>Xrm.Oss.FluentQuery.IFluentLinkEntity Xrm.Oss.FluentQuery.FluentLinkEntity::IncludeColumns(System.String[])</Name>
              <FileRef uid="1" />
              <SequencePoints>
                <SequencePoint vc="1" uspid="118" ordinal="0" offset="0" sl="463" sc="9" el="463" ec="10" bec="0" bev="0" fileid="1" />
                <SequencePoint vc="1" uspid="119" ordinal="1" offset="1" sl="464" sc="13" el="464" ec="53" bec="0" bev="0" fileid="1" />
                <SequencePoint vc="1" uspid="120" ordinal="2" offset="19" sl="466" sc="13" el="466" ec="25" bec="0" bev="0" fileid="1" />
                <SequencePoint vc="1" uspid="121" ordinal="3" offset="23" sl="467" sc="9" el="467" ec="10" bec="0" bev="0" fileid="1" />
              </SequencePoints>
              <BranchPoints />
              <MethodPoint xsi:type="SequencePoint" vc="1" uspid="118" ordinal="0" offset="0" sl="463" sc="9" el="463" ec="10" bec="0" bev="0" fileid="1" />
            </Method>
            <Method visited="true" cyclomaticComplexity="1" nPathComplexity="0" sequenceCoverage="100" branchCoverage="100" isConstructor="false" isStatic="false" isGetter="false" isSetter="false">
              <Summary numSequencePoints="6" visitedSequencePoints="6" numBranchPoints="1" visitedBranchPoints="1" sequenceCoverage="100" branchCoverage="100" maxCyclomaticComplexity="1" minCyclomaticComplexity="1" visitedClasses="0" numClasses="0" visitedMethods="1" numMethods="1" />
              <MetadataToken>100663343</MetadataToken>
              <Name>Xrm.Oss.FluentQuery.IFluentLinkEntity Xrm.Oss.FluentQuery.FluentLinkEntity::Where(System.Action`1&lt;Xrm.Oss.FluentQuery.IFluentFilterExpression&gt;)</Name>
              <FileRef uid="1" />
              <SequencePoints>
                <SequencePoint vc="1" uspid="122" ordinal="0" offset="0" sl="470" sc="9" el="470" ec="10" bec="0" bev="0" fileid="1" />
                <SequencePoint vc="1" uspid="123" ordinal="1" offset="1" sl="471" sc="13" el="471" ec="55" bec="0" bev="0" fileid="1" />
                <SequencePoint vc="1" uspid="124" ordinal="2" offset="7" sl="473" sc="13" el="473" ec="32" bec="0" bev="0" fileid="1" />
                <SequencePoint vc="1" uspid="125" ordinal="3" offset="15" sl="475" sc="13" el="475" ec="59" bec="0" bev="0" fileid="1" />
                <SequencePoint vc="1" uspid="126" ordinal="4" offset="33" sl="477" sc="13" el="477" ec="25" bec="0" bev="0" fileid="1" />
                <SequencePoint vc="1" uspid="127" ordinal="5" offset="37" sl="478" sc="9" el="478" ec="10" bec="0" bev="0" fileid="1" />
              </SequencePoints>
              <BranchPoints />
              <MethodPoint xsi:type="SequencePoint" vc="1" uspid="122" ordinal="0" offset="0" sl="470" sc="9" el="470" ec="10" bec="0" bev="0" fileid="1" />
            </Method>
            <Method visited="true" cyclomaticComplexity="1" nPathComplexity="0" sequenceCoverage="100" branchCoverage="100" isConstructor="false" isStatic="false" isGetter="false" isSetter="false">
              <Summary numSequencePoints="6" visitedSequencePoints="6" numBranchPoints="1" visitedBranchPoints="1" sequenceCoverage="100" branchCoverage="100" maxCyclomaticComplexity="1" minCyclomaticComplexity="1" visitedClasses="0" numClasses="0" visitedMethods="1" numMethods="1" />
              <MetadataToken>100663344</MetadataToken>
              <Name>Xrm.Oss.FluentQuery.IFluentLinkEntity Xrm.Oss.FluentQuery.FluentLinkEntity::Link(System.Action`1&lt;Xrm.Oss.FluentQuery.IFluentLinkEntity&gt;)</Name>
              <FileRef uid="1" />
              <SequencePoints>
                <SequencePoint vc="1" uspid="128" ordinal="0" offset="0" sl="481" sc="9" el="481" ec="10" bec="0" bev="0" fileid="1" />
                <SequencePoint vc="1" uspid="129" ordinal="1" offset="1" sl="482" sc="13" el="482" ec="47" bec="0" bev="0" fileid="1" />
                <SequencePoint vc="1" uspid="130" ordinal="2" offset="7" sl="484" sc="13" el="484" ec="30" bec="0" bev="0" fileid="1" />
                <SequencePoint vc="1" uspid="131" ordinal="3" offset="15" sl="486" sc="13" el="486" ec="64" bec="0" bev="0" fileid="1" />
                <SequencePoint vc="1" uspid="132" ordinal="4" offset="38" sl="488" sc="13" el="488" ec="25" bec="0" bev="0" fileid="1" />
                <SequencePoint vc="1" uspid="133" ordinal="5" offset="42" sl="489" sc="9" el="489" ec="10" bec="0" bev="0" fileid="1" />
              </SequencePoints>
              <BranchPoints />
              <MethodPoint xsi:type="SequencePoint" vc="1" uspid="128" ordinal="0" offset="0" sl="481" sc="9" el="481" ec="10" bec="0" bev="0" fileid="1" />
            </Method>
            <Method visited="true" cyclomaticComplexity="1" nPathComplexity="0" sequenceCoverage="100" branchCoverage="100" isConstructor="false" isStatic="false" isGetter="false" isSetter="false">
              <Summary numSequencePoints="4" visitedSequencePoints="4" numBranchPoints="1" visitedBranchPoints="1" sequenceCoverage="100" branchCoverage="100" maxCyclomaticComplexity="1" minCyclomaticComplexity="1" visitedClasses="0" numClasses="0" visitedMethods="1" numMethods="1" />
              <MetadataToken>100663345</MetadataToken>
              <Name>Xrm.Oss.FluentQuery.IFluentLinkEntity Xrm.Oss.FluentQuery.FluentLinkEntity::LinkType(Microsoft.Xrm.Sdk.Query.JoinOperator)</Name>
              <FileRef uid="1" />
              <SequencePoints>
                <SequencePoint vc="2" uspid="134" ordinal="0" offset="0" sl="492" sc="9" el="492" ec="10" bec="0" bev="0" fileid="1" />
                <SequencePoint vc="2" uspid="135" ordinal="1" offset="1" sl="493" sc="13" el="493" ec="53" bec="0" bev="0" fileid="1" />
                <SequencePoint vc="2" uspid="136" ordinal="2" offset="14" sl="495" sc="13" el="495" ec="25" bec="0" bev="0" fileid="1" />
                <SequencePoint vc="2" uspid="137" ordinal="3" offset="18" sl="496" sc="9" el="496" ec="10" bec="0" bev="0" fileid="1" />
              </SequencePoints>
              <BranchPoints />
              <MethodPoint xsi:type="SequencePoint" vc="2" uspid="134" ordinal="0" offset="0" sl="492" sc="9" el="492" ec="10" bec="0" bev="0" fileid="1" />
            </Method>
            <Method visited="true" cyclomaticComplexity="1" nPathComplexity="0" sequenceCoverage="100" branchCoverage="100" isConstructor="false" isStatic="false" isGetter="false" isSetter="false">
              <Summary numSequencePoints="4" visitedSequencePoints="4" numBranchPoints="1" visitedBranchPoints="1" sequenceCoverage="100" branchCoverage="100" maxCyclomaticComplexity="1" minCyclomaticComplexity="1" visitedClasses="0" numClasses="0" visitedMethods="1" numMethods="1" />
              <MetadataToken>100663346</MetadataToken>
              <Name>Xrm.Oss.FluentQuery.IFluentLinkEntity Xrm.Oss.FluentQuery.FluentLinkEntity::ToAttribute(System.String)</Name>
              <FileRef uid="1" />
              <SequencePoints>
                <SequencePoint vc="5" uspid="138" ordinal="0" offset="0" sl="499" sc="9" el="499" ec="10" bec="0" bev="0" fileid="1" />
                <SequencePoint vc="5" uspid="139" ordinal="1" offset="1" sl="500" sc="13" el="500" ec="61" bec="0" bev="0" fileid="1" />
                <SequencePoint vc="5" uspid="140" ordinal="2" offset="14" sl="502" sc="13" el="502" ec="25" bec="0" bev="0" fileid="1" />
                <SequencePoint vc="5" uspid="141" ordinal="3" offset="18" sl="503" sc="9" el="503" ec="10" bec="0" bev="0" fileid="1" />
              </SequencePoints>
              <BranchPoints />
              <MethodPoint xsi:type="SequencePoint" vc="5" uspid="138" ordinal="0" offset="0" sl="499" sc="9" el="499" ec="10" bec="0" bev="0" fileid="1" />
            </Method>
            <Method visited="true" cyclomaticComplexity="1" nPathComplexity="0" sequenceCoverage="100" branchCoverage="100" isConstructor="false" isStatic="false" isGetter="false" isSetter="false">
              <Summary numSequencePoints="4" visitedSequencePoints="4" numBranchPoints="1" visitedBranchPoints="1" sequenceCoverage="100" branchCoverage="100" maxCyclomaticComplexity="1" minCyclomaticComplexity="1" visitedClasses="0" numClasses="0" visitedMethods="1" numMethods="1" />
              <MetadataToken>100663347</MetadataToken>
              <Name>Xrm.Oss.FluentQuery.IFluentLinkEntity Xrm.Oss.FluentQuery.FluentLinkEntity::ToEntity(System.String)</Name>
              <FileRef uid="1" />
              <SequencePoints>
                <SequencePoint vc="5" uspid="142" ordinal="0" offset="0" sl="506" sc="9" el="506" ec="10" bec="0" bev="0" fileid="1" />
                <SequencePoint vc="5" uspid="143" ordinal="1" offset="1" sl="507" sc="13" el="507" ec="55" bec="0" bev="0" fileid="1" />
                <SequencePoint vc="5" uspid="144" ordinal="2" offset="14" sl="509" sc="13" el="509" ec="25" bec="0" bev="0" fileid="1" />
                <SequencePoint vc="5" uspid="145" ordinal="3" offset="18" sl="510" sc="9" el="510" ec="10" bec="0" bev="0" fileid="1" />
              </SequencePoints>
              <BranchPoints />
              <MethodPoint xsi:type="SequencePoint" vc="5" uspid="142" ordinal="0" offset="0" sl="506" sc="9" el="506" ec="10" bec="0" bev="0" fileid="1" />
            </Method>
            <Method visited="true" cyclomaticComplexity="1" nPathComplexity="0" sequenceCoverage="100" branchCoverage="100" isConstructor="false" isStatic="false" isGetter="false" isSetter="false">
              <Summary numSequencePoints="3" visitedSequencePoints="3" numBranchPoints="1" visitedBranchPoints="1" sequenceCoverage="100" branchCoverage="100" maxCyclomaticComplexity="1" minCyclomaticComplexity="1" visitedClasses="0" numClasses="0" visitedMethods="1" numMethods="1" />
              <MetadataToken>100663348</MetadataToken>
              <Name>Microsoft.Xrm.Sdk.Query.LinkEntity Xrm.Oss.FluentQuery.FluentLinkEntity::GetLinkEntity()</Name>
              <FileRef uid="1" />
              <SequencePoints>
                <SequencePoint vc="7" uspid="146" ordinal="0" offset="0" sl="513" sc="9" el="513" ec="10" bec="0" bev="0" fileid="1" />
                <SequencePoint vc="7" uspid="147" ordinal="1" offset="1" sl="514" sc="13" el="514" ec="32" bec="0" bev="0" fileid="1" />
                <SequencePoint vc="7" uspid="148" ordinal="2" offset="10" sl="515" sc="9" el="515" ec="10" bec="0" bev="0" fileid="1" />
              </SequencePoints>
              <BranchPoints />
              <MethodPoint xsi:type="SequencePoint" vc="7" uspid="146" ordinal="0" offset="0" sl="513" sc="9" el="513" ec="10" bec="0" bev="0" fileid="1" />
            </Method>
          </Methods>
        </Class>
        <Class>
          <Summary numSequencePoints="26" visitedSequencePoints="26" numBranchPoints="6" visitedBranchPoints="6" sequenceCoverage="100" branchCoverage="100" maxCyclomaticComplexity="1" minCyclomaticComplexity="1" visitedClasses="1" numClasses="1" visitedMethods="6" numMethods="6" />
          <FullName>Xrm.Oss.FluentQuery.FluentFilterExpression</FullName>
          <Methods>
            <Method visited="true" cyclomaticComplexity="1" nPathComplexity="0" sequenceCoverage="100" branchCoverage="100" isConstructor="false" isStatic="false" isGetter="true" isSetter="false">
              <Summary numSequencePoints="3" visitedSequencePoints="3" numBranchPoints="1" visitedBranchPoints="1" sequenceCoverage="100" branchCoverage="100" maxCyclomaticComplexity="1" minCyclomaticComplexity="1" visitedClasses="0" numClasses="0" visitedMethods="1" numMethods="1" />
              <MetadataToken>100663354</MetadataToken>
              <Name>Xrm.Oss.FluentQuery.IFluentFilterExpressionSetting Xrm.Oss.FluentQuery.FluentFilterExpression::get_With()</Name>
              <FileRef uid="1" />
              <SequencePoints>
                <SequencePoint vc="4" uspid="149" ordinal="0" offset="0" sl="568" sc="13" el="568" ec="14" bec="0" bev="0" fileid="1" />
                <SequencePoint vc="4" uspid="150" ordinal="1" offset="1" sl="569" sc="17" el="569" ec="29" bec="0" bev="0" fileid="1" />
                <SequencePoint vc="4" uspid="151" ordinal="2" offset="5" sl="570" sc="13" el="570" ec="14" bec="0" bev="0" fileid="1" />
              </SequencePoints>
              <BranchPoints />
              <MethodPoint xsi:type="SequencePoint" vc="4" uspid="149" ordinal="0" offset="0" sl="568" sc="13" el="568" ec="14" bec="0" bev="0" fileid="1" />
            </Method>
            <Method visited="true" cyclomaticComplexity="1" nPathComplexity="0" sequenceCoverage="100" branchCoverage="100" isConstructor="true" isStatic="false" isGetter="false" isSetter="false">
              <Summary numSequencePoints="4" visitedSequencePoints="4" numBranchPoints="1" visitedBranchPoints="1" sequenceCoverage="100" branchCoverage="100" maxCyclomaticComplexity="1" minCyclomaticComplexity="1" visitedClasses="0" numClasses="0" visitedMethods="1" numMethods="1" />
              <MetadataToken>100663353</MetadataToken>
              <Name>System.Void Xrm.Oss.FluentQuery.FluentFilterExpression::.ctor()</Name>
              <FileRef uid="1" />
              <SequencePoints>
                <SequencePoint vc="6" uspid="152" ordinal="0" offset="0" sl="560" sc="9" el="560" ec="40" bec="0" bev="0" fileid="1" />
                <SequencePoint vc="6" uspid="153" ordinal="1" offset="7" sl="561" sc="9" el="561" ec="10" bec="0" bev="0" fileid="1" />
                <SequencePoint vc="6" uspid="154" ordinal="2" offset="8" sl="562" sc="13" el="562" ec="46" bec="0" bev="0" fileid="1" />
                <SequencePoint vc="6" uspid="155" ordinal="3" offset="19" sl="563" sc="9" el="563" ec="10" bec="0" bev="0" fileid="1" />
              </SequencePoints>
              <BranchPoints />
              <MethodPoint xsi:type="SequencePoint" vc="6" uspid="152" ordinal="0" offset="0" sl="560" sc="9" el="560" ec="40" bec="0" bev="0" fileid="1" />
            </Method>
            <Method visited="true" cyclomaticComplexity="1" nPathComplexity="0" sequenceCoverage="100" branchCoverage="100" isConstructor="false" isStatic="false" isGetter="false" isSetter="false">
              <Summary numSequencePoints="4" visitedSequencePoints="4" numBranchPoints="1" visitedBranchPoints="1" sequenceCoverage="100" branchCoverage="100" maxCyclomaticComplexity="1" minCyclomaticComplexity="1" visitedClasses="0" numClasses="0" visitedMethods="1" numMethods="1" />
              <MetadataToken>100663355</MetadataToken>
              <Name>Xrm.Oss.FluentQuery.IFluentFilterExpression Xrm.Oss.FluentQuery.FluentFilterExpression::Operator(Microsoft.Xrm.Sdk.Query.LogicalOperator)</Name>
              <FileRef uid="1" />
              <SequencePoints>
                <SequencePoint vc="4" uspid="156" ordinal="0" offset="0" sl="574" sc="9" el="574" ec="10" bec="0" bev="0" fileid="1" />
                <SequencePoint vc="4" uspid="157" ordinal="1" offset="1" sl="575" sc="13" el="575" ec="53" bec="0" bev="0" fileid="1" />
                <SequencePoint vc="4" uspid="158" ordinal="2" offset="14" sl="577" sc="13" el="577" ec="25" bec="0" bev="0" fileid="1" />
                <SequencePoint vc="4" uspid="159" ordinal="3" offset="18" sl="578" sc="9" el="578" ec="10" bec="0" bev="0" fileid="1" />
              </SequencePoints>
              <BranchPoints />
              <MethodPoint xsi:type="SequencePoint" vc="4" uspid="156" ordinal="0" offset="0" sl="574" sc="9" el="574" ec="10" bec="0" bev="0" fileid="1" />
            </Method>
            <Method visited="true" cyclomaticComplexity="1" nPathComplexity="0" sequenceCoverage="100" branchCoverage="100" isConstructor="false" isStatic="false" isGetter="false" isSetter="false">
              <Summary numSequencePoints="6" visitedSequencePoints="6" numBranchPoints="1" visitedBranchPoints="1" sequenceCoverage="100" branchCoverage="100" maxCyclomaticComplexity="1" minCyclomaticComplexity="1" visitedClasses="0" numClasses="0" visitedMethods="1" numMethods="1" />
              <MetadataToken>100663356</MetadataToken>
              <Name>Xrm.Oss.FluentQuery.IFluentFilterExpression Xrm.Oss.FluentQuery.FluentFilterExpression::Where(System.Action`1&lt;Xrm.Oss.FluentQuery.IFluentFilterExpression&gt;)</Name>
              <FileRef uid="1" />
              <SequencePoints>
                <SequencePoint vc="1" uspid="160" ordinal="0" offset="0" sl="581" sc="9" el="581" ec="10" bec="0" bev="0" fileid="1" />
                <SequencePoint vc="1" uspid="161" ordinal="1" offset="1" sl="582" sc="13" el="582" ec="55" bec="0" bev="0" fileid="1" />
                <SequencePoint vc="1" uspid="162" ordinal="2" offset="7" sl="584" sc="13" el="584" ec="32" bec="0" bev="0" fileid="1" />
                <SequencePoint vc="1" uspid="163" ordinal="3" offset="15" sl="586" sc="13" el="586" ec="53" bec="0" bev="0" fileid="1" />
                <SequencePoint vc="1" uspid="164" ordinal="4" offset="38" sl="588" sc="13" el="588" ec="25" bec="0" bev="0" fileid="1" />
                <SequencePoint vc="1" uspid="165" ordinal="5" offset="42" sl="589" sc="9" el="589" ec="10" bec="0" bev="0" fileid="1" />
              </SequencePoints>
              <BranchPoints />
              <MethodPoint xsi:type="SequencePoint" vc="1" uspid="160" ordinal="0" offset="0" sl="581" sc="9" el="581" ec="10" bec="0" bev="0" fileid="1" />
            </Method>
            <Method visited="true" cyclomaticComplexity="1" nPathComplexity="0" sequenceCoverage="100" branchCoverage="100" isConstructor="false" isStatic="false" isGetter="false" isSetter="false">
              <Summary numSequencePoints="6" visitedSequencePoints="6" numBranchPoints="1" visitedBranchPoints="1" sequenceCoverage="100" branchCoverage="100" maxCyclomaticComplexity="1" minCyclomaticComplexity="1" visitedClasses="0" numClasses="0" visitedMethods="1" numMethods="1" />
              <MetadataToken>100663357</MetadataToken>
              <Name>Xrm.Oss.FluentQuery.IFluentFilterExpression Xrm.Oss.FluentQuery.FluentFilterExpression::Attribute(System.Action`1&lt;Xrm.Oss.FluentQuery.IFluentConditionExpression&gt;)</Name>
              <FileRef uid="1" />
              <SequencePoints>
                <SequencePoint vc="7" uspid="166" ordinal="0" offset="0" sl="592" sc="9" el="592" ec="10" bec="0" bev="0" fileid="1" />
                <SequencePoint vc="7" uspid="167" ordinal="1" offset="1" sl="593" sc="13" el="593" ec="61" bec="0" bev="0" fileid="1" />
                <SequencePoint vc="7" uspid="168" ordinal="2" offset="7" sl="595" sc="13" el="595" ec="35" bec="0" bev="0" fileid="1" />
                <SequencePoint vc="7" uspid="169" ordinal="3" offset="15" sl="597" sc="13" el="597" ec="62" bec="0" bev="0" fileid="1" />
                <SequencePoint vc="7" uspid="170" ordinal="4" offset="38" sl="599" sc="13" el="599" ec="25" bec="0" bev="0" fileid="1" />
                <SequencePoint vc="7" uspid="171" ordinal="5" offset="42" sl="600" sc="9" el="600" ec="10" bec="0" bev="0" fileid="1" />
              </SequencePoints>
              <BranchPoints />
              <MethodPoint xsi:type="SequencePoint" vc="7" uspid="166" ordinal="0" offset="0" sl="592" sc="9" el="592" ec="10" bec="0" bev="0" fileid="1" />
            </Method>
            <Method visited="true" cyclomaticComplexity="1" nPathComplexity="0" sequenceCoverage="100" branchCoverage="100" isConstructor="false" isStatic="false" isGetter="false" isSetter="false">
              <Summary numSequencePoints="3" visitedSequencePoints="3" numBranchPoints="1" visitedBranchPoints="1" sequenceCoverage="100" branchCoverage="100" maxCyclomaticComplexity="1" minCyclomaticComplexity="1" visitedClasses="0" numClasses="0" visitedMethods="1" numMethods="1" />
              <MetadataToken>100663358</MetadataToken>
              <Name>Microsoft.Xrm.Sdk.Query.FilterExpression Xrm.Oss.FluentQuery.FluentFilterExpression::GetFilter()</Name>
              <FileRef uid="1" />
              <SequencePoints>
                <SequencePoint vc="6" uspid="172" ordinal="0" offset="0" sl="603" sc="9" el="603" ec="10" bec="0" bev="0" fileid="1" />
                <SequencePoint vc="6" uspid="173" ordinal="1" offset="1" sl="604" sc="13" el="604" ec="28" bec="0" bev="0" fileid="1" />
                <SequencePoint vc="6" uspid="174" ordinal="2" offset="10" sl="605" sc="9" el="605" ec="10" bec="0" bev="0" fileid="1" />
              </SequencePoints>
              <BranchPoints />
              <MethodPoint xsi:type="SequencePoint" vc="6" uspid="172" ordinal="0" offset="0" sl="603" sc="9" el="603" ec="10" bec="0" bev="0" fileid="1" />
            </Method>
          </Methods>
        </Class>
        <Class>
          <Summary numSequencePoints="33" visitedSequencePoints="33" numBranchPoints="9" visitedBranchPoints="9" sequenceCoverage="100" branchCoverage="100" maxCyclomaticComplexity="1" minCyclomaticComplexity="1" visitedClasses="1" numClasses="1" visitedMethods="9" numMethods="9" />
          <FullName>Xrm.Oss.FluentQuery.FluentConditionExpression</FullName>
          <Methods>
            <Method visited="true" cyclomaticComplexity="1" nPathComplexity="0" sequenceCoverage="100" branchCoverage="100" isConstructor="true" isStatic="false" isGetter="false" isSetter="false">
              <Summary numSequencePoints="4" visitedSequencePoints="4" numBranchPoints="1" visitedBranchPoints="1" sequenceCoverage="100" branchCoverage="100" maxCyclomaticComplexity="1" minCyclomaticComplexity="1" visitedClasses="0" numClasses="0" visitedMethods="1" numMethods="1" />
              <MetadataToken>100663366</MetadataToken>
              <Name>System.Void Xrm.Oss.FluentQuery.FluentConditionExpression::.ctor()</Name>
              <FileRef uid="1" />
              <SequencePoints>
                <SequencePoint vc="7" uspid="175" ordinal="0" offset="0" sl="673" sc="9" el="673" ec="43" bec="0" bev="0" fileid="1" />
                <SequencePoint vc="7" uspid="176" ordinal="1" offset="7" sl="674" sc="9" el="674" ec="10" bec="0" bev="0" fileid="1" />
                <SequencePoint vc="7" uspid="177" ordinal="2" offset="8" sl="675" sc="13" el="675" ec="52" bec="0" bev="0" fileid="1" />
                <SequencePoint vc="7" uspid="178" ordinal="3" offset="19" sl="676" sc="9" el="676" ec="10" bec="0" bev="0" fileid="1" />
              </SequencePoints>
              <BranchPoints />
              <MethodPoint xsi:type="SequencePoint" vc="7" uspid="175" ordinal="0" offset="0" sl="673" sc="9" el="673" ec="43" bec="0" bev="0" fileid="1" />
            </Method>
            <Method visited="true" cyclomaticComplexity="1" nPathComplexity="0" sequenceCoverage="100" branchCoverage="100" isConstructor="false" isStatic="false" isGetter="false" isSetter="false">
              <Summary numSequencePoints="4" visitedSequencePoints="4" numBranchPoints="1" visitedBranchPoints="1" sequenceCoverage="100" branchCoverage="100" maxCyclomaticComplexity="1" minCyclomaticComplexity="1" visitedClasses="0" numClasses="0" visitedMethods="1" numMethods="1" />
              <MetadataToken>100663367</MetadataToken>
              <Name>Xrm.Oss.FluentQuery.IFluentConditionExpression Xrm.Oss.FluentQuery.FluentConditionExpression::Is(Microsoft.Xrm.Sdk.Query.ConditionOperator)</Name>
              <FileRef uid="1" />
              <SequencePoints>
                <SequencePoint vc="7" uspid="179" ordinal="0" offset="0" sl="679" sc="9" el="679" ec="10" bec="0" bev="0" fileid="1" />
                <SequencePoint vc="7" uspid="180" ordinal="1" offset="1" sl="680" sc="13" el="680" ec="53" bec="0" bev="0" fileid="1" />
                <SequencePoint vc="7" uspid="181" ordinal="2" offset="14" sl="682" sc="13" el="682" ec="25" bec="0" bev="0" fileid="1" />
                <SequencePoint vc="7" uspid="182" ordinal="3" offset="18" sl="683" sc="9" el="683" ec="10" bec="0" bev="0" fileid="1" />
              </SequencePoints>
              <BranchPoints />
              <MethodPoint xsi:type="SequencePoint" vc="7" uspid="179" ordinal="0" offset="0" sl="679" sc="9" el="679" ec="10" bec="0" bev="0" fileid="1" />
            </Method>
            <Method visited="true" cyclomaticComplexity="1" nPathComplexity="0" sequenceCoverage="100" branchCoverage="100" isConstructor="false" isStatic="false" isGetter="false" isSetter="false">
[...]
              <MetadataToken>100663378</MetadataToken>
              <Name>System.Void Xrm.Oss.FluentQuery.FluentOrderExpression::.ctor()</Name>
              <FileRef uid="1" />
              <SequencePoints>
                <SequencePoint vc="5" uspid="208" ordinal="0" offset="0" sl="758" sc="9" el="758" ec="40" bec="0" bev="0" fileid="1" />
                <SequencePoint vc="5" uspid="209" ordinal="1" offset="7" sl="759" sc="9" el="759" ec="10" bec="0" bev="0" fileid="1" />
                <SequencePoint vc="5" uspid="210" ordinal="2" offset="8" sl="760" sc="13" el="760" ec="44" bec="0" bev="0" fileid="1" />
                <SequencePoint vc="5" uspid="211" ordinal="3" offset="19" sl="761" sc="9" el="761" ec="10" bec="0" bev="0" fileid="1" />
              </SequencePoints>
              <BranchPoints />
              <MethodPoint xsi:type="SequencePoint" vc="5" uspid="208" ordinal="0" offset="0" sl="758" sc="9" el="758" ec="40" bec="0" bev="0" fileid="1" />
            </Method>
            <Method visited="true" cyclomaticComplexity="1" nPathComplexity="0" sequenceCoverage="100" branchCoverage="100" isConstructor="false" isStatic="false" isGetter="false" isSetter="false">
              <Summary numSequencePoints="4" visitedSequencePoints="4" numBranchPoints="1" visitedBranchPoints="1" sequenceCoverage="100" branchCoverage="100" maxCyclomaticComplexity="1" minCyclomaticComplexity="1" visitedClasses="0" numClasses="0" visitedMethods="1" numMethods="1" />
              <MetadataToken>100663379</MetadataToken>
              <Name>Xrm.Oss.FluentQuery.IFluentOrderExpression Xrm.Oss.FluentQuery.FluentOrderExpression::By(System.String)</Name>
              <FileRef uid="1" />
              <SequencePoints>
                <SequencePoint vc="5" uspid="212" ordinal="0" offset="0" sl="764" sc="9" el="764" ec="10" bec="0" bev="0" fileid="1" />
                <SequencePoint vc="5" uspid="213" ordinal="1" offset="1" sl="765" sc="13" el="765" ec="50" bec="0" bev="0" fileid="1" />
                <SequencePoint vc="5" uspid="214" ordinal="2" offset="14" sl="767" sc="13" el="767" ec="25" bec="0" bev="0" fileid="1" />
                <SequencePoint vc="5" uspid="215" ordinal="3" offset="18" sl="768" sc="9" el="768" ec="10" bec="0" bev="0" fileid="1" />
              </SequencePoints>
              <BranchPoints />
              <MethodPoint xsi:type="SequencePoint" vc="5" uspid="212" ordinal="0" offset="0" sl="764" sc="9" el="764" ec="10" bec="0" bev="0" fileid="1" />
            </Method>
            <Method visited="true" cyclomaticComplexity="1" nPathComplexity="0" sequenceCoverage="100" branchCoverage="100" isConstructor="false" isStatic="false" isGetter="false" isSetter="false">
              <Summary numSequencePoints="4" visitedSequencePoints="4" numBranchPoints="1" visitedBranchPoints="1" sequenceCoverage="100" branchCoverage="100" maxCyclomaticComplexity="1" minCyclomaticComplexity="1" visitedClasses="0" numClasses="0" visitedMethods="1" numMethods="1" />
              <MetadataToken>100663380</MetadataToken>
              <Name>Xrm.Oss.FluentQuery.IFluentOrderExpression Xrm.Oss.FluentQuery.FluentOrderExpression::Ascending()</Name>
              <FileRef uid="1" />
              <SequencePoints>
                <SequencePoint vc="1" uspid="216" ordinal="0" offset="0" sl="771" sc="9" el="771" ec="10" bec="0" bev="0" fileid="1" />
                <SequencePoint vc="1" uspid="217" ordinal="1" offset="1" sl="772" sc="13" el="772" ec="52" bec="0" bev="0" fileid="1" />
                <SequencePoint vc="1" uspid="218" ordinal="2" offset="14" sl="774" sc="13" el="774" ec="25" bec="0" bev="0" fileid="1" />
                <SequencePoint vc="1" uspid="219" ordinal="3" offset="18" sl="775" sc="9" el="775" ec="10" bec="0" bev="0" fileid="1" />
              </SequencePoints>
              <BranchPoints />
              <MethodPoint xsi:type="SequencePoint" vc="1" uspid="216" ordinal="0" offset="0" sl="771" sc="9" el="771" ec="10" bec="0" bev="0" fileid="1" />
            </Method>
            <Method visited="true" cyclomaticComplexity="1" nPathComplexity="0" sequenceCoverage="100" branchCoverage="100" isConstructor="false" isStatic="false" isGetter="false" isSetter="false">
              <Summary numSequencePoints="4" visitedSequencePoints="4" numBranchPoints="1" visitedBranchPoints="1" sequenceCoverage="100" branchCoverage="100" maxCyclomaticComplexity="1" minCyclomaticComplexity="1" visitedClasses="0" numClasses="0" visitedMethods="1" numMethods="1" />
              <MetadataToken>100663381</MetadataToken>
              <Name>Xrm.Oss.FluentQuery.IFluentOrderExpression Xrm.Oss.FluentQuery.FluentOrderExpression::Descending()</Name>
              <FileRef uid="1" />
              <SequencePoints>
                <SequencePoint vc="1" uspid="220" ordinal="0" offset="0" sl="778" sc="9" el="778" ec="10" bec="0" bev="0" fileid="1" />
                <SequencePoint vc="1" uspid="221" ordinal="1" offset="1" sl="779" sc="13" el="779" ec="53" bec="0" bev="0" fileid="1" />
                <SequencePoint vc="1" uspid="222" ordinal="2" offset="14" sl="781" sc="13" el="781" ec="25" bec="0" bev="0" fileid="1" />
                <SequencePoint vc="1" uspid="223" ordinal="3" offset="18" sl="782" sc="9" el="782" ec="10" bec="0" bev="0" fileid="1" />
              </SequencePoints>
              <BranchPoints />
              <MethodPoint xsi:type="SequencePoint" vc="1" uspid="220" ordinal="0" offset="0" sl="778" sc="9" el="778" ec="10" bec="0" bev="0" fileid="1" />
            </Method>
            <Method visited="true" cyclomaticComplexity="1" nPathComplexity="0" sequenceCoverage="100" branchCoverage="100" isConstructor="false" isStatic="false" isGetter="false" isSetter="false">
              <Summary numSequencePoints="3" visitedSequencePoints="3" numBranchPoints="1" visitedBranchPoints="1" sequenceCoverage="100" branchCoverage="100" maxCyclomaticComplexity="1" minCyclomaticComplexity="1" visitedClasses="0" numClasses="0" visitedMethods="1" numMethods="1" />
              <MetadataToken>100663382</MetadataToken>
              <Name>Microsoft.Xrm.Sdk.Query.OrderExpression Xrm.Oss.FluentQuery.FluentOrderExpression::GetOrder()</Name>
              <FileRef uid="1" />
              <SequencePoints>
                <SequencePoint vc="5" uspid="224" ordinal="0" offset="0" sl="785" sc="9" el="785" ec="10" bec="0" bev="0" fileid="1" />
                <SequencePoint vc="5" uspid="225" ordinal="1" offset="1" sl="786" sc="13" el="786" ec="27" bec="0" bev="0" fileid="1" />
                <SequencePoint vc="5" uspid="226" ordinal="2" offset="10" sl="787" sc="9" el="787" ec="10" bec="0" bev="0" fileid="1" />
              </SequencePoints>
              <BranchPoints />
              <MethodPoint xsi:type="SequencePoint" vc="5" uspid="224" ordinal="0" offset="0" sl="785" sc="9" el="785" ec="10" bec="0" bev="0" fileid="1" />
            </Method>
          </Methods>
        </Class>
        <Class>
          <Summary numSequencePoints="23" visitedSequencePoints="23" numBranchPoints="6" visitedBranchPoints="6" sequenceCoverage="100" branchCoverage="100" maxCyclomaticComplexity="1" minCyclomaticComplexity="1" visitedClasses="1" numClasses="1" visitedMethods="6" numMethods="6" />
          <FullName>Xrm.Oss.FluentQuery.FluentPagingInfo</FullName>
          <Methods>
            <Method visited="true" cyclomaticComplexity="1" nPathComplexity="0" sequenceCoverage="100" branchCoverage="100" isConstructor="true" isStatic="false" isGetter="false" isSetter="false">
              <Summary numSequencePoints="4" visitedSequencePoints="4" numBranchPoints="1" visitedBranchPoints="1" sequenceCoverage="100" branchCoverage="100" maxCyclomaticComplexity="1" minCyclomaticComplexity="1" visitedClasses="0" numClasses="0" visitedMethods="1" numMethods="1" />
              <MetadataToken>100663387</MetadataToken>
              <Name>System.Void Xrm.Oss.FluentQuery.FluentPagingInfo::.ctor()</Name>
              <FileRef uid="1" />
              <SequencePoints>
                <SequencePoint vc="3" uspid="227" ordinal="0" offset="0" sl="830" sc="9" el="830" ec="34" bec="0" bev="0" fileid="1" />
                <SequencePoint vc="3" uspid="228" ordinal="1" offset="7" sl="831" sc="9" el="831" ec="10" bec="0" bev="0" fileid="1" />
                <SequencePoint vc="3" uspid="229" ordinal="2" offset="8" sl="832" sc="13" el="835" ec="15" bec="0" bev="0" fileid="1" />
                <SequencePoint vc="3" uspid="230" ordinal="3" offset="27" sl="836" sc="9" el="836" ec="10" bec="0" bev="0" fileid="1" />
              </SequencePoints>
              <BranchPoints />
              <MethodPoint xsi:type="SequencePoint" vc="3" uspid="227" ordinal="0" offset="0" sl="830" sc="9" el="830" ec="34" bec="0" bev="0" fileid="1" />
            </Method>
            <Method visited="true" cyclomaticComplexity="1" nPathComplexity="0" sequenceCoverage="100" branchCoverage="100" isConstructor="false" isStatic="false" isGetter="false" isSetter="false">
              <Summary numSequencePoints="4" visitedSequencePoints="4" numBranchPoints="1" visitedBranchPoints="1" sequenceCoverage="100" branchCoverage="100" maxCyclomaticComplexity="1" minCyclomaticComplexity="1" visitedClasses="0" numClasses="0" visitedMethods="1" numMethods="1" />
              <MetadataToken>100663388</MetadataToken>
              <Name>Xrm.Oss.FluentQuery.IFluentPagingInfo Xrm.Oss.FluentQuery.FluentPagingInfo::PageNumber(System.Int32)</Name>
              <FileRef uid="1" />
              <SequencePoints>
                <SequencePoint vc="3" uspid="231" ordinal="0" offset="0" sl="839" sc="9" el="839" ec="10" bec="0" bev="0" fileid="1" />
                <SequencePoint vc="3" uspid="232" ordinal="1" offset="1" sl="840" sc="13" el="840" ec="45" bec="0" bev="0" fileid="1" />
                <SequencePoint vc="3" uspid="233" ordinal="2" offset="14" sl="842" sc="13" el="842" ec="25" bec="0" bev="0" fileid="1" />
                <SequencePoint vc="3" uspid="234" ordinal="3" offset="18" sl="843" sc="9" el="843" ec="10" bec="0" bev="0" fileid="1" />
              </SequencePoints>
              <BranchPoints />
              <MethodPoint xsi:type="SequencePoint" vc="3" uspid="231" ordinal="0" offset="0" sl="839" sc="9" el="839" ec="10" bec="0" bev="0" fileid="1" />
            </Method>
            <Method visited="true" cyclomaticComplexity="1" nPathComplexity="0" sequenceCoverage="100" branchCoverage="100" isConstructor="false" isStatic="false" isGetter="false" isSetter="false">
              <Summary numSequencePoints="4" visitedSequencePoints="4" numBranchPoints="1" visitedBranchPoints="1" sequenceCoverage="100" branchCoverage="100" maxCyclomaticComplexity="1" minCyclomaticComplexity="1" visitedClasses="0" numClasses="0" visitedMethods="1" numMethods="1" />
              <MetadataToken>100663389</MetadataToken>
              <Name>Xrm.Oss.FluentQuery.IFluentPagingInfo Xrm.Oss.FluentQuery.FluentPagingInfo::PageSize(System.Int32)</Name>
              <FileRef uid="1" />
              <SequencePoints>
                <SequencePoint vc="2" uspid="235" ordinal="0" offset="0" sl="846" sc="9" el="846" ec="10" bec="0" bev="0" fileid="1" />
                <SequencePoint vc="2" uspid="236" ordinal="1" offset="1" sl="847" sc="13" el="847" ec="40" bec="0" bev="0" fileid="1" />
                <SequencePoint vc="2" uspid="237" ordinal="2" offset="14" sl="849" sc="13" el="849" ec="25" bec="0" bev="0" fileid="1" />
                <SequencePoint vc="2" uspid="238" ordinal="3" offset="18" sl="850" sc="9" el="850" ec="10" bec="0" bev="0" fileid="1" />
              </SequencePoints>
              <BranchPoints />
              <MethodPoint xsi:type="SequencePoint" vc="2" uspid="235" ordinal="0" offset="0" sl="846" sc="9" el="846" ec="10" bec="0" bev="0" fileid="1" />
            </Method>
            <Method visited="true" cyclomaticComplexity="1" nPathComplexity="0" sequenceCoverage="100" branchCoverage="100" isConstructor="false" isStatic="false" isGetter="false" isSetter="false">
              <Summary numSequencePoints="4" visitedSequencePoints="4" numBranchPoints="1" visitedBranchPoints="1" sequenceCoverage="100" branchCoverage="100" maxCyclomaticComplexity="1" minCyclomaticComplexity="1" visitedClasses="0" numClasses="0" visitedMethods="1" numMethods="1" />
              <MetadataToken>100663390</MetadataToken>
              <Name>Xrm.Oss.FluentQuery.IFluentPagingInfo Xrm.Oss.FluentQuery.FluentPagingInfo::PagingCookie(System.String)</Name>
              <FileRef uid="1" />
              <SequencePoints>
                <SequencePoint vc="1" uspid="239" ordinal="0" offset="0" sl="853" sc="9" el="853" ec="10" bec="0" bev="0" fileid="1" />
                <SequencePoint vc="1" uspid="240" ordinal="1" offset="1" sl="854" sc="13" el="854" ec="53" bec="0" bev="0" fileid="1" />
                <SequencePoint vc="1" uspid="241" ordinal="2" offset="14" sl="856" sc="13" el="856" ec="25" bec="0" bev="0" fileid="1" />
                <SequencePoint vc="1" uspid="242" ordinal="3" offset="18" sl="857" sc="9" el="857" ec="10" bec="0" bev="0" fileid="1" />
              </SequencePoints>
              <BranchPoints />
              <MethodPoint xsi:type="SequencePoint" vc="1" uspid="239" ordinal="0" offset="0" sl="853" sc="9" el="853" ec="10" bec="0" bev="0" fileid="1" />
            </Method>
            <Method visited="true" cyclomaticComplexity="1" nPathComplexity="0" sequenceCoverage="100" branchCoverage="100" isConstructor="false" isStatic="false" isGetter="false" isSetter="false">
              <Summary numSequencePoints="4" visitedSequencePoints="4" numBranchPoints="1" visitedBranchPoints="1" sequenceCoverage="100" branchCoverage="100" maxCyclomaticComplexity="1" minCyclomaticComplexity="1" visitedClasses="0" numClasses="0" visitedMethods="1" numMethods="1" />
              <MetadataToken>100663391</MetadataToken>
              <Name>Xrm.Oss.FluentQuery.IFluentPagingInfo Xrm.Oss.FluentQuery.FluentPagingInfo::ReturnTotalRecordCount(System.Boolean)</Name>
              <FileRef uid="1" />
              <SequencePoints>
                <SequencePoint vc="1" uspid="243" ordinal="0" offset="0" sl="860" sc="9" el="860" ec="10" bec="0" bev="0" fileid="1" />
                <SequencePoint vc="1" uspid="244" ordinal="1" offset="1" sl="861" sc="13" el="861" ec="62" bec="0" bev="0" fileid="1" />
                <SequencePoint vc="1" uspid="245" ordinal="2" offset="14" sl="863" sc="13" el="863" ec="25" bec="0" bev="0" fileid="1" />
                <SequencePoint vc="1" uspid="246" ordinal="3" offset="18" sl="864" sc="9" el="864" ec="10" bec="0" bev="0" fileid="1" />
              </SequencePoints>
              <BranchPoints />
              <MethodPoint xsi:type="SequencePoint" vc="1" uspid="243" ordinal="0" offset="0" sl="860" sc="9" el="860" ec="10" bec="0" bev="0" fileid="1" />
            </Method>
            <Method visited="true" cyclomaticComplexity="1" nPathComplexity="0" sequenceCoverage="100" branchCoverage="100" isConstructor="false" isStatic="false" isGetter="false" isSetter="false">
              <Summary numSequencePoints="3" visitedSequencePoints="3" numBranchPoints="1" visitedBranchPoints="1" sequenceCoverage="100" branchCoverage="100" maxCyclomaticComplexity="1" minCyclomaticComplexity="1" visitedClasses="0" numClasses="0" visitedMethods="1" numMethods="1" />
              <MetadataToken>100663392</MetadataToken>
              <Name>Microsoft.Xrm.Sdk.Query.PagingInfo Xrm.Oss.FluentQuery.FluentPagingInfo::GetPagingInfo()</Name>
              <FileRef uid="1" />
              <SequencePoints>
                <SequencePoint vc="3" uspid="247" ordinal="0" offset="0" sl="867" sc="9" el="867" ec="10" bec="0" bev="0" fileid="1" />
                <SequencePoint vc="3" uspid="248" ordinal="1" offset="1" sl="868" sc="13" el="868" ec="32" bec="0" bev="0" fileid="1" />
                <SequencePoint vc="3" uspid="249" ordinal="2" offset="10" sl="869" sc="9" el="869" ec="10" bec="0" bev="0" fileid="1" />
              </SequencePoints>
              <BranchPoints />
              <MethodPoint xsi:type="SequencePoint" vc="3" uspid="247" ordinal="0" offset="0" sl="867" sc="9" el="867" ec="10" bec="0" bev="0" fileid="1" />
            </Method>
          </Methods>
        </Class>
      </Classes>
    </Module>
    <Module skippedDueTo="Filter" hash="8E-AC-5F-74-B4-99-37-90-02-9E-70-3B-A1-DA-82-3F-3D-E3-8C-EF">
      <ModulePath>C:\Users\Florian\Entwicklung\Xrm-Fluent-Query\test\Microsoft.Xrm.Sdk.Workflow.dll</ModulePath>
      <ModuleTime>2016-12-21T12:48:10Z</ModuleTime>
      <ModuleName>Microsoft.Xrm.Sdk.Workflow</ModuleName>
      <Classes />
    </Module>
    <Module skippedDueTo="Filter" hash="59-73-B6-E6-C6-F9-65-0F-29-3D-C6-1D-A0-64-5D-E0-54-48-95-CA">
      <ModulePath>C:\Users\Florian\Entwicklung\Xrm-Fluent-Query\test\Microsoft.Crm.Sdk.Proxy.dll</ModulePath>
      <ModuleTime>2016-12-21T12:48:06Z</ModuleTime>
      <ModuleName>Microsoft.Crm.Sdk.Proxy</ModuleName>
      <Classes />
    </Module>
    <Module skippedDueTo="Filter" hash="4D-DB-60-0F-4E-E8-7F-52-F6-A0-85-62-A6-2C-23-48-26-AB-42-71">
      <ModulePath>C:\Users\Florian\Entwicklung\Xrm-Fluent-Query\test\FakeItEasy.dll</ModulePath>
      <ModuleTime>2015-07-23T15:48:32Z</ModuleTime>
      <ModuleName>FakeItEasy</ModuleName>
      <Classes />
    </Module>
    <Module skippedDueTo="Filter" hash="62-13-DF-BA-4D-76-38-3A-FE-E9-5E-D8-6C-07-CC-1D-A2-DE-73-52">
      <ModulePath>C:\WINDOWS\Microsoft.Net\assembly\GAC_MSIL\System.Configuration\v4.0_4.0.0.0__b03f5f7f11d50a3a\System.Configuration.dll</ModulePath>
      <ModuleTime>2017-09-29T13:43:06.6154445Z</ModuleTime>
      <ModuleName>System.Configuration</ModuleName>
      <Classes />
    </Module>
    <Module skippedDueTo="Filter" hash="B6-A3-82-E5-87-DE-B8-9D-E6-F2-21-7E-99-D0-D0-CA-9B-B6-1F-B3">
      <ModulePath>C:\WINDOWS\Microsoft.Net\assembly\GAC_MSIL\mscorlib.resources\v4.0_4.0.0.0_de_b77a5c561934e089\mscorlib.resources.dll</ModulePath>
      <ModuleTime>2017-09-30T14:34:32.9580479Z</ModuleTime>
      <ModuleName>mscorlib.resources</ModuleName>
      <Classes />
    </Module>
    <Module skippedDueTo="Filter" hash="">
      <ModulePath>RefEmit_InMemoryManifestModule</ModulePath>
      <ModuleTime>0001-01-01T00:00:00</ModuleTime>
      <ModuleName>DynamicProxyGenAssembly2</ModuleName>
      <Classes />
    </Module>
    <Module skippedDueTo="Filter" hash="B0-46-51-4E-82-92-C4-22-9E-8B-83-02-6F-17-A3-F2-D2-B5-DF-27">
      <ModulePath>C:\WINDOWS\Microsoft.Net\assembly\GAC_MSIL\System.ServiceModel\v4.0_4.0.0.0__b77a5c561934e089\System.ServiceModel.dll</ModulePath>
      <ModuleTime>2017-12-22T03:10:38.3572582Z</ModuleTime>
      <ModuleName>System.ServiceModel</ModuleName>
      <Classes />
    </Module>
    <Module skippedDueTo="Filter" hash="">
      <ModulePath>RefEmit_InMemoryManifestModule</ModulePath>
      <ModuleTime>0001-01-01T00:00:00</ModuleTime>
      <ModuleName>Anonymously Hosted DynamicMethods Assembly</ModuleName>
      <Classes />
    </Module>
    <Module skippedDueTo="Filter" hash="43-2E-6A-4E-42-C5-B5-A0-58-83-1D-BD-1D-A2-A9-F8-DD-95-24-D4">
      <ModulePath>C:\WINDOWS\Microsoft.Net\assembly\GAC_MSIL\System.Xml.Linq\v4.0_4.0.0.0__b77a5c561934e089\System.Xml.Linq.dll</ModulePath>
      <ModuleTime>2017-09-29T13:43:08.1155667Z</ModuleTime>
      <ModuleName>System.Xml.Linq</ModuleName>
      <Classes />
    </Module>
    <Module skippedDueTo="Filter" hash="B6-A3-82-E5-87-DE-B8-9D-E6-F2-21-7E-99-D0-D0-CA-9B-B6-1F-B3">
      <ModulePath>C:\WINDOWS\Microsoft.Net\assembly\GAC_MSIL\mscorlib.resources\v4.0_4.0.0.0_de_b77a5c561934e089\mscorlib.resources.dll</ModulePath>
      <ModuleTime>2017-09-30T14:34:32.9580479Z</ModuleTime>
      <ModuleName>mscorlib.resources</ModuleName>
      <Classes />
    </Module>
  </Modules>
</CoverageSession>