<?xml version="1.0" encoding="utf-8"?>
<CoverageSession xmlns:xsd="http://www.w3.org/2001/XMLSchema" xmlns:xsi="http://www.w3.org/2001/XMLSchema-instance">
  <Summary numSequencePoints="211" visitedSequencePoints="195" numBranchPoints="52" visitedBranchPoints="47" sequenceCoverage="92.42" branchCoverage="90.38" maxCyclomaticComplexity="3" minCyclomaticComplexity="1" visitedClasses="7" numClasses="7" visitedMethods="45" numMethods="48" />
  <Modules>
    <Module skippedDueTo="Filter" hash="D9-A4-43-79-FA-F4-2A-B0-31-3A-20-A1-03-C5-E0-42-94-AB-99-28">
      <ModulePath>C:\WINDOWS\Microsoft.Net\assembly\GAC_64\mscorlib\v4.0_4.0.0.0__b77a5c561934e089\mscorlib.dll</ModulePath>
      <ModuleTime>2018-02-09T03:35:01.1681381Z</ModuleTime>
      <ModuleName>mscorlib</ModuleName>
      <Classes />
    </Module>
    <Module skippedDueTo="Filter" hash="86-E9-3D-3D-7C-09-09-11-61-67-42-C6-1E-4B-75-FF-C4-1C-03-96">
      <ModulePath>C:\Users\Florian\Entwicklung\Xrm-Fluent-Query\packages\nunit.consolerunner\tools\nunit3-console.exe</ModulePath>
      <ModuleTime>2018-01-27T10:27:14Z</ModuleTime>
      <ModuleName>nunit3-console</ModuleName>
      <Classes />
    </Module>
    <Module skippedDueTo="Filter" hash="CB-7B-C7-A0-09-0F-BA-F4-8A-02-A9-E9-2A-7B-43-34-93-46-0F-58">
      <ModulePath>C:\WINDOWS\Microsoft.Net\assembly\GAC_MSIL\System\v4.0_4.0.0.0__b77a5c561934e089\System.dll</ModulePath>
      <ModuleTime>2017-09-29T13:43:06.7717063Z</ModuleTime>
      <ModuleName>System</ModuleName>
      <Classes />
    </Module>
    <Module skippedDueTo="Filter" hash="C1-08-CD-F2-59-9C-E6-0B-62-F9-09-43-74-9F-8D-57-9D-A9-93-31">
      <ModulePath>C:\Users\Florian\Entwicklung\Xrm-Fluent-Query\packages\nunit.consolerunner\tools\nunit.engine.api.dll</ModulePath>
      <ModuleTime>2018-01-27T10:27:14Z</ModuleTime>
      <ModuleName>nunit.engine.api</ModuleName>
      <Classes />
    </Module>
    <Module skippedDueTo="Filter" hash="95-2A-FF-98-B6-82-8F-7C-F0-AC-3D-56-5A-54-93-7D-3B-32-4F-7B">
      <ModulePath>C:\Users\Florian\Entwicklung\Xrm-Fluent-Query\packages\nunit.consolerunner\tools\nunit.engine.dll</ModulePath>
      <ModuleTime>2018-01-27T10:27:14Z</ModuleTime>
      <ModuleName>nunit.engine</ModuleName>
      <Classes />
    </Module>
    <Module skippedDueTo="Filter" hash="95-2A-FF-98-B6-82-8F-7C-F0-AC-3D-56-5A-54-93-7D-3B-32-4F-7B">
      <ModulePath>C:\Users\Florian\Entwicklung\Xrm-Fluent-Query\packages\nunit.consolerunner\tools\nunit.engine.dll</ModulePath>
      <ModuleTime>2018-01-27T10:27:14Z</ModuleTime>
      <ModuleName>nunit.engine</ModuleName>
      <Classes />
    </Module>
    <Module skippedDueTo="Filter" hash="58-2A-4C-0C-25-69-3C-E5-E8-8F-0E-35-DB-19-D0-78-0E-D1-10-FA">
      <ModulePath>C:\WINDOWS\Microsoft.Net\assembly\GAC_MSIL\System.Xml\v4.0_4.0.0.0__b77a5c561934e089\System.Xml.dll</ModulePath>
      <ModuleTime>2017-12-22T03:10:39.7166266Z</ModuleTime>
      <ModuleName>System.Xml</ModuleName>
      <Classes />
    </Module>
    <Module skippedDueTo="Filter" hash="DC-F8-A3-B5-3C-D2-A2-92-BD-DE-4F-B9-C1-C6-59-24-2B-D3-FE-39">
      <ModulePath>C:\WINDOWS\Microsoft.Net\assembly\GAC_64\System.Web\v4.0_4.0.0.0__b03f5f7f11d50a3a\System.Web.dll</ModulePath>
      <ModuleTime>2018-02-09T03:34:33.7286998Z</ModuleTime>
      <ModuleName>System.Web</ModuleName>
      <Classes />
    </Module>
    <Module skippedDueTo="Filter" hash="95-C2-7F-29-1B-5E-88-C5-62-B1-37-09-E1-F0-97-D4-51-18-8D-2E">
      <ModulePath>C:\WINDOWS\Microsoft.Net\assembly\GAC_MSIL\System.Runtime.Remoting\v4.0_4.0.0.0__b77a5c561934e089\System.Runtime.Remoting.dll</ModulePath>
      <ModuleTime>2017-09-29T13:43:06.6935754Z</ModuleTime>
      <ModuleName>System.Runtime.Remoting</ModuleName>
      <Classes />
    </Module>
    <Module skippedDueTo="Filter" hash="62-13-DF-BA-4D-76-38-3A-FE-E9-5E-D8-6C-07-CC-1D-A2-DE-73-52">
      <ModulePath>C:\WINDOWS\Microsoft.Net\assembly\GAC_MSIL\System.Configuration\v4.0_4.0.0.0__b03f5f7f11d50a3a\System.Configuration.dll</ModulePath>
      <ModuleTime>2017-09-29T13:43:06.6154445Z</ModuleTime>
      <ModuleName>System.Configuration</ModuleName>
      <Classes />
    </Module>
    <Module skippedDueTo="Filter" hash="8A-2E-8F-D6-9D-39-02-4A-2F-30-FC-06-42-F7-0F-A8-32-69-07-72">
      <ModulePath>C:\Users\Florian\Entwicklung\Xrm-Fluent-Query\packages\nunit.consolerunner\tools\Mono.Cecil.dll</ModulePath>
      <ModuleTime>2018-01-27T10:27:14Z</ModuleTime>
      <ModuleName>Mono.Cecil</ModuleName>
      <Classes />
    </Module>
    <Module skippedDueTo="Filter" hash="D9-A4-43-79-FA-F4-2A-B0-31-3A-20-A1-03-C5-E0-42-94-AB-99-28">
      <ModulePath>C:\WINDOWS\Microsoft.Net\assembly\GAC_64\mscorlib\v4.0_4.0.0.0__b77a5c561934e089\mscorlib.dll</ModulePath>
      <ModuleTime>2018-02-09T03:35:01.1681381Z</ModuleTime>
      <ModuleName>mscorlib</ModuleName>
      <Classes />
    </Module>
    <Module skippedDueTo="Filter" hash="23-B3-8E-36-35-0B-BD-20-43-E0-A1-0E-D9-F4-93-5D-15-17-91-15">
      <ModulePath>C:\Users\Florian\Entwicklung\Xrm-Fluent-Query\packages\nunit.consolerunner\tools\nunit-agent.exe</ModulePath>
      <ModuleTime>2018-01-27T10:27:14Z</ModuleTime>
      <ModuleName>nunit-agent</ModuleName>
      <Classes />
    </Module>
    <Module skippedDueTo="Filter" hash="C1-08-CD-F2-59-9C-E6-0B-62-F9-09-43-74-9F-8D-57-9D-A9-93-31">
      <ModulePath>C:\Users\Florian\Entwicklung\Xrm-Fluent-Query\packages\nunit.consolerunner\tools\nunit.engine.api.dll</ModulePath>
      <ModuleTime>2018-01-27T10:27:14Z</ModuleTime>
      <ModuleName>nunit.engine.api</ModuleName>
      <Classes />
    </Module>
    <Module skippedDueTo="Filter" hash="95-2A-FF-98-B6-82-8F-7C-F0-AC-3D-56-5A-54-93-7D-3B-32-4F-7B">
      <ModulePath>C:\Users\Florian\Entwicklung\Xrm-Fluent-Query\packages\nunit.consolerunner\tools\nunit.engine.dll</ModulePath>
      <ModuleTime>2018-01-27T10:27:14Z</ModuleTime>
      <ModuleName>nunit.engine</ModuleName>
      <Classes />
    </Module>
    <Module skippedDueTo="Filter" hash="CB-7B-C7-A0-09-0F-BA-F4-8A-02-A9-E9-2A-7B-43-34-93-46-0F-58">
      <ModulePath>C:\WINDOWS\Microsoft.Net\assembly\GAC_MSIL\System\v4.0_4.0.0.0__b77a5c561934e089\System.dll</ModulePath>
      <ModuleTime>2017-09-29T13:43:06.7717063Z</ModuleTime>
      <ModuleName>System</ModuleName>
      <Classes />
    </Module>
    <Module skippedDueTo="Filter" hash="58-2A-4C-0C-25-69-3C-E5-E8-8F-0E-35-DB-19-D0-78-0E-D1-10-FA">
      <ModulePath>C:\WINDOWS\Microsoft.Net\assembly\GAC_MSIL\System.Xml\v4.0_4.0.0.0__b77a5c561934e089\System.Xml.dll</ModulePath>
      <ModuleTime>2017-12-22T03:10:39.7166266Z</ModuleTime>
      <ModuleName>System.Xml</ModuleName>
      <Classes />
    </Module>
    <Module skippedDueTo="Filter" hash="DC-F8-A3-B5-3C-D2-A2-92-BD-DE-4F-B9-C1-C6-59-24-2B-D3-FE-39">
      <ModulePath>C:\WINDOWS\Microsoft.Net\assembly\GAC_64\System.Web\v4.0_4.0.0.0__b03f5f7f11d50a3a\System.Web.dll</ModulePath>
      <ModuleTime>2018-02-09T03:34:33.7286998Z</ModuleTime>
      <ModuleName>System.Web</ModuleName>
      <Classes />
    </Module>
    <Module skippedDueTo="Filter" hash="95-C2-7F-29-1B-5E-88-C5-62-B1-37-09-E1-F0-97-D4-51-18-8D-2E">
      <ModulePath>C:\WINDOWS\Microsoft.Net\assembly\GAC_MSIL\System.Runtime.Remoting\v4.0_4.0.0.0__b77a5c561934e089\System.Runtime.Remoting.dll</ModulePath>
      <ModuleTime>2017-09-29T13:43:06.6935754Z</ModuleTime>
      <ModuleName>System.Runtime.Remoting</ModuleName>
      <Classes />
    </Module>
    <Module skippedDueTo="Filter" hash="62-13-DF-BA-4D-76-38-3A-FE-E9-5E-D8-6C-07-CC-1D-A2-DE-73-52">
      <ModulePath>C:\WINDOWS\Microsoft.Net\assembly\GAC_MSIL\System.Configuration\v4.0_4.0.0.0__b03f5f7f11d50a3a\System.Configuration.dll</ModulePath>
      <ModuleTime>2017-09-29T13:43:06.6154445Z</ModuleTime>
      <ModuleName>System.Configuration</ModuleName>
      <Classes />
    </Module>
    <Module skippedDueTo="Filter" hash="8A-2E-8F-D6-9D-39-02-4A-2F-30-FC-06-42-F7-0F-A8-32-69-07-72">
      <ModulePath>C:\Users\Florian\Entwicklung\Xrm-Fluent-Query\packages\nunit.consolerunner\tools\Mono.Cecil.dll</ModulePath>
      <ModuleTime>2018-01-27T10:27:14Z</ModuleTime>
      <ModuleName>Mono.Cecil</ModuleName>
      <Classes />
    </Module>
    <Module skippedDueTo="Filter" hash="AF-00-89-8E-23-29-6C-3D-DA-76-42-D2-8F-D5-0D-78-C7-55-E7-F5">
      <ModulePath>C:\Users\Florian\Entwicklung\Xrm-Fluent-Query\test\nunit.framework.dll</ModulePath>
      <ModuleTime>2018-03-12T21:58:16Z</ModuleTime>
      <ModuleName>nunit.framework</ModuleName>
      <Classes />
    </Module>
    <Module skippedDueTo="Filter" hash="CB-7B-C7-A0-09-0F-BA-F4-8A-02-A9-E9-2A-7B-43-34-93-46-0F-58">
      <ModulePath>C:\WINDOWS\Microsoft.Net\assembly\GAC_MSIL\System\v4.0_4.0.0.0__b77a5c561934e089\System.dll</ModulePath>
      <ModuleTime>2017-09-29T13:43:06.7717063Z</ModuleTime>
      <ModuleName>System</ModuleName>
      <Classes />
    </Module>
    <Module skippedDueTo="Filter" hash="00-E4-8B-23-28-1E-7A-F6-0F-D2-F5-0F-0B-97-50-BC-55-63-B2-9D">
      <ModulePath>C:\WINDOWS\Microsoft.Net\assembly\GAC_MSIL\System.Core\v4.0_4.0.0.0__b77a5c561934e089\System.Core.dll</ModulePath>
      <ModuleTime>2018-02-02T03:36:02.9502864Z</ModuleTime>
      <ModuleName>System.Core</ModuleName>
      <Classes />
    </Module>
    <Module skippedDueTo="Filter" hash="DC-F8-A3-B5-3C-D2-A2-92-BD-DE-4F-B9-C1-C6-59-24-2B-D3-FE-39">
      <ModulePath>C:\WINDOWS\Microsoft.Net\assembly\GAC_64\System.Web\v4.0_4.0.0.0__b03f5f7f11d50a3a\System.Web.dll</ModulePath>
      <ModuleTime>2018-02-09T03:34:33.7286998Z</ModuleTime>
      <ModuleName>System.Web</ModuleName>
      <Classes />
    </Module>
    <Module skippedDueTo="Filter" hash="99-1A-09-30-5A-9E-EA-70-1B-DA-CA-42-08-2B-19-13-8C-E2-C3-48">
      <ModulePath>C:\Users\Florian\Entwicklung\Xrm-Fluent-Query\test\Xrm.Oss.FluentQuery.Tests.dll</ModulePath>
      <ModuleTime>2018-04-28T23:43:26.9034731Z</ModuleTime>
      <ModuleName>Xrm.Oss.FluentQuery.Tests</ModuleName>
      <Classes />
    </Module>
    <Module skippedDueTo="Filter" hash="58-2A-4C-0C-25-69-3C-E5-E8-8F-0E-35-DB-19-D0-78-0E-D1-10-FA">
      <ModulePath>C:\WINDOWS\Microsoft.Net\assembly\GAC_MSIL\System.Xml\v4.0_4.0.0.0__b77a5c561934e089\System.Xml.dll</ModulePath>
      <ModuleTime>2017-12-22T03:10:39.7166266Z</ModuleTime>
      <ModuleName>System.Xml</ModuleName>
      <Classes />
    </Module>
    <Module skippedDueTo="Filter" hash="9C-67-7D-5B-BE-2B-C0-BF-ED-BC-33-56-49-F1-E1-EA-03-48-14-DE">
      <ModulePath>C:\Users\Florian\Entwicklung\Xrm-Fluent-Query\test\FakeXrmEasy.dll</ModulePath>
      <ModuleTime>2017-03-30T17:34:04Z</ModuleTime>
      <ModuleName>FakeXrmEasy</ModuleName>
      <Classes />
    </Module>
    <Module skippedDueTo="Filter" hash="9B-E3-D9-29-B0-95-86-9B-CB-E3-56-CE-B8-86-E3-8A-E9-45-C1-A2">
      <ModulePath>C:\Users\Florian\Entwicklung\Xrm-Fluent-Query\test\Microsoft.Xrm.Sdk.dll</ModulePath>
      <ModuleTime>2016-12-21T12:48:06Z</ModuleTime>
      <ModuleName>Microsoft.Xrm.Sdk</ModuleName>
      <Classes />
    </Module>
    <Module skippedDueTo="Filter" hash="64-7D-F9-97-16-BD-82-9C-0C-75-48-42-B0-A7-55-86-5B-63-44-3C">
      <ModulePath>C:\WINDOWS\Microsoft.Net\assembly\GAC_MSIL\System.Runtime.Serialization\v4.0_4.0.0.0__b77a5c561934e089\System.Runtime.Serialization.dll</ModulePath>
      <ModuleTime>2017-12-22T03:10:38.2010062Z</ModuleTime>
      <ModuleName>System.Runtime.Serialization</ModuleName>
      <Classes />
    </Module>
    <Module skippedDueTo="Filter" hash="C3-8A-45-EC-19-F4-C2-05-EB-B5-D7-1B-21-3D-0B-B3-F3-B5-31-EA">
      <ModulePath>C:\WINDOWS\Microsoft.Net\assembly\GAC_MSIL\System.Activities\v4.0_4.0.0.0__31bf3856ad364e35\System.Activities.dll</ModulePath>
      <ModuleTime>2017-12-22T03:11:12.9067281Z</ModuleTime>
      <ModuleName>System.Activities</ModuleName>
      <Classes />
    </Module>
    <Module hash="55-E4-61-7A-9C-9F-DB-EC-0B-EF-97-C6-4F-42-C5-D2-21-D0-14-E2">
      <Summary numSequencePoints="211" visitedSequencePoints="195" numBranchPoints="52" visitedBranchPoints="47" sequenceCoverage="92.42" branchCoverage="90.38" maxCyclomaticComplexity="3" minCyclomaticComplexity="1" visitedClasses="7" numClasses="7" visitedMethods="45" numMethods="48" />
      <ModulePath>C:\Users\Florian\Entwicklung\Xrm-Fluent-Query\test\Xrm.Oss.FluentQuery.dll</ModulePath>
      <ModuleTime>2018-04-28T23:32:49.8448725Z</ModuleTime>
      <ModuleName>Xrm.Oss.FluentQuery</ModuleName>
      <Files>
        <File uid="1" fullPath="C:\Users\Florian\Entwicklung\Xrm-Fluent-Query\src\lib\Xrm.Oss.FluentQuery\FluentQuery.cs" />
      </Files>
      <Classes>
        <Class>
          <Summary numSequencePoints="0" visitedSequencePoints="0" numBranchPoints="0" visitedBranchPoints="0" sequenceCoverage="0" branchCoverage="0" maxCyclomaticComplexity="0" minCyclomaticComplexity="0" visitedClasses="0" numClasses="0" visitedMethods="0" numMethods="0" />
          <FullName>&lt;Module&gt;</FullName>
          <Methods />
        </Class>
        <Class>
          <Summary numSequencePoints="6" visitedSequencePoints="3" numBranchPoints="2" visitedBranchPoints="1" sequenceCoverage="50" branchCoverage="50" maxCyclomaticComplexity="1" minCyclomaticComplexity="1" visitedClasses="1" numClasses="1" visitedMethods="1" numMethods="2" />
          <FullName>Xrm.Oss.FluentQuery.IOrganizationServiceFluentQuery</FullName>
          <Methods>
            <Method visited="false" cyclomaticComplexity="1" nPathComplexity="0" sequenceCoverage="0" branchCoverage="0" isConstructor="false" isStatic="true" isGetter="false" isSetter="false">
              <Summary numSequencePoints="3" visitedSequencePoints="0" numBranchPoints="1" visitedBranchPoints="0" sequenceCoverage="0" branchCoverage="0" maxCyclomaticComplexity="1" minCyclomaticComplexity="1" visitedClasses="0" numClasses="0" visitedMethods="0" numMethods="1" />
              <MetadataToken>100663297</MetadataToken>
              <Name>Xrm.Oss.FluentQuery.IFluentQuery`1&lt;T&gt; Xrm.Oss.FluentQuery.IOrganizationServiceFluentQuery::Query(Microsoft.Xrm.Sdk.IOrganizationService,System.String)</Name>
              <FileRef uid="1" />
              <SequencePoints>
                <SequencePoint vc="0" uspid="1" ordinal="0" offset="0" sl="14" sc="9" el="14" ec="10" bec="0" bev="0" fileid="1" />
                <SequencePoint vc="0" uspid="2" ordinal="1" offset="1" sl="15" sc="13" el="15" ec="60" bec="0" bev="0" fileid="1" />
                <SequencePoint vc="0" uspid="3" ordinal="2" offset="11" sl="16" sc="9" el="16" ec="10" bec="0" bev="0" fileid="1" />
              </SequencePoints>
              <BranchPoints />
              <MethodPoint xsi:type="SequencePoint" vc="0" uspid="1" ordinal="0" offset="0" sl="14" sc="9" el="14" ec="10" bec="0" bev="0" fileid="1" />
            </Method>
            <Method visited="true" cyclomaticComplexity="1" nPathComplexity="0" sequenceCoverage="100" branchCoverage="100" isConstructor="false" isStatic="true" isGetter="false" isSetter="false">
              <Summary numSequencePoints="3" visitedSequencePoints="3" numBranchPoints="1" visitedBranchPoints="1" sequenceCoverage="100" branchCoverage="100" maxCyclomaticComplexity="1" minCyclomaticComplexity="1" visitedClasses="0" numClasses="0" visitedMethods="1" numMethods="1" />
              <MetadataToken>100663298</MetadataToken>
              <Name>Xrm.Oss.FluentQuery.IFluentQuery`1&lt;Microsoft.Xrm.Sdk.Entity&gt; Xrm.Oss.FluentQuery.IOrganizationServiceFluentQuery::Query(Microsoft.Xrm.Sdk.IOrganizationService,System.String)</Name>
              <FileRef uid="1" />
              <SequencePoints>
                <SequencePoint vc="18" uspid="4" ordinal="0" offset="0" sl="19" sc="9" el="19" ec="10" bec="0" bev="0" fileid="1" />
                <SequencePoint vc="18" uspid="5" ordinal="1" offset="1" sl="20" sc="13" el="20" ec="65" bec="0" bev="0" fileid="1" />
                <SequencePoint vc="18" uspid="6" ordinal="2" offset="11" sl="21" sc="9" el="21" ec="10" bec="0" bev="0" fileid="1" />
              </SequencePoints>
              <BranchPoints />
              <MethodPoint xsi:type="SequencePoint" vc="18" uspid="4" ordinal="0" offset="0" sl="19" sc="9" el="19" ec="10" bec="0" bev="0" fileid="1" />
            </Method>
          </Methods>
        </Class>
        <Class>
          <Summary numSequencePoints="81" visitedSequencePoints="78" numBranchPoints="18" visitedBranchPoints="16" sequenceCoverage="96.30" branchCoverage="88.89" maxCyclomaticComplexity="3" minCyclomaticComplexity="1" visitedClasses="1" numClasses="1" visitedMethods="14" numMethods="14" />
          <FullName>Xrm.Oss.FluentQuery.FluentQuery`1</FullName>
          <Methods>
            <Method visited="true" cyclomaticComplexity="1" nPathComplexity="0" sequenceCoverage="100" branchCoverage="100" isConstructor="false" isStatic="false" isGetter="true" isSetter="false">
              <Summary numSequencePoints="3" visitedSequencePoints="3" numBranchPoints="1" visitedBranchPoints="1" sequenceCoverage="100" branchCoverage="100" maxCyclomaticComplexity="1" minCyclomaticComplexity="1" visitedClasses="0" numClasses="0" visitedMethods="1" numMethods="1" />
              <MetadataToken>100663314</MetadataToken>
              <Name>Xrm.Oss.FluentQuery.IFluentQuerySetting`1&lt;T&gt; Xrm.Oss.FluentQuery.FluentQuery`1::get_With()</Name>
              <FileRef uid="1" />
              <SequencePoints>
                <SequencePoint vc="5" uspid="7" ordinal="0" offset="0" sl="82" sc="13" el="82" ec="14" bec="0" bev="0" fileid="1" />
                <SequencePoint vc="5" uspid="8" ordinal="1" offset="1" sl="83" sc="17" el="83" ec="29" bec="0" bev="0" fileid="1" />
                <SequencePoint vc="5" uspid="9" ordinal="2" offset="5" sl="84" sc="13" el="84" ec="14" bec="0" bev="0" fileid="1" />
              </SequencePoints>
              <BranchPoints />
              <MethodPoint xsi:type="SequencePoint" vc="5" uspid="7" ordinal="0" offset="0" sl="82" sc="13" el="82" ec="14" bec="0" bev="0" fileid="1" />
            </Method>
            <Method visited="true" cyclomaticComplexity="1" nPathComplexity="0" sequenceCoverage="100" branchCoverage="100" isConstructor="false" isStatic="false" isGetter="true" isSetter="false">
              <Summary numSequencePoints="3" visitedSequencePoints="3" numBranchPoints="1" visitedBranchPoints="1" sequenceCoverage="100" branchCoverage="100" maxCyclomaticComplexity="1" minCyclomaticComplexity="1" visitedClasses="0" numClasses="0" visitedMethods="1" numMethods="1" />
              <MetadataToken>100663325</MetadataToken>
              <Name>Microsoft.Xrm.Sdk.Query.QueryExpression Xrm.Oss.FluentQuery.FluentQuery`1::get_Expression()</Name>
              <FileRef uid="1" />
              <SequencePoints>
                <SequencePoint vc="16" uspid="10" ordinal="0" offset="0" sl="197" sc="13" el="197" ec="14" bec="0" bev="0" fileid="1" />
                <SequencePoint vc="16" uspid="11" ordinal="1" offset="1" sl="198" sc="17" el="198" ec="31" bec="0" bev="0" fileid="1" />
                <SequencePoint vc="16" uspid="12" ordinal="2" offset="10" sl="199" sc="13" el="199" ec="14" bec="0" bev="0" fileid="1" />
              </SequencePoints>
              <BranchPoints />
              <MethodPoint xsi:type="SequencePoint" vc="16" uspid="10" ordinal="0" offset="0" sl="197" sc="13" el="197" ec="14" bec="0" bev="0" fileid="1" />
            </Method>
            <Method visited="true" cyclomaticComplexity="1" nPathComplexity="0" sequenceCoverage="100" branchCoverage="100" isConstructor="true" isStatic="false" isGetter="false" isSetter="false">
              <Summary numSequencePoints="5" visitedSequencePoints="5" numBranchPoints="1" visitedBranchPoints="1" sequenceCoverage="100" branchCoverage="100" maxCyclomaticComplexity="1" minCyclomaticComplexity="1" visitedClasses="0" numClasses="0" visitedMethods="1" numMethods="1" />
              <MetadataToken>100663312</MetadataToken>
              <Name>System.Void Xrm.Oss.FluentQuery.FluentQuery`1::.ctor(System.String,Microsoft.Xrm.Sdk.IOrganizationService)</Name>
              <FileRef uid="1" />
              <SequencePoints>
                <SequencePoint vc="18" uspid="13" ordinal="0" offset="0" sl="52" sc="9" el="52" ec="76" bec="0" bev="0" fileid="1" />
                <SequencePoint vc="18" uspid="14" ordinal="1" offset="7" sl="53" sc="9" el="53" ec="10" bec="0" bev="0" fileid="1" />
                <SequencePoint vc="18" uspid="15" ordinal="2" offset="8" sl="54" sc="13" el="62" ec="15" bec="0" bev="0" fileid="1" />
                <SequencePoint vc="18" uspid="16" ordinal="3" offset="55" sl="64" sc="13" el="64" ec="32" bec="0" bev="0" fileid="1" />
                <SequencePoint vc="18" uspid="17" ordinal="4" offset="62" sl="65" sc="9" el="65" ec="10" bec="0" bev="0" fileid="1" />
              </SequencePoints>
              <BranchPoints />
              <MethodPoint xsi:type="SequencePoint" vc="18" uspid="13" ordinal="0" offset="0" sl="52" sc="9" el="52" ec="76" bec="0" bev="0" fileid="1" />
            </Method>
            <Method visited="true" cyclomaticComplexity="2" nPathComplexity="2" sequenceCoverage="62.5" branchCoverage="66.67" isConstructor="false" isStatic="false" isGetter="false" isSetter="false">
              <Summary numSequencePoints="8" visitedSequencePoints="5" numBranchPoints="3" visitedBranchPoints="2" sequenceCoverage="62.5" branchCoverage="66.67" maxCyclomaticComplexity="2" minCyclomaticComplexity="2" visitedClasses="0" numClasses="0" visitedMethods="1" numMethods="1" />
              <MetadataToken>100663313</MetadataToken>
              <Name>Xrm.Oss.FluentQuery.IFluentQuery`1&lt;T&gt; Xrm.Oss.FluentQuery.FluentQuery`1::IncludeColumns(System.String[])</Name>
              <FileRef uid="1" />
              <SequencePoints>
                <SequencePoint vc="6" uspid="18" ordinal="0" offset="0" sl="68" sc="9" el="68" ec="10" bec="0" bev="0" fileid="1" />
                <SequencePoint vc="6" uspid="19" ordinal="1" offset="1" sl="69" sc="13" el="69" ec="41" bec="2" bev="1" fileid="1" />
                <SequencePoint vc="0" uspid="20" ordinal="2" offset="19" sl="70" sc="13" el="70" ec="14" bec="0" bev="0" fileid="1" />
                <SequencePoint vc="0" uspid="21" ordinal="3" offset="20" sl="71" sc="17" el="71" ec="52" bec="0" bev="0" fileid="1" />
                <SequencePoint vc="0" uspid="22" ordinal="4" offset="37" sl="72" sc="13" el="72" ec="14" bec="0" bev="0" fileid="1" />
                <SequencePoint vc="6" uspid="23" ordinal="5" offset="38" sl="74" sc="13" el="74" ec="50" bec="0" bev="0" fileid="1" />
                <SequencePoint vc="6" uspid="24" ordinal="6" offset="56" sl="76" sc="13" el="76" ec="25" bec="0" bev="0" fileid="1" />
                <SequencePoint vc="6" uspid="25" ordinal="7" offset="60" sl="77" sc="9" el="77" ec="10" bec="0" bev="0" fileid="1" />
              </SequencePoints>
              <BranchPoints>
                <BranchPoint vc="0" uspid="26" ordinal="0" offset="17" sl="69" path="0" offsetend="19" fileid="1" />
                <BranchPoint vc="6" uspid="27" ordinal="1" offset="17" sl="69" path="1" offsetend="38" fileid="1" />
              </BranchPoints>
              <MethodPoint xsi:type="SequencePoint" vc="6" uspid="18" ordinal="0" offset="0" sl="68" sc="9" el="68" ec="10" bec="0" bev="0" fileid="1" />
            </Method>
            <Method visited="true" cyclomaticComplexity="1" nPathComplexity="0" sequenceCoverage="100" branchCoverage="100" isConstructor="false" isStatic="false" isGetter="false" isSetter="false">
              <Summary numSequencePoints="4" visitedSequencePoints="4" numBranchPoints="1" visitedBranchPoints="1" sequenceCoverage="100" branchCoverage="100" maxCyclomaticComplexity="1" minCyclomaticComplexity="1" visitedClasses="0" numClasses="0" visitedMethods="1" numMethods="1" />
              <MetadataToken>100663315</MetadataToken>
              <Name>Xrm.Oss.FluentQuery.IFluentQuery`1&lt;T&gt; Xrm.Oss.FluentQuery.FluentQuery`1::RecordCount(System.Nullable`1&lt;System.Int32&gt;)</Name>
              <FileRef uid="1" />
              <SequencePoints>
                <SequencePoint vc="1" uspid="28" ordinal="0" offset="0" sl="88" sc="9" el="88" ec="10" bec="0" bev="0" fileid="1" />
                <SequencePoint vc="1" uspid="29" ordinal="1" offset="1" sl="89" sc="13" el="89" ec="40" bec="0" bev="0" fileid="1" />
                <SequencePoint vc="1" uspid="30" ordinal="2" offset="14" sl="91" sc="13" el="91" ec="25" bec="0" bev="0" fileid="1" />
                <SequencePoint vc="1" uspid="31" ordinal="3" offset="18" sl="92" sc="9" el="92" ec="10" bec="0" bev="0" fileid="1" />
              </SequencePoints>
              <BranchPoints />
              <MethodPoint xsi:type="SequencePoint" vc="1" uspid="28" ordinal="0" offset="0" sl="88" sc="9" el="88" ec="10" bec="0" bev="0" fileid="1" />
            </Method>
            <Method visited="true" cyclomaticComplexity="1" nPathComplexity="0" sequenceCoverage="100" branchCoverage="100" isConstructor="false" isStatic="false" isGetter="false" isSetter="false">
              <Summary numSequencePoints="4" visitedSequencePoints="4" numBranchPoints="1" visitedBranchPoints="1" sequenceCoverage="100" branchCoverage="100" maxCyclomaticComplexity="1" minCyclomaticComplexity="1" visitedClasses="0" numClasses="0" visitedMethods="1" numMethods="1" />
              <MetadataToken>100663316</MetadataToken>
              <Name>Xrm.Oss.FluentQuery.IFluentQuery`1&lt;T&gt; Xrm.Oss.FluentQuery.FluentQuery`1::DatabaseLock(System.Boolean)</Name>
              <FileRef uid="1" />
              <SequencePoints>
                <SequencePoint vc="1" uspid="32" ordinal="0" offset="0" sl="95" sc="9" el="95" ec="10" bec="0" bev="0" fileid="1" />
                <SequencePoint vc="1" uspid="33" ordinal="1" offset="1" sl="96" sc="13" el="96" ec="38" bec="0" bev="0" fileid="1" />
                <SequencePoint vc="1" uspid="34" ordinal="2" offset="17" sl="98" sc="13" el="98" ec="25" bec="0" bev="0" fileid="1" />
                <SequencePoint vc="1" uspid="35" ordinal="3" offset="21" sl="99" sc="9" el="99" ec="10" bec="0" bev="0" fileid="1" />
              </SequencePoints>
              <BranchPoints />
              <MethodPoint xsi:type="SequencePoint" vc="1" uspid="32" ordinal="0" offset="0" sl="95" sc="9" el="95" ec="10" bec="0" bev="0" fileid="1" />
            </Method>
            <Method visited="true" cyclomaticComplexity="2" nPathComplexity="0" sequenceCoverage="100" branchCoverage="100" isConstructor="false" isStatic="false" isGetter="false" isSetter="false">
              <Summary numSequencePoints="3" visitedSequencePoints="3" numBranchPoints="1" visitedBranchPoints="1" sequenceCoverage="100" branchCoverage="100" maxCyclomaticComplexity="2" minCyclomaticComplexity="2" visitedClasses="0" numClasses="0" visitedMethods="1" numMethods="1" />
              <MetadataToken>100663317</MetadataToken>
              <Name>System.Collections.Generic.List`1&lt;T&gt; Xrm.Oss.FluentQuery.FluentQuery`1::Retrieve()</Name>
              <FileRef uid="1" />
              <SequencePoints>
                <SequencePoint vc="1" uspid="36" ordinal="0" offset="0" sl="102" sc="9" el="102" ec="10" bec="0" bev="0" fileid="1" />
                <SequencePoint vc="1" uspid="37" ordinal="1" offset="1" sl="103" sc="13" el="104" ec="27" bec="0" bev="0" fileid="1" />
                <SequencePoint vc="1" uspid="38" ordinal="2" offset="67" sl="105" sc="9" el="105" ec="10" bec="0" bev="0" fileid="1" />
              </SequencePoints>
              <BranchPoints />
              <MethodPoint xsi:type="SequencePoint" vc="1" uspid="36" ordinal="0" offset="0" sl="102" sc="9" el="102" ec="10" bec="0" bev="0" fileid="1" />
            </Method>
            <Method visited="true" cyclomaticComplexity="3" nPathComplexity="2" sequenceCoverage="100" branchCoverage="66.67" isConstructor="false" isStatic="false" isGetter="false" isSetter="false">
              <Summary numSequencePoints="21" visitedSequencePoints="21" numBranchPoints="3" visitedBranchPoints="2" sequenceCoverage="100" branchCoverage="66.67" maxCyclomaticComplexity="3" minCyclomaticComplexity="3" visitedClasses="0" numClasses="0" visitedMethods="1" numMethods="1" />
              <MetadataToken>100663318</MetadataToken>
              <Name>System.Collections.Generic.List`1&lt;T&gt; Xrm.Oss.FluentQuery.FluentQuery`1::RetrieveAll()</Name>
              <FileRef uid="1" />
              <SequencePoints>
                <SequencePoint vc="1" uspid="41" ordinal="0" offset="0" sl="108" sc="9" el="108" ec="10" bec="0" bev="0" fileid="1" />
                <SequencePoint vc="1" uspid="42" ordinal="1" offset="1" sl="109" sc="13" el="109" ec="41" bec="0" bev="0" fileid="1" />
                <SequencePoint vc="1" uspid="43" ordinal="2" offset="7" sl="111" sc="13" el="111" ec="65" bec="0" bev="0" fileid="1" />
                <SequencePoint vc="1" uspid="44" ordinal="3" offset="24" sl="112" sc="13" el="112" ec="69" bec="0" bev="0" fileid="1" />
                <SequencePoint vc="1" uspid="45" ordinal="4" offset="41" sl="114" sc="13" el="114" ec="37" bec="0" bev="0" fileid="1" />
                <SequencePoint vc="1" uspid="46" ordinal="5" offset="43" sl="115" sc="13" el="115" ec="49" bec="0" bev="0" fileid="1" />
                <SequencePoint vc="1" uspid="47" ordinal="6" offset="46" sl="116" sc="13" el="116" ec="56" bec="0" bev="0" fileid="1" />
                <SequencePoint vc="1" uspid="48" ordinal="7" offset="49" sl="119" sc="13" el="119" ec="14" bec="0" bev="0" fileid="1" />
                <SequencePoint vc="1" uspid="49" ordinal="8" offset="50" sl="120" sc="17" el="120" ec="57" bec="0" bev="0" fileid="1" />
                <SequencePoint vc="1" uspid="50" ordinal="9" offset="69" sl="121" sc="17" el="121" ec="61" bec="0" bev="0" fileid="1" />
                <SequencePoint vc="1" uspid="51" ordinal="10" offset="88" sl="123" sc="17" el="123" ec="66" bec="0" bev="0" fileid="1" />
                <SequencePoint vc="1" uspid="52" ordinal="11" offset="107" sl="124" sc="17" el="125" ec="31" bec="0" bev="0" fileid="1" />
                <SequencePoint vc="1" uspid="53" ordinal="12" offset="157" sl="127" sc="17" el="127" ec="42" bec="0" bev="0" fileid="1" />
                <SequencePoint vc="1" uspid="54" ordinal="13" offset="166" sl="129" sc="17" el="129" ec="52" bec="0" bev="0" fileid="1" />
                <SequencePoint vc="1" uspid="55" ordinal="14" offset="174" sl="130" sc="17" el="130" ec="30" bec="0" bev="0" fileid="1" />
                <SequencePoint vc="1" uspid="56" ordinal="15" offset="180" sl="131" sc="13" el="131" ec="14" bec="0" bev="0" fileid="1" />
                <SequencePoint vc="1" uspid="57" ordinal="16" offset="181" sl="132" sc="13" el="132" ec="33" bec="2" bev="1" fileid="1" />
                <SequencePoint vc="1" uspid="58" ordinal="17" offset="191" sl="134" sc="13" el="134" ec="61" bec="0" bev="0" fileid="1" />
                <SequencePoint vc="1" uspid="59" ordinal="18" offset="209" sl="135" sc="13" el="135" ec="65" bec="0" bev="0" fileid="1" />
                <SequencePoint vc="1" uspid="60" ordinal="19" offset="227" sl="137" sc="13" el="137" ec="28" bec="0" bev="0" fileid="1" />
                <SequencePoint vc="1" uspid="61" ordinal="20" offset="232" sl="138" sc="9" el="138" ec="10" bec="0" bev="0" fileid="1" />
              </SequencePoints>
              <BranchPoints>
                <BranchPoint vc="1" uspid="64" ordinal="2" offset="186" sl="132" path="0" offsetend="191" fileid="1" />
                <BranchPoint vc="0" uspid="65" ordinal="3" offset="186" sl="132" path="1" offsetend="49" fileid="1" />
              </BranchPoints>
              <MethodPoint xsi:type="SequencePoint" vc="1" uspid="41" ordinal="0" offset="0" sl="108" sc="9" el="108" ec="10" bec="0" bev="0" fileid="1" />
            </Method>
            <Method visited="true" cyclomaticComplexity="1" nPathComplexity="0" sequenceCoverage="100" branchCoverage="100" isConstructor="false" isStatic="false" isGetter="false" isSetter="false">
              <Summary numSequencePoints="4" visitedSequencePoints="4" numBranchPoints="1" visitedBranchPoints="1" sequenceCoverage="100" branchCoverage="100" maxCyclomaticComplexity="1" minCyclomaticComplexity="1" visitedClasses="0" numClasses="0" visitedMethods="1" numMethods="1" />
              <MetadataToken>100663319</MetadataToken>
              <Name>Xrm.Oss.FluentQuery.IFluentQuery`1&lt;T&gt; Xrm.Oss.FluentQuery.FluentQuery`1::UniqueRecords(System.Boolean)</Name>
              <FileRef uid="1" />
              <SequencePoints>
                <SequencePoint vc="1" uspid="66" ordinal="0" offset="0" sl="141" sc="9" el="141" ec="10" bec="0" bev="0" fileid="1" />
                <SequencePoint vc="1" uspid="67" ordinal="1" offset="1" sl="142" sc="13" el="142" ec="36" bec="0" bev="0" fileid="1" />
                <SequencePoint vc="1" uspid="68" ordinal="2" offset="14" sl="144" sc="13" el="144" ec="25" bec="0" bev="0" fileid="1" />
                <SequencePoint vc="1" uspid="69" ordinal="3" offset="18" sl="145" sc="9" el="145" ec="10" bec="0" bev="0" fileid="1" />
              </SequencePoints>
              <BranchPoints />
              <MethodPoint xsi:type="SequencePoint" vc="1" uspid="66" ordinal="0" offset="0" sl="141" sc="9" el="141" ec="10" bec="0" bev="0" fileid="1" />
            </Method>
            <Method visited="true" cyclomaticComplexity="1" nPathComplexity="0" sequenceCoverage="100" branchCoverage="100" isConstructor="false" isStatic="false" isGetter="false" isSetter="false">
              <Summary numSequencePoints="4" visitedSequencePoints="4" numBranchPoints="1" visitedBranchPoints="1" sequenceCoverage="100" branchCoverage="100" maxCyclomaticComplexity="1" minCyclomaticComplexity="1" visitedClasses="0" numClasses="0" visitedMethods="1" numMethods="1" />
              <MetadataToken>100663320</MetadataToken>
              <Name>Xrm.Oss.FluentQuery.IFluentQuery`1&lt;T&gt; Xrm.Oss.FluentQuery.FluentQuery`1::PageInfo(Microsoft.Xrm.Sdk.Query.PagingInfo)</Name>
              <FileRef uid="1" />
              <SequencePoints>
                <SequencePoint vc="1" uspid="70" ordinal="0" offset="0" sl="148" sc="9" el="148" ec="10" bec="0" bev="0" fileid="1" />
                <SequencePoint vc="1" uspid="71" ordinal="1" offset="1" sl="149" sc="13" el="149" ec="40" bec="0" bev="0" fileid="1" />
                <SequencePoint vc="1" uspid="72" ordinal="2" offset="14" sl="151" sc="13" el="151" ec="25" bec="0" bev="0" fileid="1" />
                <SequencePoint vc="1" uspid="73" ordinal="3" offset="18" sl="152" sc="9" el="152" ec="10" bec="0" bev="0" fileid="1" />
              </SequencePoints>
              <BranchPoints />
              <MethodPoint xsi:type="SequencePoint" vc="1" uspid="70" ordinal="0" offset="0" sl="148" sc="9" el="148" ec="10" bec="0" bev="0" fileid="1" />
            </Method>
            <Method visited="true" cyclomaticComplexity="1" nPathComplexity="0" sequenceCoverage="100" branchCoverage="100" isConstructor="false" isStatic="false" isGetter="false" isSetter="false">
              <Summary numSequencePoints="4" visitedSequencePoints="4" numBranchPoints="1" visitedBranchPoints="1" sequenceCoverage="100" branchCoverage="100" maxCyclomaticComplexity="1" minCyclomaticComplexity="1" visitedClasses="0" numClasses="0" visitedMethods="1" numMethods="1" />
              <MetadataToken>100663321</MetadataToken>
              <Name>Xrm.Oss.FluentQuery.IFluentQuery`1&lt;T&gt; Xrm.Oss.FluentQuery.FluentQuery`1::TotalRecordCount(System.Boolean)</Name>
              <FileRef uid="1" />
              <SequencePoints>
                <SequencePoint vc="1" uspid="74" ordinal="0" offset="0" sl="155" sc="9" el="155" ec="10" bec="0" bev="0" fileid="1" />
                <SequencePoint vc="1" uspid="75" ordinal="1" offset="1" sl="156" sc="13" el="156" ec="77" bec="0" bev="0" fileid="1" />
                <SequencePoint vc="1" uspid="76" ordinal="2" offset="19" sl="158" sc="13" el="158" ec="25" bec="0" bev="0" fileid="1" />
                <SequencePoint vc="1" uspid="77" ordinal="3" offset="23" sl="159" sc="9" el="159" ec="10" bec="0" bev="0" fileid="1" />
              </SequencePoints>
              <BranchPoints />
              <MethodPoint xsi:type="SequencePoint" vc="1" uspid="74" ordinal="0" offset="0" sl="155" sc="9" el="155" ec="10" bec="0" bev="0" fileid="1" />
            </Method>
            <Method visited="true" cyclomaticComplexity="1" nPathComplexity="0" sequenceCoverage="100" branchCoverage="100" isConstructor="false" isStatic="false" isGetter="false" isSetter="false">
              <Summary numSequencePoints="6" visitedSequencePoints="6" numBranchPoints="1" visitedBranchPoints="1" sequenceCoverage="100" branchCoverage="100" maxCyclomaticComplexity="1" minCyclomaticComplexity="1" visitedClasses="0" numClasses="0" visitedMethods="1" numMethods="1" />
              <MetadataToken>100663322</MetadataToken>
              <Name>Xrm.Oss.FluentQuery.IFluentQuery`1&lt;T&gt; Xrm.Oss.FluentQuery.FluentQuery`1::Link(System.Action`1&lt;Xrm.Oss.FluentQuery.IFluentLinkEntity&gt;)</Name>
              <FileRef uid="1" />
              <SequencePoints>
                <SequencePoint vc="4" uspid="78" ordinal="0" offset="0" sl="162" sc="9" el="162" ec="10" bec="0" bev="0" fileid="1" />
                <SequencePoint vc="4" uspid="79" ordinal="1" offset="1" sl="163" sc="13" el="163" ec="47" bec="0" bev="0" fileid="1" />
                <SequencePoint vc="4" uspid="80" ordinal="2" offset="7" sl="165" sc="13" el="165" ec="30" bec="0" bev="0" fileid="1" />
                <SequencePoint vc="4" uspid="81" ordinal="3" offset="15" sl="167" sc="13" el="167" ec="59" bec="0" bev="0" fileid="1" />
                <SequencePoint vc="4" uspid="82" ordinal="4" offset="38" sl="169" sc="13" el="169" ec="25" bec="0" bev="0" fileid="1" />
                <SequencePoint vc="4" uspid="83" ordinal="5" offset="42" sl="170" sc="9" el="170" ec="10" bec="0" bev="0" fileid="1" />
              </SequencePoints>
              <BranchPoints />
              <MethodPoint xsi:type="SequencePoint" vc="4" uspid="78" ordinal="0" offset="0" sl="162" sc="9" el="162" ec="10" bec="0" bev="0" fileid="1" />
            </Method>
            <Method visited="true" cyclomaticComplexity="1" nPathComplexity="0" sequenceCoverage="100" branchCoverage="100" isConstructor="false" isStatic="false" isGetter="false" isSetter="false">
              <Summary numSequencePoints="6" visitedSequencePoints="6" numBranchPoints="1" visitedBranchPoints="1" sequenceCoverage="100" branchCoverage="100" maxCyclomaticComplexity="1" minCyclomaticComplexity="1" visitedClasses="0" numClasses="0" visitedMethods="1" numMethods="1" />
              <MetadataToken>100663323</MetadataToken>
              <Name>Xrm.Oss.FluentQuery.IFluentQuery`1&lt;T&gt; Xrm.Oss.FluentQuery.FluentQuery`1::Where(System.Action`1&lt;Xrm.Oss.FluentQuery.IFluentFilterExpression&gt;)</Name>
              <FileRef uid="1" />
              <SequencePoints>
                <SequencePoint vc="2" uspid="84" ordinal="0" offset="0" sl="173" sc="9" el="173" ec="10" bec="0" bev="0" fileid="1" />
                <SequencePoint vc="2" uspid="85" ordinal="1" offset="1" sl="174" sc="13" el="174" ec="55" bec="0" bev="0" fileid="1" />
                <SequencePoint vc="2" uspid="86" ordinal="2" offset="7" sl="176" sc="13" el="176" ec="32" bec="0" bev="0" fileid="1" />
                <SequencePoint vc="2" uspid="87" ordinal="3" offset="15" sl="178" sc="13" el="178" ec="50" bec="0" bev="0" fileid="1" />
                <SequencePoint vc="2" uspid="88" ordinal="4" offset="33" sl="180" sc="13" el="180" ec="25" bec="0" bev="0" fileid="1" />
                <SequencePoint vc="2" uspid="89" ordinal="5" offset="37" sl="181" sc="9" el="181" ec="10" bec="0" bev="0" fileid="1" />
              </SequencePoints>
              <BranchPoints />
              <MethodPoint xsi:type="SequencePoint" vc="2" uspid="84" ordinal="0" offset="0" sl="173" sc="9" el="173" ec="10" bec="0" bev="0" fileid="1" />
            </Method>
            <Method visited="true" cyclomaticComplexity="1" nPathComplexity="0" sequenceCoverage="100" branchCoverage="100" isConstructor="false" isStatic="false" isGetter="false" isSetter="false">
              <Summary numSequencePoints="6" visitedSequencePoints="6" numBranchPoints="1" visitedBranchPoints="1" sequenceCoverage="100" branchCoverage="100" maxCyclomaticComplexity="1" minCyclomaticComplexity="1" visitedClasses="0" numClasses="0" visitedMethods="1" numMethods="1" />
              <MetadataToken>100663324</MetadataToken>
              <Name>Xrm.Oss.FluentQuery.IFluentQuery`1&lt;T&gt; Xrm.Oss.FluentQuery.FluentQuery`1::Order(System.Action`1&lt;Xrm.Oss.FluentQuery.IFluentOrderExpression&gt;)</Name>
              <FileRef uid="1" />
              <SequencePoints>
                <SequencePoint vc="5" uspid="90" ordinal="0" offset="0" sl="184" sc="9" el="184" ec="10" bec="0" bev="0" fileid="1" />
                <SequencePoint vc="5" uspid="91" ordinal="1" offset="1" sl="185" sc="13" el="185" ec="53" bec="0" bev="0" fileid="1" />
                <SequencePoint vc="5" uspid="92" ordinal="2" offset="7" sl="187" sc="13" el="187" ec="31" bec="0" bev="0" fileid="1" />
                <SequencePoint vc="5" uspid="93" ordinal="3" offset="15" sl="189" sc="13" el="189" ec="49" bec="0" bev="0" fileid="1" />
                <SequencePoint vc="5" uspid="94" ordinal="4" offset="38" sl="191" sc="13" el="191" ec="25" bec="0" bev="0" fileid="1" />
                <SequencePoint vc="5" uspid="95" ordinal="5" offset="42" sl="192" sc="9" el="192" ec="10" bec="0" bev="0" fileid="1" />
              </SequencePoints>
              <BranchPoints />
              <MethodPoint xsi:type="SequencePoint" vc="5" uspid="90" ordinal="0" offset="0" sl="184" sc="9" el="184" ec="10" bec="0" bev="0" fileid="1" />
            </Method>
          </Methods>
        </Class>
        <Class>
          <Summary numSequencePoints="2" visitedSequencePoints="2" numBranchPoints="2" visitedBranchPoints="2" sequenceCoverage="100" branchCoverage="100" maxCyclomaticComplexity="1" minCyclomaticComplexity="1" visitedClasses="1" numClasses="1" visitedMethods="2" numMethods="2" />
          <FullName>Xrm.Oss.FluentQuery.FluentQuery`1/&lt;&gt;c</FullName>
          <Methods>
            <Method visited="true" cyclomaticComplexity="1" nPathComplexity="0" sequenceCoverage="0" branchCoverage="0" isConstructor="true" isStatic="true" isGetter="false" isSetter="false">
              <Summary numSequencePoints="0" visitedSequencePoints="0" numBranchPoints="0" visitedBranchPoints="0" sequenceCoverage="0" branchCoverage="0" maxCyclomaticComplexity="1" minCyclomaticComplexity="1" visitedClasses="0" numClasses="0" visitedMethods="0" numMethods="0" />
              <MetadataToken>100663378</MetadataToken>
              <Name>System.Void Xrm.Oss.FluentQuery.FluentQuery`1/&lt;&gt;c::.cctor()</Name>
              <SequencePoints />
              <BranchPoints />
              <MethodPoint vc="1" uspid="96" ordinal="0" offset="0" />
            </Method>
            <Method visited="true" cyclomaticComplexity="1" nPathComplexity="0" sequenceCoverage="0" branchCoverage="0" isConstructor="true" isStatic="false" isGetter="false" isSetter="false">
              <Summary numSequencePoints="0" visitedSequencePoints="0" numBranchPoints="0" visitedBranchPoints="0" sequenceCoverage="0" branchCoverage="0" maxCyclomaticComplexity="1" minCyclomaticComplexity="1" visitedClasses="0" numClasses="0" visitedMethods="0" numMethods="0" />
              <MetadataToken>100663379</MetadataToken>
              <Name>System.Void Xrm.Oss.FluentQuery.FluentQuery`1/&lt;&gt;c::.ctor()</Name>
              <SequencePoints />
              <BranchPoints />
              <MethodPoint vc="1" uspid="97" ordinal="0" offset="0" />
            </Method>
            <Method visited="true" cyclomaticComplexity="1" nPathComplexity="0" sequenceCoverage="100" branchCoverage="100" isConstructor="false" isStatic="false" isGetter="false" isSetter="false">
              <Summary numSequencePoints="1" visitedSequencePoints="1" numBranchPoints="1" visitedBranchPoints="1" sequenceCoverage="100" branchCoverage="100" maxCyclomaticComplexity="1" minCyclomaticComplexity="1" visitedClasses="0" numClasses="0" visitedMethods="1" numMethods="1" />
              <MetadataToken>100663380</MetadataToken>
              <Name>T Xrm.Oss.FluentQuery.FluentQuery`1/&lt;&gt;c::&lt;Retrieve&gt;b__8_0(Microsoft.Xrm.Sdk.Entity)</Name>
              <FileRef uid="1" />
              <SequencePoints>
                <SequencePoint vc="1" uspid="98" ordinal="0" offset="0" sl="103" sc="75" el="103" ec="90" bec="0" bev="0" fileid="1" />
              </SequencePoints>
              <BranchPoints />
              <MethodPoint xsi:type="SequencePoint" vc="1" uspid="98" ordinal="0" offset="0" sl="103" sc="75" el="103" ec="90" bec="0" bev="0" fileid="1" />
            </Method>
            <Method visited="true" cyclomaticComplexity="1" nPathComplexity="0" sequenceCoverage="100" branchCoverage="100" isConstructor="false" isStatic="false" isGetter="false" isSetter="false">
              <Summary numSequencePoints="1" visitedSequencePoints="1" numBranchPoints="1" visitedBranchPoints="1" sequenceCoverage="100" branchCoverage="100" maxCyclomaticComplexity="1" minCyclomaticComplexity="1" visitedClasses="0" numClasses="0" visitedMethods="1" numMethods="1" />
              <MetadataToken>100663381</MetadataToken>
              <Name>T Xrm.Oss.FluentQuery.FluentQuery`1/&lt;&gt;c::&lt;RetrieveAll&gt;b__9_0(Microsoft.Xrm.Sdk.Entity)</Name>
              <FileRef uid="1" />
              <SequencePoints>
                <SequencePoint vc="2" uspid="99" ordinal="0" offset="0" sl="124" sc="60" el="124" ec="75" bec="0" bev="0" fileid="1" />
              </SequencePoints>
              <BranchPoints />
              <MethodPoint xsi:type="SequencePoint" vc="2" uspid="99" ordinal="0" offset="0" sl="124" sc="60" el="124" ec="75" bec="0" bev="0" fileid="1" />
            </Method>
          </Methods>
        </Class>
        <Class>
          <Summary numSequencePoints="50" visitedSequencePoints="44" numBranchPoints="12" visitedBranchPoints="11" sequenceCoverage="88" branchCoverage="91.67" maxCyclomaticComplexity="1" minCyclomaticComplexity="1" visitedClasses="1" numClasses="1" visitedMethods="11" numMethods="12" />
          <FullName>Xrm.Oss.FluentQuery.FluentLinkEntity</FullName>
          <Methods>
            <Method visited="true" cyclomaticComplexity="1" nPathComplexity="0" sequenceCoverage="100" branchCoverage="100" isConstructor="false" isStatic="false" isGetter="true" isSetter="false">
              <Summary numSequencePoints="3" visitedSequencePoints="3" numBranchPoints="1" visitedBranchPoints="1" sequenceCoverage="100" branchCoverage="100" maxCyclomaticComplexity="1" minCyclomaticComplexity="1" visitedClasses="0" numClasses="0" visitedMethods="1" numMethods="1" />
              <MetadataToken>100663337</MetadataToken>
              <Name>Xrm.Oss.FluentQuery.IFluentLinkEntitySetting Xrm.Oss.FluentQuery.FluentLinkEntity::get_With()</Name>
              <FileRef uid="1" />
              <SequencePoints>
                <SequencePoint vc="4" uspid="100" ordinal="0" offset="0" sl="239" sc="13" el="239" ec="14" bec="0" bev="0" fileid="1" />
                <SequencePoint vc="4" uspid="101" ordinal="1" offset="1" sl="240" sc="17" el="240" ec="29" bec="0" bev="0" fileid="1" />
                <SequencePoint vc="4" uspid="102" ordinal="2" offset="5" sl="241" sc="13" el="241" ec="14" bec="0" bev="0" fileid="1" />
              </SequencePoints>
              <BranchPoints />
              <MethodPoint xsi:type="SequencePoint" vc="4" uspid="100" ordinal="0" offset="0" sl="239" sc="13" el="239" ec="14" bec="0" bev="0" fileid="1" />
            </Method>
            <Method visited="true" cyclomaticComplexity="1" nPathComplexity="0" sequenceCoverage="100" branchCoverage="100" isConstructor="true" isStatic="false" isGetter="false" isSetter="false">
              <Summary numSequencePoints="4" visitedSequencePoints="4" numBranchPoints="1" visitedBranchPoints="1" sequenceCoverage="100" branchCoverage="100" maxCyclomaticComplexity="1" minCyclomaticComplexity="1" visitedClasses="0" numClasses="0" visitedMethods="1" numMethods="1" />
              <MetadataToken>100663336</MetadataToken>
              <Name>System.Void Xrm.Oss.FluentQuery.FluentLinkEntity::.ctor()</Name>
              <FileRef uid="1" />
              <SequencePoints>
                <SequencePoint vc="5" uspid="103" ordinal="0" offset="0" sl="228" sc="9" el="228" ec="34" bec="0" bev="0" fileid="1" />
                <SequencePoint vc="5" uspid="104" ordinal="1" offset="7" sl="229" sc="9" el="229" ec="10" bec="0" bev="0" fileid="1" />
                <SequencePoint vc="5" uspid="105" ordinal="2" offset="8" sl="230" sc="13" el="233" ec="15" bec="0" bev="0" fileid="1" />
                <SequencePoint vc="5" uspid="106" ordinal="3" offset="31" sl="234" sc="9" el="234" ec="10" bec="0" bev="0" fileid="1" />
              </SequencePoints>
              <BranchPoints />
              <MethodPoint xsi:type="SequencePoint" vc="5" uspid="103" ordinal="0" offset="0" sl="228" sc="9" el="228" ec="34" bec="0" bev="0" fileid="1" />
            </Method>
            <Method visited="true" cyclomaticComplexity="1" nPathComplexity="0" sequenceCoverage="100" branchCoverage="100" isConstructor="false" isStatic="false" isGetter="false" isSetter="false">
              <Summary numSequencePoints="4" visitedSequencePoints="4" numBranchPoints="1" visitedBranchPoints="1" sequenceCoverage="100" branchCoverage="100" maxCyclomaticComplexity="1" minCyclomaticComplexity="1" visitedClasses="0" numClasses="0" visitedMethods="1" numMethods="1" />
              <MetadataToken>100663338</MetadataToken>
              <Name>Xrm.Oss.FluentQuery.IFluentLinkEntity Xrm.Oss.FluentQuery.FluentLinkEntity::Alias(System.String)</Name>
              <FileRef uid="1" />
              <SequencePoints>
                <SequencePoint vc="3" uspid="107" ordinal="0" offset="0" sl="245" sc="9" el="245" ec="10" bec="0" bev="0" fileid="1" />
                <SequencePoint vc="3" uspid="108" ordinal="1" offset="1" sl="246" sc="13" el="246" ec="44" bec="0" bev="0" fileid="1" />
                <SequencePoint vc="3" uspid="109" ordinal="2" offset="14" sl="248" sc="13" el="248" ec="25" bec="0" bev="0" fileid="1" />
                <SequencePoint vc="3" uspid="110" ordinal="3" offset="18" sl="249" sc="9" el="249" ec="10" bec="0" bev="0" fileid="1" />
              </SequencePoints>
              <BranchPoints />
              <MethodPoint xsi:type="SequencePoint" vc="3" uspid="107" ordinal="0" offset="0" sl="245" sc="9" el="245" ec="10" bec="0" bev="0" fileid="1" />
            </Method>
            <Method visited="true" cyclomaticComplexity="1" nPathComplexity="0" sequenceCoverage="100" branchCoverage="100" isConstructor="false" isStatic="false" isGetter="false" isSetter="false">
              <Summary numSequencePoints="4" visitedSequencePoints="4" numBranchPoints="1" visitedBranchPoints="1" sequenceCoverage="100" branchCoverage="100" maxCyclomaticComplexity="1" minCyclomaticComplexity="1" visitedClasses="0" numClasses="0" visitedMethods="1" numMethods="1" />
              <MetadataToken>100663339</MetadataToken>
              <Name>Xrm.Oss.FluentQuery.IFluentLinkEntity Xrm.Oss.FluentQuery.FluentLinkEntity::FromAttribute(System.String)</Name>
              <FileRef uid="1" />
              <SequencePoints>
                <SequencePoint vc="3" uspid="111" ordinal="0" offset="0" sl="252" sc="9" el="252" ec="10" bec="0" bev="0" fileid="1" />
                <SequencePoint vc="3" uspid="112" ordinal="1" offset="1" sl="253" sc="13" el="253" ec="63" bec="0" bev="0" fileid="1" />
                <SequencePoint vc="3" uspid="113" ordinal="2" offset="14" sl="255" sc="13" el="255" ec="25" bec="0" bev="0" fileid="1" />
                <SequencePoint vc="3" uspid="114" ordinal="3" offset="18" sl="256" sc="9" el="256" ec="10" bec="0" bev="0" fileid="1" />
              </SequencePoints>
              <BranchPoints />
              <MethodPoint xsi:type="SequencePoint" vc="3" uspid="111" ordinal="0" offset="0" sl="252" sc="9" el="252" ec="10" bec="0" bev="0" fileid="1" />
            </Method>
            <Method visited="true" cyclomaticComplexity="1" nPathComplexity="0" sequenceCoverage="100" branchCoverage="100" isConstructor="false" isStatic="false" isGetter="false" isSetter="false">
              <Summary numSequencePoints="4" visitedSequencePoints="4" numBranchPoints="1" visitedBranchPoints="1" sequenceCoverage="100" branchCoverage="100" maxCyclomaticComplexity="1" minCyclomaticComplexity="1" visitedClasses="0" numClasses="0" visitedMethods="1" numMethods="1" />
              <MetadataToken>100663340</MetadataToken>
              <Name>Xrm.Oss.FluentQuery.IFluentLinkEntity Xrm.Oss.FluentQuery.FluentLinkEntity::FromEntity(System.String)</Name>
              <FileRef uid="1" />
              <SequencePoints>
                <SequencePoint vc="3" uspid="115" ordinal="0" offset="0" sl="259" sc="9" el="259" ec="10" bec="0" bev="0" fileid="1" />
                <SequencePoint vc="3" uspid="116" ordinal="1" offset="1" sl="260" sc="13" el="260" ec="57" bec="0" bev="0" fileid="1" />
                <SequencePoint vc="3" uspid="117" ordinal="2" offset="14" sl="262" sc="13" el="262" ec="25" bec="0" bev="0" fileid="1" />
                <SequencePoint vc="3" uspid="118" ordinal="3" offset="18" sl="263" sc="9" el="263" ec="10" bec="0" bev="0" fileid="1" />
              </SequencePoints>
              <BranchPoints />
              <MethodPoint xsi:type="SequencePoint" vc="3" uspid="115" ordinal="0" offset="0" sl="259" sc="9" el="259" ec="10" bec="0" bev="0" fileid="1" />
            </Method>
            <Method visited="true" cyclomaticComplexity="1" nPathComplexity="0" sequenceCoverage="100" branchCoverage="100" isConstructor="false" isStatic="false" isGetter="false" isSetter="false">
              <Summary numSequencePoints="4" visitedSequencePoints="4" numBranchPoints="1" visitedBranchPoints="1" sequenceCoverage="100" branchCoverage="100" maxCyclomaticComplexity="1" minCyclomaticComplexity="1" visitedClasses="0" numClasses="0" visitedMethods="1" numMethods="1" />
              <MetadataToken>100663341</MetadataToken>
              <Name>Xrm.Oss.FluentQuery.IFluentLinkEntity Xrm.Oss.FluentQuery.FluentLinkEntity::IncludeColumns(System.String[])</Name>
              <FileRef uid="1" />
              <SequencePoints>
                <SequencePoint vc="1" uspid="119" ordinal="0" offset="0" sl="266" sc="9" el="266" ec="10" bec="0" bev="0" fileid="1" />
                <SequencePoint vc="1" uspid="120" ordinal="1" offset="1" sl="267" sc="13" el="267" ec="53" bec="0" bev="0" fileid="1" />
                <SequencePoint vc="1" uspid="121" ordinal="2" offset="19" sl="269" sc="13" el="269" ec="25" bec="0" bev="0" fileid="1" />
                <SequencePoint vc="1" uspid="122" ordinal="3" offset="23" sl="270" sc="9" el="270" ec="10" bec="0" bev="0" fileid="1" />
              </SequencePoints>
              <BranchPoints />
              <MethodPoint xsi:type="SequencePoint" vc="1" uspid="119" ordinal="0" offset="0" sl="266" sc="9" el="266" ec="10" bec="0" bev="0" fileid="1" />
            </Method>
            <Method visited="false" cyclomaticComplexity="1" nPathComplexity="0" sequenceCoverage="0" branchCoverage="0" isConstructor="false" isStatic="false" isGetter="false" isSetter="false">
              <Summary numSequencePoints="6" visitedSequencePoints="0" numBranchPoints="1" visitedBranchPoints="0" sequenceCoverage="0" branchCoverage="0" maxCyclomaticComplexity="1" minCyclomaticComplexity="1" visitedClasses="0" numClasses="0" visitedMethods="0" numMethods="1" />
              <MetadataToken>100663342</MetadataToken>
              <Name>Xrm.Oss.FluentQuery.IFluentLinkEntity Xrm.Oss.FluentQuery.FluentLinkEntity::Where(System.Action`1&lt;Xrm.Oss.FluentQuery.IFluentFilterExpression&gt;)</Name>
              <FileRef uid="1" />
              <SequencePoints>
                <SequencePoint vc="0" uspid="123" ordinal="0" offset="0" sl="273" sc="9" el="273" ec="10" bec="0" bev="0" fileid="1" />
                <SequencePoint vc="0" uspid="124" ordinal="1" offset="1" sl="274" sc="13" el="274" ec="55" bec="0" bev="0" fileid="1" />
                <SequencePoint vc="0" uspid="125" ordinal="2" offset="7" sl="276" sc="13" el="276" ec="32" bec="0" bev="0" fileid="1" />
                <SequencePoint vc="0" uspid="126" ordinal="3" offset="15" sl="278" sc="13" el="278" ec="59" bec="0" bev="0" fileid="1" />
                <SequencePoint vc="0" uspid="127" ordinal="4" offset="33" sl="280" sc="13" el="280" ec="25" bec="0" bev="0" fileid="1" />
                <SequencePoint vc="0" uspid="128" ordinal="5" offset="37" sl="281" sc="9" el="281" ec="10" bec="0" bev="0" fileid="1" />
              </SequencePoints>
              <BranchPoints />
              <MethodPoint xsi:type="SequencePoint" vc="0" uspid="123" ordinal="0" offset="0" sl="273" sc="9" el="273" ec="10" bec="0" bev="0" fileid="1" />
            </Method>
            <Method visited="true" cyclomaticComplexity="1" nPathComplexity="0" sequenceCoverage="100" branchCoverage="100" isConstructor="false" isStatic="false" isGetter="false" isSetter="false">
              <Summary numSequencePoints="6" visitedSequencePoints="6" numBranchPoints="1" visitedBranchPoints="1" sequenceCoverage="100" branchCoverage="100" maxCyclomaticComplexity="1" minCyclomaticComplexity="1" visitedClasses="0" numClasses="0" visitedMethods="1" numMethods="1" />
              <MetadataToken>100663343</MetadataToken>
              <Name>Xrm.Oss.FluentQuery.IFluentLinkEntity Xrm.Oss.FluentQuery.FluentLinkEntity::Link(System.Action`1&lt;Xrm.Oss.FluentQuery.IFluentLinkEntity&gt;)</Name>
              <FileRef uid="1" />
              <SequencePoints>
                <SequencePoint vc="1" uspid="129" ordinal="0" offset="0" sl="284" sc="9" el="284" ec="10" bec="0" bev="0" fileid="1" />
                <SequencePoint vc="1" uspid="130" ordinal="1" offset="1" sl="285" sc="13" el="285" ec="47" bec="0" bev="0" fileid="1" />
                <SequencePoint vc="1" uspid="131" ordinal="2" offset="7" sl="287" sc="13" el="287" ec="30" bec="0" bev="0" fileid="1" />
                <SequencePoint vc="1" uspid="132" ordinal="3" offset="15" sl="289" sc="13" el="289" ec="64" bec="0" bev="0" fileid="1" />
                <SequencePoint vc="1" uspid="133" ordinal="4" offset="38" sl="291" sc="13" el="291" ec="25" bec="0" bev="0" fileid="1" />
                <SequencePoint vc="1" uspid="134" ordinal="5" offset="42" sl="292" sc="9" el="292" ec="10" bec="0" bev="0" fileid="1" />
              </SequencePoints>
              <BranchPoints />
              <MethodPoint xsi:type="SequencePoint" vc="1" uspid="129" ordinal="0" offset="0" sl="284" sc="9" el="284" ec="10" bec="0" bev="0" fileid="1" />
            </Method>
            <Method visited="true" cyclomaticComplexity="1" nPathComplexity="0" sequenceCoverage="100" branchCoverage="100" isConstructor="false" isStatic="false" isGetter="false" isSetter="false">
              <Summary numSequencePoints="4" visitedSequencePoints="4" numBranchPoints="1" visitedBranchPoints="1" sequenceCoverage="100" branchCoverage="100" maxCyclomaticComplexity="1" minCyclomaticComplexity="1" visitedClasses="0" numClasses="0" visitedMethods="1" numMethods="1" />
              <MetadataToken>100663344</MetadataToken>
              <Name>Xrm.Oss.FluentQuery.IFluentLinkEntity Xrm.Oss.FluentQuery.FluentLinkEntity::LinkType(Microsoft.Xrm.Sdk.Query.JoinOperator)</Name>
              <FileRef uid="1" />
              <SequencePoints>
                <SequencePoint vc="1" uspid="135" ordinal="0" offset="0" sl="295" sc="9" el="295" ec="10" bec="0" bev="0" fileid="1" />
                <SequencePoint vc="1" uspid="136" ordinal="1" offset="1" sl="296" sc="13" el="296" ec="53" bec="0" bev="0" fileid="1" />
                <SequencePoint vc="1" uspid="137" ordinal="2" offset="14" sl="298" sc="13" el="298" ec="25" bec="0" bev="0" fileid="1" />
                <SequencePoint vc="1" uspid="138" ordinal="3" offset="18" sl="299" sc="9" el="299" ec="10" bec="0" bev="0" fileid="1" />
              </SequencePoints>
              <BranchPoints />
              <MethodPoint xsi:type="SequencePoint" vc="1" uspid="135" ordinal="0" offset="0" sl="295" sc="9" el="295" ec="10" bec="0" bev="0" fileid="1" />
            </Method>
            <Method visited="true" cyclomaticComplexity="1" nPathComplexity="0" sequenceCoverage="100" branchCoverage="100" isConstructor="false" isStatic="false" isGetter="false" isSetter="false">
              <Summary numSequencePoints="4" visitedSequencePoints="4" numBranchPoints="1" visitedBranchPoints="1" sequenceCoverage="100" branchCoverage="100" maxCyclomaticComplexity="1" minCyclomaticComplexity="1" visitedClasses="0" numClasses="0" visitedMethods="1" numMethods="1" />
              <MetadataToken>100663345</MetadataToken>
              <Name>Xrm.Oss.FluentQuery.IFluentLinkEntity Xrm.Oss.FluentQuery.FluentLinkEntity::ToAttribute(System.String)</Name>
              <FileRef uid="1" />
              <SequencePoints>
                <SequencePoint vc="3" uspid="139" ordinal="0" offset="0" sl="302" sc="9" el="302" ec="10" bec="0" bev="0" fileid="1" />
                <SequencePoint vc="3" uspid="140" ordinal="1" offset="1" sl="303" sc="13" el="303" ec="61" bec="0" bev="0" fileid="1" />
                <SequencePoint vc="3" uspid="141" ordinal="2" offset="14" sl="305" sc="13" el="305" ec="25" bec="0" bev="0" fileid="1" />
                <SequencePoint vc="3" uspid="142" ordinal="3" offset="18" sl="306" sc="9" el="306" ec="10" bec="0" bev="0" fileid="1" />
              </SequencePoints>
              <BranchPoints />
              <MethodPoint xsi:type="SequencePoint" vc="3" uspid="139" ordinal="0" offset="0" sl="302" sc="9" el="302" ec="10" bec="0" bev="0" fileid="1" />
            </Method>
            <Method visited="true" cyclomaticComplexity="1" nPathComplexity="0" sequenceCoverage="100" branchCoverage="100" isConstructor="false" isStatic="false" isGetter="false" isSetter="false">
              <Summary numSequencePoints="4" visitedSequencePoints="4" numBranchPoints="1" visitedBranchPoints="1" sequenceCoverage="100" branchCoverage="100" maxCyclomaticComplexity="1" minCyclomaticComplexity="1" visitedClasses="0" numClasses="0" visitedMethods="1" numMethods="1" />
              <MetadataToken>100663346</MetadataToken>
              <Name>Xrm.Oss.FluentQuery.IFluentLinkEntity Xrm.Oss.FluentQuery.FluentLinkEntity::ToEntity(System.String)</Name>
              <FileRef uid="1" />
              <SequencePoints>
                <SequencePoint vc="3" uspid="143" ordinal="0" offset="0" sl="309" sc="9" el="309" ec="10" bec="0" bev="0" fileid="1" />
                <SequencePoint vc="3" uspid="144" ordinal="1" offset="1" sl="310" sc="13" el="310" ec="55" bec="0" bev="0" fileid="1" />
                <SequencePoint vc="3" uspid="145" ordinal="2" offset="14" sl="312" sc="13" el="312" ec="25" bec="0" bev="0" fileid="1" />
                <SequencePoint vc="3" uspid="146" ordinal="3" offset="18" sl="313" sc="9" el="313" ec="10" bec="0" bev="0" fileid="1" />
              </SequencePoints>
              <BranchPoints />
              <MethodPoint xsi:type="SequencePoint" vc="3" uspid="143" ordinal="0" offset="0" sl="309" sc="9" el="309" ec="10" bec="0" bev="0" fileid="1" />
            </Method>
            <Method visited="true" cyclomaticComplexity="1" nPathComplexity="0" sequenceCoverage="100" branchCoverage="100" isConstructor="false" isStatic="false" isGetter="false" isSetter="false">
              <Summary numSequencePoints="3" visitedSequencePoints="3" numBranchPoints="1" visitedBranchPoints="1" sequenceCoverage="100" branchCoverage="100" maxCyclomaticComplexity="1" minCyclomaticComplexity="1" visitedClasses="0" numClasses="0" visitedMethods="1" numMethods="1" />
              <MetadataToken>100663347</MetadataToken>
              <Name>Microsoft.Xrm.Sdk.Query.LinkEntity Xrm.Oss.FluentQuery.FluentLinkEntity::GetLinkEntity()</Name>
              <FileRef uid="1" />
              <SequencePoints>
                <SequencePoint vc="5" uspid="147" ordinal="0" offset="0" sl="316" sc="9" el="316" ec="10" bec="0" bev="0" fileid="1" />
                <SequencePoint vc="5" uspid="148" ordinal="1" offset="1" sl="317" sc="13" el="317" ec="32" bec="0" bev="0" fileid="1" />
                <SequencePoint vc="5" uspid="149" ordinal="2" offset="10" sl="318" sc="9" el="318" ec="10" bec="0" bev="0" fileid="1" />
              </SequencePoints>
              <BranchPoints />
              <MethodPoint xsi:type="SequencePoint" vc="5" uspid="147" ordinal="0" offset="0" sl="316" sc="9" el="316" ec="10" bec="0" bev="0" fileid="1" />
            </Method>
          </Methods>
        </Class>
        <Class>
          <Summary numSequencePoints="26" visitedSequencePoints="26" numBranchPoints="6" visitedBranchPoints="6" sequenceCoverage="100" branchCoverage="100" maxCyclomaticComplexity="1" minCyclomaticComplexity="1" visitedClasses="1" numClasses="1" visitedMethods="6" numMethods="6" />
          <FullName>Xrm.Oss.FluentQuery.FluentFilterExpression</FullName>
          <Methods>
            <Method visited="true" cyclomaticComplexity="1" nPathComplexity="0" sequenceCoverage="100" branchCoverage="100" isConstructor="false" isStatic="false" isGetter="true" isSetter="false">
              <Summary numSequencePoints="3" visitedSequencePoints="3" numBranchPoints="1" visitedBranchPoints="1" sequenceCoverage="100" branchCoverage="100" maxCyclomaticComplexity="1" minCyclomaticComplexity="1" visitedClasses="0" numClasses="0" visitedMethods="1" numMethods="1" />
              <MetadataToken>100663353</MetadataToken>
              <Name>Xrm.Oss.FluentQuery.IFluentFilterExpressionSetting Xrm.Oss.FluentQuery.FluentFilterExpression::get_With()</Name>
              <FileRef uid="1" />
              <SequencePoints>
                <SequencePoint vc="3" uspid="150" ordinal="0" offset="0" sl="346" sc="13" el="346" ec="14" bec="0" bev="0" fileid="1" />
                <SequencePoint vc="3" uspid="151" ordinal="1" offset="1" sl="347" sc="17" el="347" ec="29" bec="0" bev="0" fileid="1" />
                <SequencePoint vc="3" uspid="152" ordinal="2" offset="5" sl="348" sc="13" el="348" ec="14" bec="0" bev="0" fileid="1" />
              </SequencePoints>
              <BranchPoints />
              <MethodPoint xsi:type="SequencePoint" vc="3" uspid="150" ordinal="0" offset="0" sl="346" sc="13" el="346" ec="14" bec="0" bev="0" fileid="1" />
            </Method>
            <Method visited="true" cyclomaticComplexity="1" nPathComplexity="0" sequenceCoverage="100" branchCoverage="100" isConstructor="true" isStatic="false" isGetter="false" isSetter="false">
              <Summary numSequencePoints="4" visitedSequencePoints="4" numBranchPoints="1" visitedBranchPoints="1" sequenceCoverage="100" branchCoverage="100" maxCyclomaticComplexity="1" minCyclomaticComplexity="1" visitedClasses="0" numClasses="0" visitedMethods="1" numMethods="1" />
              <MetadataToken>100663352</MetadataToken>
              <Name>System.Void Xrm.Oss.FluentQuery.FluentFilterExpression::.ctor()</Name>
              <FileRef uid="1" />
              <SequencePoints>
                <SequencePoint vc="3" uspid="153" ordinal="0" offset="0" sl="338" sc="9" el="338" ec="40" bec="0" bev="0" fileid="1" />
                <SequencePoint vc="3" uspid="154" ordinal="1" offset="7" sl="339" sc="9" el="339" ec="10" bec="0" bev="0" fileid="1" />
                <SequencePoint vc="3" uspid="155" ordinal="2" offset="8" sl="340" sc="13" el="340" ec="46" bec="0" bev="0" fileid="1" />
                <SequencePoint vc="3" uspid="156" ordinal="3" offset="19" sl="341" sc="9" el="341" ec="10" bec="0" bev="0" fileid="1" />
              </SequencePoints>
              <BranchPoints />
              <MethodPoint xsi:type="SequencePoint" vc="3" uspid="153" ordinal="0" offset="0" sl="338" sc="9" el="338" ec="40" bec="0" bev="0" fileid="1" />
            </Method>
            <Method visited="true" cyclomaticComplexity="1" nPathComplexity="0" sequenceCoverage="100" branchCoverage="100" isConstructor="false" isStatic="false" isGetter="false" isSetter="false">
              <Summary numSequencePoints="4" visitedSequencePoints="4" numBranchPoints="1" visitedBranchPoints="1" sequenceCoverage="100" branchCoverage="100" maxCyclomaticComplexity="1" minCyclomaticComplexity="1" visitedClasses="0" numClasses="0" visitedMethods="1" numMethods="1" />
              <MetadataToken>100663354</MetadataToken>
              <Name>Xrm.Oss.FluentQuery.IFluentFilterExpression Xrm.Oss.FluentQuery.FluentFilterExpression::Operator(Microsoft.Xrm.Sdk.Query.LogicalOperator)</Name>
              <FileRef uid="1" />
              <SequencePoints>
                <SequencePoint vc="3" uspid="157" ordinal="0" offset="0" sl="352" sc="9" el="352" ec="10" bec="0" bev="0" fileid="1" />
                <SequencePoint vc="3" uspid="158" ordinal="1" offset="1" sl="353" sc="13" el="353" ec="53" bec="0" bev="0" fileid="1" />
                <SequencePoint vc="3" uspid="159" ordinal="2" offset="14" sl="355" sc="13" el="355" ec="25" bec="0" bev="0" fileid="1" />
                <SequencePoint vc="3" uspid="160" ordinal="3" offset="18" sl="356" sc="9" el="356" ec="10" bec="0" bev="0" fileid="1" />
              </SequencePoints>
              <BranchPoints />
              <MethodPoint xsi:type="SequencePoint" vc="3" uspid="157" ordinal="0" offset="0" sl="352" sc="9" el="352" ec="10" bec="0" bev="0" fileid="1" />
            </Method>
            <Method visited="true" cyclomaticComplexity="1" nPathComplexity="0" sequenceCoverage="100" branchCoverage="100" isConstructor="false" isStatic="false" isGetter="false" isSetter="false">
              <Summary numSequencePoints="6" visitedSequencePoints="6" numBranchPoints="1" visitedBranchPoints="1" sequenceCoverage="100" branchCoverage="100" maxCyclomaticComplexity="1" minCyclomaticComplexity="1" visitedClasses="0" numClasses="0" visitedMethods="1" numMethods="1" />
              <MetadataToken>100663355</MetadataToken>
              <Name>Xrm.Oss.FluentQuery.IFluentFilterExpression Xrm.Oss.FluentQuery.FluentFilterExpression::Where(System.Action`1&lt;Xrm.Oss.FluentQuery.IFluentFilterExpression&gt;)</Name>
              <FileRef uid="1" />
              <SequencePoints>
                <SequencePoint vc="1" uspid="161" ordinal="0" offset="0" sl="359" sc="9" el="359" ec="10" bec="0" bev="0" fileid="1" />
                <SequencePoint vc="1" uspid="162" ordinal="1" offset="1" sl="360" sc="13" el="360" ec="55" bec="0" bev="0" fileid="1" />
                <SequencePoint vc="1" uspid="163" ordinal="2" offset="7" sl="362" sc="13" el="362" ec="32" bec="0" bev="0" fileid="1" />
                <SequencePoint vc="1" uspid="164" ordinal="3" offset="15" sl="364" sc="13" el="364" ec="53" bec="0" bev="0" fileid="1" />
                <SequencePoint vc="1" uspid="165" ordinal="4" offset="38" sl="366" sc="13" el="366" ec="25" bec="0" bev="0" fileid="1" />
                <SequencePoint vc="1" uspid="166" ordinal="5" offset="42" sl="367" sc="9" el="367" ec="10" bec="0" bev="0" fileid="1" />
              </SequencePoints>
              <BranchPoints />
              <MethodPoint xsi:type="SequencePoint" vc="1" uspid="161" ordinal="0" offset="0" sl="359" sc="9" el="359" ec="10" bec="0" bev="0" fileid="1" />
            </Method>
            <Method visited="true" cyclomaticComplexity="1" nPathComplexity="0" sequenceCoverage="100" branchCoverage="100" isConstructor="false" isStatic="false" isGetter="false" isSetter="false">
              <Summary numSequencePoints="6" visitedSequencePoints="6" numBranchPoints="1" visitedBranchPoints="1" sequenceCoverage="100" branchCoverage="100" maxCyclomaticComplexity="1" minCyclomaticComplexity="1" visitedClasses="0" numClasses="0" visitedMethods="1" numMethods="1" />
              <MetadataToken>100663356</MetadataToken>
              <Name>Xrm.Oss.FluentQuery.IFluentFilterExpression Xrm.Oss.FluentQuery.FluentFilterExpression::Attribute(System.Action`1&lt;Xrm.Oss.FluentQuery.IFluentConditionExpression&gt;)</Name>
              <FileRef uid="1" />
              <SequencePoints>
                <SequencePoint vc="3" uspid="167" ordinal="0" offset="0" sl="370" sc="9" el="370" ec="10" bec="0" bev="0" fileid="1" />
                <SequencePoint vc="3" uspid="168" ordinal="1" offset="1" sl="371" sc="13" el="371" ec="61" bec="0" bev="0" fileid="1" />
                <SequencePoint vc="3" uspid="169" ordinal="2" offset="7" sl="373" sc="13" el="373" ec="35" bec="0" bev="0" fileid="1" />
                <SequencePoint vc="3" uspid="170" ordinal="3" offset="15" sl="375" sc="13" el="375" ec="62" bec="0" bev="0" fileid="1" />
                <SequencePoint vc="3" uspid="171" ordinal="4" offset="38" sl="377" sc="13" el="377" ec="25" bec="0" bev="0" fileid="1" />
                <SequencePoint vc="3" uspid="172" ordinal="5" offset="42" sl="378" sc="9" el="378" ec="10" bec="0" bev="0" fileid="1" />
              </SequencePoints>
              <BranchPoints />
              <MethodPoint xsi:type="SequencePoint" vc="3" uspid="167" ordinal="0" offset="0" sl="370" sc="9" el="370" ec="10" bec="0" bev="0" fileid="1" />
            </Method>
            <Method visited="true" cyclomaticComplexity="1" nPathComplexity="0" sequenceCoverage="100" branchCoverage="100" isConstructor="false" isStatic="false" isGetter="false" isSetter="false">
              <Summary numSequencePoints="3" visitedSequencePoints="3" numBranchPoints="1" visitedBranchPoints="1" sequenceCoverage="100" branchCoverage="100" maxCyclomaticComplexity="1" minCyclomaticComplexity="1" visitedClasses="0" numClasses="0" visitedMethods="1" numMethods="1" />
              <MetadataToken>100663357</MetadataToken>
              <Name>Microsoft.Xrm.Sdk.Query.FilterExpression Xrm.Oss.FluentQuery.FluentFilterExpression::GetFilter()</Name>
              <FileRef uid="1" />
              <SequencePoints>
                <SequencePoint vc="3" uspid="173" ordinal="0" offset="0" sl="381" sc="9" el="381" ec="10" bec="0" bev="0" fileid="1" />
                <SequencePoint vc="3" uspid="174" ordinal="1" offset="1" sl="382" sc="13" el="382" ec="28" bec="0" bev="0" fileid="1" />
                <SequencePoint vc="3" uspid="175" ordinal="2" offset="10" sl="383" sc="9" el="383" ec="10" bec="0" bev="0" fileid="1" />
              </SequencePoints>
              <BranchPoints />
              <MethodPoint xsi:type="SequencePoint" vc="3" uspid="173" ordinal="0" offset="0" sl="381" sc="9" el="381" ec="10" bec="0" bev="0" fileid="1" />
            </Method>
          </Methods>
        </Class>
        <Class>
          <Summary numSequencePoints="27" visitedSequencePoints="23" numBranchPoints="7" visitedBranchPoints="6" sequenceCoverage="85.19" branchCoverage="85.71" maxCyclomaticComplexity="1" minCyclomaticComplexity="1" visitedClasses="1" numClasses="1" visitedMethods="6" numMethods="7" />
          <FullName>Xrm.Oss.FluentQuery.FluentConditionExpression</FullName>
          <Methods>
            <Method visited="true" cyclomaticComplexity="1" nPathComplexity="0" sequenceCoverage="100" branchCoverage="100" isConstructor="true" isStatic="false" isGetter="false" isSetter="false">
              <Summary numSequencePoints="4" visitedSequencePoints="4" numBranchPoints="1" visitedBranchPoints="1" sequenceCoverage="100" branchCoverage="100" maxCyclomaticComplexity="1" minCyclomaticComplexity="1" visitedClasses="0" numClasses="0" visitedMethods="1" numMethods="1" />
              <MetadataToken>100663363</MetadataToken>
              <Name>System.Void Xrm.Oss.FluentQuery.FluentConditionExpression::.ctor()</Name>
              <FileRef uid="1" />
              <SequencePoints>
                <SequencePoint vc="3" uspid="176" ordinal="0" offset="0" sl="399" sc="9" el="399" ec="43" bec="0" bev="0" fileid="1" />
                <SequencePoint vc="3" uspid="177" ordinal="1" offset="7" sl="400" sc="9" el="400" ec="10" bec="0" bev="0" fileid="1" />
                <SequencePoint vc="3" uspid="178" ordinal="2" offset="8" sl="401" sc="13" el="401" ec="52" bec="0" bev="0" fileid="1" />
                <SequencePoint vc="3" uspid="179" ordinal="3" offset="19" sl="402" sc="9" el="402" ec="10" bec="0" bev="0" fileid="1" />
              </SequencePoints>
              <BranchPoints />
              <MethodPoint xsi:type="SequencePoint" vc="3" uspid="176" ordinal="0" offset="0" sl="399" sc="9" el="399" ec="43" bec="0" bev="0" fileid="1" />
            </Method>
            <Method visited="true" cyclomaticComplexity="1" nPathComplexity="0" sequenceCoverage="100" branchCoverage="100" isConstructor="false" isStatic="false" isGetter="false" isSetter="false">
              <Summary numSequencePoints="4" visitedSequencePoints="4" numBranchPoints="1" visitedBranchPoints="1" sequenceCoverage="100" branchCoverage="100" maxCyclomaticComplexity="1" minCyclomaticComplexity="1" visitedClasses="0" numClasses="0" visitedMethods="1" numMethods="1" />
              <MetadataToken>100663364</MetadataToken>
              <Name>Xrm.Oss.FluentQuery.IFluentConditionExpression Xrm.Oss.FluentQuery.FluentConditionExpression::Is(Microsoft.Xrm.Sdk.Query.ConditionOperator)</Name>
              <FileRef uid="1" />
              <SequencePoints>
                <SequencePoint vc="3" uspid="180" ordinal="0" offset="0" sl="405" sc="9" el="405" ec="10" bec="0" bev="0" fileid="1" />
                <SequencePoint vc="3" uspid="181" ordinal="1" offset="1" sl="406" sc="13" el="406" ec="53" bec="0" bev="0" fileid="1" />
                <SequencePoint vc="3" uspid="182" ordinal="2" offset="14" sl="408" sc="13" el="408" ec="25" bec="0" bev="0" fileid="1" />
                <SequencePoint vc="3" uspid="183" ordinal="3" offset="18" sl="409" sc="9" el="409" ec="10" bec="0" bev="0" fileid="1" />
              </SequencePoints>
              <BranchPoints />
              <MethodPoint xsi:type="SequencePoint" vc="3" uspid="180" ordinal="0" offset="0" sl="405" sc="9" el="405" ec="10" bec="0" bev="0" fileid="1" />
            </Method>
            <Method visited="true" cyclomaticComplexity="1" nPathComplexity="0" sequenceCoverage="100" branchCoverage="100" isConstructor="false" isStatic="false" isGetter="false" isSetter="false">
              <Summary numSequencePoints="4" visitedSequencePoints="4" numBranchPoints="1" visitedBranchPoints="1" sequenceCoverage="100" branchCoverage="100" maxCyclomaticComplexity="1" minCyclomaticComplexity="1" visitedClasses="0" numClasses="0" visitedMethods="1" numMethods="1" />
              <MetadataToken>100663365</MetadataToken>
              <Name>Xrm.Oss.FluentQuery.IFluentConditionExpression Xrm.Oss.FluentQuery.FluentConditionExpression::Named(System.String)</Name>
              <FileRef uid="1" />
              <SequencePoints>
                <SequencePoint vc="3" uspid="184" ordinal="0" offset="0" sl="412" sc="9" el="412" ec="10" bec="0" bev="0" fileid="1" />
                <SequencePoint vc="3" uspid="185" ordinal="1" offset="1" sl="413" sc="13" el="413" ec="54" bec="0" bev="0" fileid="1" />
                <SequencePoint vc="3" uspid="186" ordinal="2" offset="14" sl="415" sc="13" el="415" ec="25" bec="0" bev="0" fileid="1" />
                <SequencePoint vc="3" uspid="187" ordinal="3" offset="18" sl="416" sc="9" el="416" ec="10" bec="0" bev="0" fileid="1" />
              </SequencePoints>
              <BranchPoints />
              <MethodPoint xsi:type="SequencePoint" vc="3" uspid="184" ordinal="0" offset="0" sl="412" sc="9" el="412" ec="10" bec="0" bev="0" fileid="1" />
            </Method>
            <Method visited="true" cyclomaticComplexity="1" nPathComplexity="0" sequenceCoverage="100" branchCoverage="100" isConstructor="false" isStatic="false" isGetter="false" isSetter="false">
              <Summary numSequencePoints="4" visitedSequencePoints="4" numBranchPoints="1" visitedBranchPoints="1" sequenceCoverage="100" branchCoverage="100" maxCyclomaticComplexity="1" minCyclomaticComplexity="1" visitedClasses="0" numClasses="0" visitedMethods="1" numMethods="1" />
              <MetadataToken>100663366</MetadataToken>
              <Name>Xrm.Oss.FluentQuery.IFluentConditionExpression Xrm.Oss.FluentQuery.FluentConditionExpression::Of(System.String)</Name>
              <FileRef uid="1" />
              <SequencePoints>
                <SequencePoint vc="3" uspid="188" ordinal="0" offset="0" sl="419" sc="9" el="419" ec="10" bec="0" bev="0" fileid="1" />
                <SequencePoint vc="3" uspid="189" ordinal="1" offset="1" sl="420" sc="13" el="420" ec="48" bec="0" bev="0" fileid="1" />
                <SequencePoint vc="3" uspid="190" ordinal="2" offset="14" sl="422" sc="13" el="422" ec="25" bec="0" bev="0" fileid="1" />
                <SequencePoint vc="3" uspid="191" ordinal="3" offset="18" sl="423" sc="9" el="423" ec="10" bec="0" bev="0" fileid="1" />
              </SequencePoints>
              <BranchPoints />
              <MethodPoint xsi:type="SequencePoint" vc="3" uspid="188" ordinal="0" offset="0" sl="419" sc="9" el="419" ec="10" bec="0" bev="0" fileid="1" />
            </Method>
            <Method visited="true" cyclomaticComplexity="1" nPathComplexity="0" sequenceCoverage="100" branchCoverage="100" isConstructor="false" isStatic="false" isGetter="false" isSetter="false">
              <Summary numSequencePoints="4" visitedSequencePoints="4" numBranchPoints="1" visitedBranchPoints="1" sequenceCoverage="100" branchCoverage="100" maxCyclomaticComplexity="1" minCyclomaticComplexity="1" visitedClasses="0" numClasses="0" visitedMethods="1" numMethods="1" />
              <MetadataToken>100663367</MetadataToken>
              <Name>Xrm.Oss.FluentQuery.IFluentConditionExpression Xrm.Oss.FluentQuery.FluentConditionExpression::Value(System.Object)</Name>
              <FileRef uid="1" />
              <SequencePoints>
                <SequencePoint vc="3" uspid="192" ordinal="0" offset="0" sl="426" sc="9" el="426" ec="10" bec="0" bev="0" fileid="1" />
                <SequencePoint vc="3" uspid="193" ordinal="1" offset="1" sl="427" sc="13" el="427" ec="42" bec="0" bev="0" fileid="1" />
                <SequencePoint vc="3" uspid="194" ordinal="2" offset="19" sl="429" sc="13" el="429" ec="25" bec="0" bev="0" fileid="1" />
                <SequencePoint vc="3" uspid="195" ordinal="3" offset="23" sl="430" sc="9" el="430" ec="10" bec="0" bev="0" fileid="1" />
              </SequencePoints>
              <BranchPoints />
              <MethodPoint xsi:type="SequencePoint" vc="3" uspid="192" ordinal="0" offset="0" sl="426" sc="9" el="426" ec="10" bec="0" bev="0" fileid="1" />
            </Method>
            <Method visited="false" cyclomaticComplexity="1" nPathComplexity="0" sequenceCoverage="0" branchCoverage="0" isConstructor="false" isStatic="false" isGetter="false" isSetter="false">
              <Summary numSequencePoints="4" visitedSequencePoints="0" numBranchPoints="1" visitedBranchPoints="0" sequenceCoverage="0" branchCoverage="0" maxCyclomaticComplexity="1" minCyclomaticComplexity="1" visitedClasses="0" numClasses="0" visitedMethods="0" numMethods="1" />
              <MetadataToken>100663368</MetadataToken>
              <Name>Xrm.Oss.FluentQuery.IFluentConditionExpression Xrm.Oss.FluentQuery.FluentConditionExpression::Value(System.Object[])</Name>
              <FileRef uid="1" />
              <SequencePoints>
                <SequencePoint vc="0" uspid="196" ordinal="0" offset="0" sl="433" sc="9" el="433" ec="10" bec="0" bev="0" fileid="1" />
                <SequencePoint vc="0" uspid="197" ordinal="1" offset="1" sl="434" sc="13" el="434" ec="47" bec="0" bev="0" fileid="1" />
                <SequencePoint vc="0" uspid="198" ordinal="2" offset="19" sl="436" sc="13" el="436" ec="25" bec="0" bev="0" fileid="1" />
                <SequencePoint vc="0" uspid="199" ordinal="3" offset="23" sl="437" sc="9" el="437" ec="10" bec="0" bev="0" fileid="1" />
              </SequencePoints>
              <BranchPoints />
              <MethodPoint xsi:type="SequencePoint" vc="0" uspid="196" ordinal="0" offset="0" sl="433" sc="9" el="433" ec="10" bec="0" bev="0" fileid="1" />
            </Method>
            <Method visited="true" cyclomaticComplexity="1" nPathComplexity="0" sequenceCoverage="100" branchCoverage="100" isConstructor="false" isStatic="false" isGetter="false" isSetter="false">
              <Summary numSequencePoints="3" visitedSequencePoints="3" numBranchPoints="1" visitedBranchPoints="1" sequenceCoverage="100" branchCoverage="100" maxCyclomaticComplexity="1" minCyclomaticComplexity="1" visitedClasses="0" numClasses="0" visitedMethods="1" numMethods="1" />
              <MetadataToken>100663369</MetadataToken>
              <Name>Microsoft.Xrm.Sdk.Query.ConditionExpression Xrm.Oss.FluentQuery.FluentConditionExpression::GetCondition()</Name>
              <FileRef uid="1" />
              <SequencePoints>
                <SequencePoint vc="3" uspid="200" ordinal="0" offset="0" sl="440" sc="9" el="440" ec="10" bec="0" bev="0" fileid="1" />
                <SequencePoint vc="3" uspid="201" ordinal="1" offset="1" sl="441" sc="13" el="441" ec="31" bec="0" bev="0" fileid="1" />
                <SequencePoint vc="3" uspid="202" ordinal="2" offset="10" sl="442" sc="9" el="442" ec="10" bec="0" bev="0" fileid="1" />
              </SequencePoints>
              <BranchPoints />
              <MethodPoint xsi:type="SequencePoint" vc="3" uspid="200" ordinal="0" offset="0" sl="440" sc="9" el="440" ec="10" bec="0" bev="0" fileid="1" />
            </Method>
          </Methods>
        </Class>
        <Class>
          <Summary numSequencePoints="19" visitedSequencePoints="19" numBranchPoints="5" visitedBranchPoints="5" sequenceCoverage="100" branchCoverage="100" maxCyclomaticComplexity="1" minCyclomaticComplexity="1" visitedClasses="1" numClasses="1" visitedMethods="5" numMethods="5" />
          <FullName>Xrm.Oss.FluentQuery.FluentOrderExpression</FullName>
          <Methods>
            <Method visited="true" cyclomaticComplexity="1" nPathComplexity="0" sequenceCoverage="100" branchCoverage="100" isConstructor="true" isStatic="false" isGetter="false" isSetter="false">
              <Summary numSequencePoints="4" visitedSequencePoints="4" numBranchPoints="1" visitedBranchPoints="1" sequenceCoverage="100" branchCoverage="100" maxCyclomaticComplexity="1" minCyclomaticComplexity="1" visitedClasses="0" numClasses="0" visitedMethods="1" numMethods="1" />
              <MetadataToken>100663373</MetadataToken>
              <Name>System.Void Xrm.Oss.FluentQuery.FluentOrderExpression::.ctor()</Name>
              <FileRef uid="1" />
              <SequencePoints>
                <SequencePoint vc="5" uspid="203" ordinal="0" offset="0" sl="456" sc="9" el="456" ec="40" bec="0" bev="0" fileid="1" />
                <SequencePoint vc="5" uspid="204" ordinal="1" offset="7" sl="457" sc="9" el="457" ec="10" bec="0" bev="0" fileid="1" />
                <SequencePoint vc="5" uspid="205" ordinal="2" offset="8" sl="458" sc="13" el="458" ec="44" bec="0" bev="0" fileid="1" />
                <SequencePoint vc="5" uspid="206" ordinal="3" offset="19" sl="459" sc="9" el="459" ec="10" bec="0" bev="0" fileid="1" />
              </SequencePoints>
              <BranchPoints />
              <MethodPoint xsi:type="SequencePoint" vc="5" uspid="203" ordinal="0" offset="0" sl="456" sc="9" el="456" ec="40" bec="0" bev="0" fileid="1" />
            </Method>
            <Method visited="true" cyclomaticComplexity="1" nPathComplexity="0" sequenceCoverage="100" branchCoverage="100" isConstructor="false" isStatic="false" isGetter="false" isSetter="false">
              <Summary numSequencePoints="4" visitedSequencePoints="4" numBranchPoints="1" visitedBranchPoints="1" sequenceCoverage="100" branchCoverage="100" maxCyclomaticComplexity="1" minCyclomaticComplexity="1" visitedClasses="0" numClasses="0" visitedMethods="1" numMethods="1" />
              <MetadataToken>100663374</MetadataToken>
              <Name>Xrm.Oss.FluentQuery.IFluentOrderExpression Xrm.Oss.FluentQuery.FluentOrderExpression::By(System.String)</Name>
              <FileRef uid="1" />
              <SequencePoints>
                <SequencePoint vc="5" uspid="207" ordinal="0" offset="0" sl="462" sc="9" el="462" ec="10" bec="0" bev="0" fileid="1" />
                <SequencePoint vc="5" uspid="208" ordinal="1" offset="1" sl="463" sc="13" el="463" ec="50" bec="0" bev="0" fileid="1" />
                <SequencePoint vc="5" uspid="209" ordinal="2" offset="14" sl="465" sc="13" el="465" ec="25" bec="0" bev="0" fileid="1" />
                <SequencePoint vc="5" uspid="210" ordinal="3" offset="18" sl="466" sc="9" el="466" ec="10" bec="0" bev="0" fileid="1" />
              </SequencePoints>
              <BranchPoints />
              <MethodPoint xsi:type="SequencePoint" vc="5" uspid="207" ordinal="0" offset="0" sl="462" sc="9" el="462" ec="10" bec="0" bev="0" fileid="1" />
            </Method>
            <Method visited="true" cyclomaticComplexity="1" nPathComplexity="0" sequenceCoverage="100" branchCoverage="100" isConstructor="false" isStatic="false" isGetter="false" isSetter="false">
              <Summary numSequencePoints="4" visitedSequencePoints="4" numBranchPoints="1" visitedBranchPoints="1" sequenceCoverage="100" branchCoverage="100" maxCyclomaticComplexity="1" minCyclomaticComplexity="1" visitedClasses="0" numClasses="0" visitedMethods="1" numMethods="1" />
              <MetadataToken>100663375</MetadataToken>
              <Name>Xrm.Oss.FluentQuery.IFluentOrderExpression Xrm.Oss.FluentQuery.FluentOrderExpression::Ascending()</Name>
              <FileRef uid="1" />
              <SequencePoints>
                <SequencePoint vc="1" uspid="211" ordinal="0" offset="0" sl="469" sc="9" el="469" ec="10" bec="0" bev="0" fileid="1" />
                <SequencePoint vc="1" uspid="212" ordinal="1" offset="1" sl="470" sc="13" el="470" ec="52" bec="0" bev="0" fileid="1" />
                <SequencePoint vc="1" uspid="213" ordinal="2" offset="14" sl="472" sc="13" el="472" ec="25" bec="0" bev="0" fileid="1" />
                <SequencePoint vc="1" uspid="214" ordinal="3" offset="18" sl="473" sc="9" el="473" ec="10" bec="0" bev="0" fileid="1" />
              </SequencePoints>
              <BranchPoints />
              <MethodPoint xsi:type="SequencePoint" vc="1" uspid="211" ordinal="0" offset="0" sl="469" sc="9" el="469" ec="10" bec="0" bev="0" fileid="1" />
            </Method>
            <Method visited="true" cyclomaticComplexity="1" nPathComplexity="0" sequenceCoverage="100" branchCoverage="100" isConstructor="false" isStatic="false" isGetter="false" isSetter="false">
              <Summary numSequencePoints="4" visitedSequencePoints="4" numBranchPoints="1" visitedBranchPoints="1" sequenceCoverage="100" branchCoverage="100" maxCyclomaticComplexity="1" minCyclomaticComplexity="1" visitedClasses="0" numClasses="0" visitedMethods="1" numMethods="1" />
              <MetadataToken>100663376</MetadataToken>
              <Name>Xrm.Oss.FluentQuery.IFluentOrderExpression Xrm.Oss.FluentQuery.FluentOrderExpression::Descending()</Name>
              <FileRef uid="1" />
              <SequencePoints>
                <SequencePoint vc="1" uspid="215" ordinal="0" offset="0" sl="476" sc="9" el="476" ec="10" bec="0" bev="0" fileid="1" />
                <SequencePoint vc="1" uspid="216" ordinal="1" offset="1" sl="477" sc="13" el="477" ec="53" bec="0" bev="0" fileid="1" />
                <SequencePoint vc="1" uspid="217" ordinal="2" offset="14" sl="479" sc="13" el="479" ec="25" bec="0" bev="0" fileid="1" />
                <SequencePoint vc="1" uspid="218" ordinal="3" offset="18" sl="480" sc="9" el="480" ec="10" bec="0" bev="0" fileid="1" />
              </SequencePoints>
              <BranchPoints />
              <MethodPoint xsi:type="SequencePoint" vc="1" uspid="215" ordinal="0" offset="0" sl="476" sc="9" el="476" ec="10" bec="0" bev="0" fileid="1" />
            </Method>
            <Method visited="true" cyclomaticComplexity="1" nPathComplexity="0" sequenceCoverage="100" branchCoverage="100" isConstructor="false" isStatic="false" isGetter="false" isSetter="false">
              <Summary numSequencePoints="3" visitedSequencePoints="3" numBranchPoints="1" visitedBranchPoints="1" sequenceCoverage="100" branchCoverage="100" maxCyclomaticComplexity="1" minCyclomaticComplexity="1" visitedClasses="0" numClasses="0" visitedMethods="1" numMethods="1" />
              <MetadataToken>100663377</MetadataToken>
              <Name>Microsoft.Xrm.Sdk.Query.OrderExpression Xrm.Oss.FluentQuery.FluentOrderExpression::GetOrder()</Name>
              <FileRef uid="1" />
              <SequencePoints>
                <SequencePoint vc="5" uspid="219" ordinal="0" offset="0" sl="483" sc="9" el="483" ec="10" bec="0" bev="0" fileid="1" />
                <SequencePoint vc="5" uspid="220" ordinal="1" offset="1" sl="484" sc="13" el="484" ec="27" bec="0" bev="0" fileid="1" />
                <SequencePoint vc="5" uspid="221" ordinal="2" offset="10" sl="485" sc="9" el="485" ec="10" bec="0" bev="0" fileid="1" />
              </SequencePoints>
              <BranchPoints />
              <MethodPoint xsi:type="SequencePoint" vc="5" uspid="219" ordinal="0" offset="0" sl="483" sc="9" el="483" ec="10" bec="0" bev="0" fileid="1" />
            </Method>
          </Methods>
        </Class>
      </Classes>
    </Module>
    <Module skippedDueTo="Filter" hash="8E-AC-5F-74-B4-99-37-90-02-9E-70-3B-A1-DA-82-3F-3D-E3-8C-EF">
      <ModulePath>C:\Users\Florian\Entwicklung\Xrm-Fluent-Query\test\Microsoft.Xrm.Sdk.Workflow.dll</ModulePath>
      <ModuleTime>2016-12-21T12:48:10Z</ModuleTime>
      <ModuleName>Microsoft.Xrm.Sdk.Workflow</ModuleName>
      <Classes />
    </Module>
    <Module skippedDueTo="Filter" hash="59-73-B6-E6-C6-F9-65-0F-29-3D-C6-1D-A0-64-5D-E0-54-48-95-CA">
      <ModulePath>C:\Users\Florian\Entwicklung\Xrm-Fluent-Query\test\Microsoft.Crm.Sdk.Proxy.dll</ModulePath>
      <ModuleTime>2016-12-21T12:48:06Z</ModuleTime>
      <ModuleName>Microsoft.Crm.Sdk.Proxy</ModuleName>
      <Classes />
    </Module>
    <Module skippedDueTo="Filter" hash="4D-DB-60-0F-4E-E8-7F-52-F6-A0-85-62-A6-2C-23-48-26-AB-42-71">
      <ModulePath>C:\Users\Florian\Entwicklung\Xrm-Fluent-Query\test\FakeItEasy.dll</ModulePath>
      <ModuleTime>2015-07-23T15:48:32Z</ModuleTime>
      <ModuleName>FakeItEasy</ModuleName>
      <Classes />
    </Module>
    <Module skippedDueTo="Filter" hash="62-13-DF-BA-4D-76-38-3A-FE-E9-5E-D8-6C-07-CC-1D-A2-DE-73-52">
      <ModulePath>C:\WINDOWS\Microsoft.Net\assembly\GAC_MSIL\System.Configuration\v4.0_4.0.0.0__b03f5f7f11d50a3a\System.Configuration.dll</ModulePath>
      <ModuleTime>2017-09-29T13:43:06.6154445Z</ModuleTime>
      <ModuleName>System.Configuration</ModuleName>
      <Classes />
    </Module>
    <Module skippedDueTo="Filter" hash="B6-A3-82-E5-87-DE-B8-9D-E6-F2-21-7E-99-D0-D0-CA-9B-B6-1F-B3">
      <ModulePath>C:\WINDOWS\Microsoft.Net\assembly\GAC_MSIL\mscorlib.resources\v4.0_4.0.0.0_de_b77a5c561934e089\mscorlib.resources.dll</ModulePath>
      <ModuleTime>2017-09-30T14:34:32.9580479Z</ModuleTime>
      <ModuleName>mscorlib.resources</ModuleName>
      <Classes />
    </Module>
    <Module skippedDueTo="Filter" hash="">
      <ModulePath>RefEmit_InMemoryManifestModule</ModulePath>
      <ModuleTime>0001-01-01T00:00:00</ModuleTime>
      <ModuleName>DynamicProxyGenAssembly2</ModuleName>
      <Classes />
    </Module>
    <Module skippedDueTo="Filter" hash="B0-46-51-4E-82-92-C4-22-9E-8B-83-02-6F-17-A3-F2-D2-B5-DF-27">
      <ModulePath>C:\WINDOWS\Microsoft.Net\assembly\GAC_MSIL\System.ServiceModel\v4.0_4.0.0.0__b77a5c561934e089\System.ServiceModel.dll</ModulePath>
      <ModuleTime>2017-12-22T03:10:38.3572582Z</ModuleTime>
      <ModuleName>System.ServiceModel</ModuleName>
      <Classes />
    </Module>
    <Module skippedDueTo="Filter" hash="">
      <ModulePath>RefEmit_InMemoryManifestModule</ModulePath>
      <ModuleTime>0001-01-01T00:00:00</ModuleTime>
      <ModuleName>Anonymously Hosted DynamicMethods Assembly</ModuleName>
      <Classes />
    </Module>
    <Module skippedDueTo="Filter" hash="43-2E-6A-4E-42-C5-B5-A0-58-83-1D-BD-1D-A2-A9-F8-DD-95-24-D4">
      <ModulePath>C:\WINDOWS\Microsoft.Net\assembly\GAC_MSIL\System.Xml.Linq\v4.0_4.0.0.0__b77a5c561934e089\System.Xml.Linq.dll</ModulePath>
      <ModuleTime>2017-09-29T13:43:08.1155667Z</ModuleTime>
      <ModuleName>System.Xml.Linq</ModuleName>
      <Classes />
    </Module>
    <Module skippedDueTo="Filter" hash="B6-A3-82-E5-87-DE-B8-9D-E6-F2-21-7E-99-D0-D0-CA-9B-B6-1F-B3">
      <ModulePath>C:\WINDOWS\Microsoft.Net\assembly\GAC_MSIL\mscorlib.resources\v4.0_4.0.0.0_de_b77a5c561934e089\mscorlib.resources.dll</ModulePath>
      <ModuleTime>2017-09-30T14:34:32.9580479Z</ModuleTime>
      <ModuleName>mscorlib.resources</ModuleName>
      <Classes />
    </Module>
  </Modules>
</CoverageSession>